{"C:\\Users\\kevin\\Downloads\\falconforge\\src\\constants.ts": {"path":"C:\\Users\\kevin\\Downloads\\falconforge\\src\\constants.ts","statementMap":{"0":{"start":{"line":3,"column":30},"end":{"line":9,"column":null}},"1":{"start":{"line":13,"column":43},"end":{"line":19,"column":null}},"2":{"start":{"line":22,"column":35},"end":{"line":22,"column":null}},"3":{"start":{"line":25,"column":31},"end":{"line":25,"column":null}}},"fnMap":{},"branchMap":{},"s":{"0":1,"1":1,"2":1,"3":1},"f":{},"b":{},"meta":{"lastBranch":0,"lastFunction":0,"lastStatement":4,"seen":{"s:3:30:9:Infinity":0,"s:13:43:19:Infinity":1,"s:22:35:22:Infinity":2,"s:25:31:25:Infinity":3}}}
,"C:\\Users\\kevin\\Downloads\\falconforge\\src\\types.ts": {"path":"C:\\Users\\kevin\\Downloads\\falconforge\\src\\types.ts","statementMap":{"0":{"start":{"line":2,"column":26},"end":{"line":9,"column":null}},"1":{"start":{"line":13,"column":24},"end":{"line":16,"column":null}}},"fnMap":{},"branchMap":{},"s":{"0":1,"1":1},"f":{},"b":{},"meta":{"lastBranch":0,"lastFunction":0,"lastStatement":2,"seen":{"s:2:26:9:Infinity":0,"s:13:24:16:Infinity":1}}}
,"C:\\Users\\kevin\\Downloads\\falconforge\\src\\lib\\offline-db.ts": {"path":"C:\\Users\\kevin\\Downloads\\falconforge\\src\\lib\\offline-db.ts","statementMap":{"0":{"start":{"line":34,"column":8},"end":{"line":34,"column":null}},"1":{"start":{"line":37,"column":8},"end":{"line":46,"column":null}},"2":{"start":{"line":49,"column":8},"end":{"line":58,"column":null}},"3":{"start":{"line":61,"column":8},"end":{"line":64,"column":null}},"4":{"start":{"line":68,"column":18},"end":{"line":68,"column":null}},"5":{"start":{"line":78,"column":32},"end":{"line":89,"column":null}},"6":{"start":{"line":80,"column":20},"end":{"line":80,"column":null}},"7":{"start":{"line":81,"column":8},"end":{"line":81,"column":null}},"8":{"start":{"line":84,"column":8},"end":{"line":84,"column":null}},"9":{"start":{"line":87,"column":8},"end":{"line":87,"column":null}},"10":{"start":{"line":97,"column":4},"end":{"line":97,"column":null}},"11":{"start":{"line":107,"column":4},"end":{"line":115,"column":null}},"12":{"start":{"line":120,"column":4},"end":{"line":120,"column":null}},"13":{"start":{"line":125,"column":4},"end":{"line":125,"column":null}},"14":{"start":{"line":130,"column":4},"end":{"line":130,"column":null}}},"fnMap":{"0":{"name":"(anonymous_0)","decl":{"start":{"line":33,"column":4},"end":{"line":33,"column":18}},"loc":{"start":{"line":33,"column":18},"end":{"line":65,"column":null}},"line":33},"1":{"name":"(anonymous_1)","decl":{"start":{"line":79,"column":13},"end":{"line":79,"column":20}},"loc":{"start":{"line":79,"column":61},"end":{"line":82,"column":null}},"line":79},"2":{"name":"(anonymous_2)","decl":{"start":{"line":83,"column":13},"end":{"line":83,"column":20}},"loc":{"start":{"line":83,"column":67},"end":{"line":85,"column":null}},"line":83},"3":{"name":"(anonymous_3)","decl":{"start":{"line":86,"column":16},"end":{"line":86,"column":23}},"loc":{"start":{"line":86,"column":55},"end":{"line":88,"column":null}},"line":86},"4":{"name":"generateId","decl":{"start":{"line":96,"column":16},"end":{"line":96,"column":37}},"loc":{"start":{"line":96,"column":37},"end":{"line":98,"column":null}},"line":96},"5":{"name":"queueForSync","decl":{"start":{"line":101,"column":22},"end":{"line":101,"column":null}},"loc":{"start":{"line":106,"column":2},"end":{"line":116,"column":null}},"line":106},"6":{"name":"getPendingSyncCount","decl":{"start":{"line":119,"column":22},"end":{"line":119,"column":61}},"loc":{"start":{"line":119,"column":61},"end":{"line":121,"column":null}},"line":119},"7":{"name":"clearLocalDatabase","decl":{"start":{"line":124,"column":22},"end":{"line":124,"column":43}},"loc":{"start":{"line":124,"column":43},"end":{"line":126,"column":null}},"line":124},"8":{"name":"clearAppState","decl":{"start":{"line":129,"column":22},"end":{"line":129,"column":38}},"loc":{"start":{"line":129,"column":38},"end":{"line":131,"column":null}},"line":129}},"branchMap":{"0":{"loc":{"start":{"line":81,"column":15},"end":{"line":81,"column":null}},"type":"binary-expr","locations":[{"start":{"line":81,"column":15},"end":{"line":81,"column":29}},{"start":{"line":81,"column":29},"end":{"line":81,"column":null}}],"line":81}},"s":{"0":1,"1":1,"2":1,"3":1,"4":1,"5":1,"6":1,"7":1,"8":32,"9":0,"10":7,"11":7,"12":11,"13":0,"14":0},"f":{"0":1,"1":1,"2":32,"3":0,"4":7,"5":7,"6":11,"7":0,"8":0},"b":{"0":[1,1]},"meta":{"lastBranch":1,"lastFunction":9,"lastStatement":15,"seen":{"f:33:4:33:18":0,"s:34:8:34:Infinity":0,"s:37:8:46:Infinity":1,"s:49:8:58:Infinity":2,"s:61:8:64:Infinity":3,"s:68:18:68:Infinity":4,"s:78:32:89:Infinity":5,"f:79:13:79:20":1,"s:80:20:80:Infinity":6,"s:81:8:81:Infinity":7,"b:81:15:81:29:81:29:81:Infinity":0,"f:83:13:83:20":2,"s:84:8:84:Infinity":8,"f:86:16:86:23":3,"s:87:8:87:Infinity":9,"f:96:16:96:37":4,"s:97:4:97:Infinity":10,"f:101:22:101:Infinity":5,"s:107:4:115:Infinity":11,"f:119:22:119:61":6,"s:120:4:120:Infinity":12,"f:124:22:124:43":7,"s:125:4:125:Infinity":13,"f:129:22:129:38":8,"s:130:4:130:Infinity":14}}}
,"C:\\Users\\kevin\\Downloads\\falconforge\\src\\lib\\store.ts": {"path":"C:\\Users\\kevin\\Downloads\\falconforge\\src\\lib\\store.ts","statementMap":{"0":{"start":{"line":92,"column":31},"end":{"line":97,"column":null}},"1":{"start":{"line":100,"column":49},"end":{"line":109,"column":null}},"2":{"start":{"line":174,"column":13},"end":{"line":678,"column":null}},"3":{"start":{"line":176,"column":23},"end":{"line":649,"column":null}},"4":{"start":{"line":196,"column":16},"end":{"line":196,"column":null}},"5":{"start":{"line":197,"column":16},"end":{"line":201,"column":null}},"6":{"start":{"line":198,"column":20},"end":{"line":198,"column":null}},"7":{"start":{"line":200,"column":20},"end":{"line":200,"column":null}},"8":{"start":{"line":204,"column":38},"end":{"line":204,"column":null}},"9":{"start":{"line":207,"column":40},"end":{"line":207,"column":null}},"10":{"start":{"line":208,"column":42},"end":{"line":208,"column":null}},"11":{"start":{"line":209,"column":33},"end":{"line":209,"column":null}},"12":{"start":{"line":210,"column":41},"end":{"line":210,"column":null}},"13":{"start":{"line":213,"column":41},"end":{"line":213,"column":null}},"14":{"start":{"line":217,"column":16},"end":{"line":217,"column":null}},"15":{"start":{"line":217,"column":73},"end":{"line":217,"column":null}},"16":{"start":{"line":219,"column":16},"end":{"line":219,"column":null}},"17":{"start":{"line":221,"column":16},"end":{"line":423,"column":null}},"18":{"start":{"line":223,"column":20},"end":{"line":250,"column":null}},"19":{"start":{"line":224,"column":71},"end":{"line":228,"column":null}},"20":{"start":{"line":230,"column":24},"end":{"line":247,"column":null}},"21":{"start":{"line":231,"column":28},"end":{"line":244,"column":null}},"22":{"start":{"line":232,"column":70},"end":{"line":243,"column":34}},"23":{"start":{"line":245,"column":24},"end":{"line":247,"column":null}},"24":{"start":{"line":246,"column":28},"end":{"line":246,"column":null}},"25":{"start":{"line":249,"column":24},"end":{"line":249,"column":null}},"26":{"start":{"line":253,"column":20},"end":{"line":273,"column":null}},"27":{"start":{"line":254,"column":73},"end":{"line":257,"column":null}},"28":{"start":{"line":259,"column":24},"end":{"line":270,"column":null}},"29":{"start":{"line":260,"column":28},"end":{"line":267,"column":null}},"30":{"start":{"line":261,"column":69},"end":{"line":266,"column":34}},"31":{"start":{"line":268,"column":24},"end":{"line":270,"column":null}},"32":{"start":{"line":269,"column":28},"end":{"line":269,"column":null}},"33":{"start":{"line":272,"column":24},"end":{"line":272,"column":null}},"34":{"start":{"line":276,"column":20},"end":{"line":297,"column":null}},"35":{"start":{"line":277,"column":71},"end":{"line":280,"column":null}},"36":{"start":{"line":282,"column":24},"end":{"line":294,"column":null}},"37":{"start":{"line":283,"column":28},"end":{"line":291,"column":null}},"38":{"start":{"line":284,"column":66},"end":{"line":290,"column":34}},"39":{"start":{"line":292,"column":24},"end":{"line":294,"column":null}},"40":{"start":{"line":293,"column":28},"end":{"line":293,"column":null}},"41":{"start":{"line":296,"column":24},"end":{"line":296,"column":null}},"42":{"start":{"line":300,"column":20},"end":{"line":330,"column":null}},"43":{"start":{"line":301,"column":67},"end":{"line":304,"column":null}},"44":{"start":{"line":306,"column":24},"end":{"line":327,"column":null}},"45":{"start":{"line":307,"column":28},"end":{"line":323,"column":null}},"46":{"start":{"line":308,"column":62},"end":{"line":322,"column":34}},"47":{"start":{"line":324,"column":24},"end":{"line":327,"column":null}},"48":{"start":{"line":326,"column":28},"end":{"line":326,"column":null}},"49":{"start":{"line":329,"column":24},"end":{"line":329,"column":null}},"50":{"start":{"line":333,"column":20},"end":{"line":367,"column":null}},"51":{"start":{"line":334,"column":71},"end":{"line":337,"column":null}},"52":{"start":{"line":339,"column":24},"end":{"line":364,"column":null}},"53":{"start":{"line":340,"column":28},"end":{"line":361,"column":null}},"54":{"start":{"line":341,"column":74},"end":{"line":360,"column":34}},"55":{"start":{"line":362,"column":24},"end":{"line":364,"column":null}},"56":{"start":{"line":363,"column":28},"end":{"line":363,"column":null}},"57":{"start":{"line":366,"column":24},"end":{"line":366,"column":null}},"58":{"start":{"line":370,"column":20},"end":{"line":395,"column":null}},"59":{"start":{"line":371,"column":67},"end":{"line":374,"column":null}},"60":{"start":{"line":376,"column":24},"end":{"line":392,"column":null}},"61":{"start":{"line":377,"column":28},"end":{"line":389,"column":null}},"62":{"start":{"line":378,"column":67},"end":{"line":388,"column":34}},"63":{"start":{"line":390,"column":24},"end":{"line":392,"column":null}},"64":{"start":{"line":391,"column":28},"end":{"line":391,"column":null}},"65":{"start":{"line":394,"column":24},"end":{"line":394,"column":null}},"66":{"start":{"line":398,"column":20},"end":{"line":415,"column":null}},"67":{"start":{"line":399,"column":76},"end":{"line":403,"column":null}},"68":{"start":{"line":405,"column":24},"end":{"line":412,"column":null}},"69":{"start":{"line":406,"column":43},"end":{"line":406,"column":null}},"70":{"start":{"line":407,"column":28},"end":{"line":409,"column":null}},"71":{"start":{"line":408,"column":32},"end":{"line":408,"column":null}},"72":{"start":{"line":410,"column":24},"end":{"line":412,"column":null}},"73":{"start":{"line":411,"column":28},"end":{"line":411,"column":null}},"74":{"start":{"line":414,"column":24},"end":{"line":414,"column":null}},"75":{"start":{"line":420,"column":20},"end":{"line":420,"column":null}},"76":{"start":{"line":422,"column":20},"end":{"line":422,"column":null}},"77":{"start":{"line":432,"column":30},"end":{"line":432,"column":null}},"78":{"start":{"line":433,"column":47},"end":{"line":439,"column":null}},"79":{"start":{"line":440,"column":16},"end":{"line":442,"column":null}},"80":{"start":{"line":440,"column":28},"end":{"line":442,"column":18}},"81":{"start":{"line":443,"column":16},"end":{"line":446,"column":null}},"82":{"start":{"line":450,"column":16},"end":{"line":452,"column":null}},"83":{"start":{"line":450,"column":32},"end":{"line":452,"column":18}},"84":{"start":{"line":451,"column":73},"end":{"line":451,"column":84}},"85":{"start":{"line":453,"column":16},"end":{"line":453,"column":null}},"86":{"start":{"line":456,"column":53},"end":{"line":456,"column":null}},"87":{"start":{"line":460,"column":30},"end":{"line":460,"column":null}},"88":{"start":{"line":461,"column":37},"end":{"line":463,"column":null}},"89":{"start":{"line":462,"column":20},"end":{"line":462,"column":null}},"90":{"start":{"line":464,"column":16},"end":{"line":464,"column":null}},"91":{"start":{"line":466,"column":16},"end":{"line":470,"column":null}},"92":{"start":{"line":474,"column":16},"end":{"line":476,"column":null}},"93":{"start":{"line":474,"column":32},"end":{"line":476,"column":18}},"94":{"start":{"line":475,"column":62},"end":{"line":475,"column":90}},"95":{"start":{"line":478,"column":30},"end":{"line":478,"column":null}},"96":{"start":{"line":479,"column":16},"end":{"line":483,"column":null}},"97":{"start":{"line":480,"column":58},"end":{"line":480,"column":86}},"98":{"start":{"line":487,"column":30},"end":{"line":487,"column":null}},"99":{"start":{"line":488,"column":44},"end":{"line":493,"column":null}},"100":{"start":{"line":494,"column":37},"end":{"line":494,"column":null}},"101":{"start":{"line":495,"column":16},"end":{"line":495,"column":null}},"102":{"start":{"line":497,"column":16},"end":{"line":501,"column":null}},"103":{"start":{"line":505,"column":30},"end":{"line":505,"column":null}},"104":{"start":{"line":506,"column":37},"end":{"line":506,"column":null}},"105":{"start":{"line":506,"column":70},"end":{"line":506,"column":84}},"106":{"start":{"line":507,"column":16},"end":{"line":507,"column":null}},"107":{"start":{"line":509,"column":16},"end":{"line":513,"column":null}},"108":{"start":{"line":517,"column":30},"end":{"line":517,"column":null}},"109":{"start":{"line":518,"column":37},"end":{"line":520,"column":null}},"110":{"start":{"line":519,"column":20},"end":{"line":519,"column":null}},"111":{"start":{"line":521,"column":16},"end":{"line":521,"column":null}},"112":{"start":{"line":523,"column":16},"end":{"line":527,"column":null}},"113":{"start":{"line":531,"column":30},"end":{"line":531,"column":null}},"114":{"start":{"line":532,"column":30},"end":{"line":532,"column":null}},"115":{"start":{"line":532,"column":64},"end":{"line":532,"column":78}},"116":{"start":{"line":533,"column":16},"end":{"line":533,"column":null}},"117":{"start":{"line":533,"column":34},"end":{"line":533,"column":null}},"118":{"start":{"line":534,"column":16},"end":{"line":534,"column":null}},"119":{"start":{"line":534,"column":55},"end":{"line":534,"column":null}},"120":{"start":{"line":535,"column":16},"end":{"line":535,"column":null}},"121":{"start":{"line":535,"column":82},"end":{"line":535,"column":null}},"122":{"start":{"line":537,"column":37},"end":{"line":537,"column":null}},"123":{"start":{"line":538,"column":36},"end":{"line":538,"column":null}},"124":{"start":{"line":539,"column":16},"end":{"line":539,"column":null}},"125":{"start":{"line":541,"column":16},"end":{"line":541,"column":null}},"126":{"start":{"line":543,"column":16},"end":{"line":547,"column":null}},"127":{"start":{"line":550,"column":41},"end":{"line":550,"column":null}},"128":{"start":{"line":554,"column":30},"end":{"line":554,"column":null}},"129":{"start":{"line":555,"column":40},"end":{"line":560,"column":null}},"130":{"start":{"line":561,"column":16},"end":{"line":561,"column":null}},"131":{"start":{"line":561,"column":28},"end":{"line":561,"column":68}},"132":{"start":{"line":562,"column":16},"end":{"line":565,"column":null}},"133":{"start":{"line":569,"column":16},"end":{"line":571,"column":null}},"134":{"start":{"line":569,"column":32},"end":{"line":571,"column":18}},"135":{"start":{"line":570,"column":63},"end":{"line":570,"column":74}},"136":{"start":{"line":572,"column":16},"end":{"line":572,"column":null}},"137":{"start":{"line":576,"column":16},"end":{"line":580,"column":null}},"138":{"start":{"line":576,"column":32},"end":{"line":580,"column":18}},"139":{"start":{"line":578,"column":24},"end":{"line":578,"column":null}},"140":{"start":{"line":581,"column":29},"end":{"line":581,"column":null}},"141":{"start":{"line":581,"column":56},"end":{"line":581,"column":67}},"142":{"start":{"line":582,"column":16},"end":{"line":588,"column":null}},"143":{"start":{"line":583,"column":20},"end":{"line":587,"column":null}},"144":{"start":{"line":591,"column":43},"end":{"line":591,"column":null}},"145":{"start":{"line":595,"column":46},"end":{"line":601,"column":null}},"146":{"start":{"line":602,"column":16},"end":{"line":602,"column":null}},"147":{"start":{"line":602,"column":32},"end":{"line":602,"column":89}},"148":{"start":{"line":606,"column":16},"end":{"line":608,"column":null}},"149":{"start":{"line":606,"column":32},"end":{"line":608,"column":18}},"150":{"start":{"line":607,"column":75},"end":{"line":607,"column":86}},"151":{"start":{"line":616,"column":16},"end":{"line":627,"column":null}},"152":{"start":{"line":617,"column":35},"end":{"line":617,"column":null}},"153":{"start":{"line":618,"column":20},"end":{"line":626,"column":null}},"154":{"start":{"line":619,"column":24},"end":{"line":625,"column":null}},"155":{"start":{"line":620,"column":28},"end":{"line":620,"column":null}},"156":{"start":{"line":621,"column":28},"end":{"line":621,"column":null}},"157":{"start":{"line":622,"column":28},"end":{"line":622,"column":null}},"158":{"start":{"line":624,"column":28},"end":{"line":624,"column":null}},"159":{"start":{"line":631,"column":16},"end":{"line":647,"column":null}},"160":{"start":{"line":652,"column":45},"end":{"line":652,"column":61}},"161":{"start":{"line":653,"column":36},"end":{"line":667,"column":null}},"162":{"start":{"line":668,"column":38},"end":{"line":675,"column":null}},"163":{"start":{"line":670,"column":16},"end":{"line":674,"column":null}},"164":{"start":{"line":671,"column":20},"end":{"line":671,"column":null}},"165":{"start":{"line":673,"column":20},"end":{"line":673,"column":null}},"166":{"start":{"line":683,"column":0},"end":{"line":685,"column":null}},"167":{"start":{"line":684,"column":4},"end":{"line":684,"column":null}}},"fnMap":{"0":{"name":"(anonymous_0)","decl":{"start":{"line":176,"column":8},"end":{"line":176,"column":9}},"loc":{"start":{"line":176,"column":23},"end":{"line":649,"column":null}},"line":176},"1":{"name":"(anonymous_1)","decl":{"start":{"line":195,"column":22},"end":{"line":195,"column":23}},"loc":{"start":{"line":195,"column":33},"end":{"line":202,"column":null}},"line":195},"2":{"name":"(anonymous_2)","decl":{"start":{"line":204,"column":29},"end":{"line":204,"column":30}},"loc":{"start":{"line":204,"column":38},"end":{"line":204,"column":null}},"line":204},"3":{"name":"(anonymous_3)","decl":{"start":{"line":207,"column":28},"end":{"line":207,"column":29}},"loc":{"start":{"line":207,"column":40},"end":{"line":207,"column":null}},"line":207},"4":{"name":"(anonymous_4)","decl":{"start":{"line":208,"column":30},"end":{"line":208,"column":31}},"loc":{"start":{"line":208,"column":42},"end":{"line":208,"column":null}},"line":208},"5":{"name":"(anonymous_5)","decl":{"start":{"line":209,"column":22},"end":{"line":209,"column":23}},"loc":{"start":{"line":209,"column":33},"end":{"line":209,"column":null}},"line":209},"6":{"name":"(anonymous_6)","decl":{"start":{"line":210,"column":28},"end":{"line":210,"column":29}},"loc":{"start":{"line":210,"column":41},"end":{"line":210,"column":null}},"line":210},"7":{"name":"(anonymous_7)","decl":{"start":{"line":213,"column":26},"end":{"line":213,"column":27}},"loc":{"start":{"line":213,"column":41},"end":{"line":213,"column":null}},"line":213},"8":{"name":"(anonymous_8)","decl":{"start":{"line":215,"column":27},"end":{"line":215,"column":34}},"loc":{"start":{"line":215,"column":45},"end":{"line":424,"column":null}},"line":215},"9":{"name":"(anonymous_9)","decl":{"start":{"line":232,"column":57},"end":{"line":232,"column":58}},"loc":{"start":{"line":232,"column":70},"end":{"line":243,"column":34}},"line":232},"10":{"name":"(anonymous_10)","decl":{"start":{"line":261,"column":55},"end":{"line":261,"column":56}},"loc":{"start":{"line":261,"column":69},"end":{"line":266,"column":34}},"line":261},"11":{"name":"(anonymous_11)","decl":{"start":{"line":284,"column":53},"end":{"line":284,"column":54}},"loc":{"start":{"line":284,"column":66},"end":{"line":290,"column":34}},"line":284},"12":{"name":"(anonymous_12)","decl":{"start":{"line":308,"column":49},"end":{"line":308,"column":50}},"loc":{"start":{"line":308,"column":62},"end":{"line":322,"column":34}},"line":308},"13":{"name":"(anonymous_13)","decl":{"start":{"line":341,"column":61},"end":{"line":341,"column":62}},"loc":{"start":{"line":341,"column":74},"end":{"line":360,"column":34}},"line":341},"14":{"name":"(anonymous_14)","decl":{"start":{"line":378,"column":54},"end":{"line":378,"column":55}},"loc":{"start":{"line":378,"column":67},"end":{"line":388,"column":34}},"line":378},"15":{"name":"(anonymous_15)","decl":{"start":{"line":431,"column":31},"end":{"line":431,"column":32}},"loc":{"start":{"line":431,"column":47},"end":{"line":447,"column":null}},"line":431},"16":{"name":"(anonymous_16)","decl":{"start":{"line":440,"column":20},"end":{"line":440,"column":21}},"loc":{"start":{"line":440,"column":28},"end":{"line":442,"column":18}},"line":440},"17":{"name":"(anonymous_17)","decl":{"start":{"line":449,"column":34},"end":{"line":449,"column":35}},"loc":{"start":{"line":449,"column":42},"end":{"line":454,"column":null}},"line":449},"18":{"name":"(anonymous_18)","decl":{"start":{"line":450,"column":20},"end":{"line":450,"column":21}},"loc":{"start":{"line":450,"column":32},"end":{"line":452,"column":18}},"line":450},"19":{"name":"(anonymous_19)","decl":{"start":{"line":451,"column":66},"end":{"line":451,"column":67}},"loc":{"start":{"line":451,"column":73},"end":{"line":451,"column":84}},"line":451},"20":{"name":"(anonymous_20)","decl":{"start":{"line":456,"column":32},"end":{"line":456,"column":33}},"loc":{"start":{"line":456,"column":53},"end":{"line":456,"column":null}},"line":456},"21":{"name":"(anonymous_21)","decl":{"start":{"line":459,"column":33},"end":{"line":459,"column":34}},"loc":{"start":{"line":459,"column":41},"end":{"line":471,"column":null}},"line":459},"22":{"name":"(anonymous_22)","decl":{"start":{"line":461,"column":57},"end":{"line":461,"column":58}},"loc":{"start":{"line":462,"column":20},"end":{"line":462,"column":null}},"line":462},"23":{"name":"(anonymous_23)","decl":{"start":{"line":473,"column":28},"end":{"line":473,"column":34}},"loc":{"start":{"line":473,"column":34},"end":{"line":484,"column":null}},"line":473},"24":{"name":"(anonymous_24)","decl":{"start":{"line":474,"column":20},"end":{"line":474,"column":21}},"loc":{"start":{"line":474,"column":32},"end":{"line":476,"column":18}},"line":474},"25":{"name":"(anonymous_25)","decl":{"start":{"line":475,"column":51},"end":{"line":475,"column":52}},"loc":{"start":{"line":475,"column":62},"end":{"line":475,"column":90}},"line":475},"26":{"name":"(anonymous_26)","decl":{"start":{"line":480,"column":47},"end":{"line":480,"column":48}},"loc":{"start":{"line":480,"column":58},"end":{"line":480,"column":86}},"line":480},"27":{"name":"(anonymous_27)","decl":{"start":{"line":486,"column":30},"end":{"line":486,"column":31}},"loc":{"start":{"line":486,"column":40},"end":{"line":502,"column":null}},"line":486},"28":{"name":"(anonymous_28)","decl":{"start":{"line":504,"column":33},"end":{"line":504,"column":34}},"loc":{"start":{"line":504,"column":41},"end":{"line":514,"column":null}},"line":504},"29":{"name":"(anonymous_29)","decl":{"start":{"line":506,"column":60},"end":{"line":506,"column":61}},"loc":{"start":{"line":506,"column":70},"end":{"line":506,"column":84}},"line":506},"30":{"name":"(anonymous_30)","decl":{"start":{"line":516,"column":39},"end":{"line":516,"column":40}},"loc":{"start":{"line":516,"column":59},"end":{"line":528,"column":null}},"line":516},"31":{"name":"(anonymous_31)","decl":{"start":{"line":518,"column":57},"end":{"line":518,"column":58}},"loc":{"start":{"line":519,"column":20},"end":{"line":519,"column":null}},"line":519},"32":{"name":"(anonymous_32)","decl":{"start":{"line":530,"column":31},"end":{"line":530,"column":32}},"loc":{"start":{"line":530,"column":50},"end":{"line":548,"column":null}},"line":530},"33":{"name":"(anonymous_33)","decl":{"start":{"line":532,"column":56},"end":{"line":532,"column":64}},"loc":{"start":{"line":532,"column":64},"end":{"line":532,"column":78}},"line":532},"34":{"name":"(anonymous_34)","decl":{"start":{"line":550,"column":26},"end":{"line":550,"column":27}},"loc":{"start":{"line":550,"column":41},"end":{"line":550,"column":null}},"line":550},"35":{"name":"(anonymous_35)","decl":{"start":{"line":553,"column":26},"end":{"line":553,"column":27}},"loc":{"start":{"line":553,"column":40},"end":{"line":566,"column":null}},"line":553},"36":{"name":"(anonymous_36)","decl":{"start":{"line":561,"column":20},"end":{"line":561,"column":21}},"loc":{"start":{"line":561,"column":28},"end":{"line":561,"column":68}},"line":561},"37":{"name":"(anonymous_37)","decl":{"start":{"line":568,"column":29},"end":{"line":568,"column":30}},"loc":{"start":{"line":568,"column":37},"end":{"line":573,"column":null}},"line":568},"38":{"name":"(anonymous_38)","decl":{"start":{"line":569,"column":20},"end":{"line":569,"column":21}},"loc":{"start":{"line":569,"column":32},"end":{"line":571,"column":18}},"line":569},"39":{"name":"(anonymous_39)","decl":{"start":{"line":570,"column":56},"end":{"line":570,"column":57}},"loc":{"start":{"line":570,"column":63},"end":{"line":570,"column":74}},"line":570},"40":{"name":"(anonymous_40)","decl":{"start":{"line":575,"column":29},"end":{"line":575,"column":30}},"loc":{"start":{"line":575,"column":46},"end":{"line":589,"column":null}},"line":575},"41":{"name":"(anonymous_41)","decl":{"start":{"line":576,"column":20},"end":{"line":576,"column":21}},"loc":{"start":{"line":576,"column":32},"end":{"line":580,"column":18}},"line":576},"42":{"name":"(anonymous_42)","decl":{"start":{"line":577,"column":53},"end":{"line":577,"column":54}},"loc":{"start":{"line":578,"column":24},"end":{"line":578,"column":null}},"line":578},"43":{"name":"(anonymous_43)","decl":{"start":{"line":581,"column":51},"end":{"line":581,"column":56}},"loc":{"start":{"line":581,"column":56},"end":{"line":581,"column":67}},"line":581},"44":{"name":"(anonymous_44)","decl":{"start":{"line":591,"column":27},"end":{"line":591,"column":28}},"loc":{"start":{"line":591,"column":43},"end":{"line":591,"column":null}},"line":591},"45":{"name":"(anonymous_45)","decl":{"start":{"line":594,"column":31},"end":{"line":594,"column":32}},"loc":{"start":{"line":594,"column":55},"end":{"line":603,"column":null}},"line":594},"46":{"name":"(anonymous_46)","decl":{"start":{"line":602,"column":20},"end":{"line":602,"column":21}},"loc":{"start":{"line":602,"column":32},"end":{"line":602,"column":89}},"line":602},"47":{"name":"(anonymous_47)","decl":{"start":{"line":605,"column":34},"end":{"line":605,"column":35}},"loc":{"start":{"line":605,"column":42},"end":{"line":609,"column":null}},"line":605},"48":{"name":"(anonymous_48)","decl":{"start":{"line":606,"column":20},"end":{"line":606,"column":21}},"loc":{"start":{"line":606,"column":32},"end":{"line":608,"column":18}},"line":606},"49":{"name":"(anonymous_49)","decl":{"start":{"line":607,"column":68},"end":{"line":607,"column":69}},"loc":{"start":{"line":607,"column":75},"end":{"line":607,"column":86}},"line":607},"50":{"name":"(anonymous_50)","decl":{"start":{"line":614,"column":29},"end":{"line":614,"column":41}},"loc":{"start":{"line":614,"column":41},"end":{"line":628,"column":null}},"line":614},"51":{"name":"(anonymous_51)","decl":{"start":{"line":630,"column":29},"end":{"line":630,"column":35}},"loc":{"start":{"line":630,"column":35},"end":{"line":648,"column":null}},"line":630},"52":{"name":"(anonymous_52)","decl":{"start":{"line":652,"column":39},"end":{"line":652,"column":45}},"loc":{"start":{"line":652,"column":45},"end":{"line":652,"column":61}},"line":652},"53":{"name":"(anonymous_53)","decl":{"start":{"line":653,"column":24},"end":{"line":653,"column":25}},"loc":{"start":{"line":653,"column":36},"end":{"line":667,"column":null}},"line":653},"54":{"name":"(anonymous_54)","decl":{"start":{"line":668,"column":32},"end":{"line":668,"column":38}},"loc":{"start":{"line":668,"column":38},"end":{"line":675,"column":null}},"line":668},"55":{"name":"(anonymous_55)","decl":{"start":{"line":668,"column":38},"end":{"line":668,"column":39}},"loc":{"start":{"line":668,"column":49},"end":{"line":675,"column":null}},"line":668}},"branchMap":{"0":{"loc":{"start":{"line":197,"column":16},"end":{"line":201,"column":null}},"type":"if","locations":[{"start":{"line":197,"column":16},"end":{"line":201,"column":null}},{"start":{"line":199,"column":23},"end":{"line":201,"column":null}}],"line":197},"1":{"loc":{"start":{"line":217,"column":16},"end":{"line":217,"column":null}},"type":"if","locations":[{"start":{"line":217,"column":16},"end":{"line":217,"column":null}},{"start":{},"end":{}}],"line":217},"2":{"loc":{"start":{"line":217,"column":20},"end":{"line":217,"column":73}},"type":"binary-expr","locations":[{"start":{"line":217,"column":20},"end":{"line":217,"column":31}},{"start":{"line":217,"column":31},"end":{"line":217,"column":58}},{"start":{"line":217,"column":58},"end":{"line":217,"column":73}}],"line":217},"3":{"loc":{"start":{"line":230,"column":24},"end":{"line":247,"column":null}},"type":"if","locations":[{"start":{"line":230,"column":24},"end":{"line":247,"column":null}},{"start":{"line":245,"column":24},"end":{"line":247,"column":null}}],"line":230},"4":{"loc":{"start":{"line":230,"column":28},"end":{"line":230,"column":54}},"type":"binary-expr","locations":[{"start":{"line":230,"column":28},"end":{"line":230,"column":45}},{"start":{"line":230,"column":45},"end":{"line":230,"column":54}}],"line":230},"5":{"loc":{"start":{"line":245,"column":24},"end":{"line":247,"column":null}},"type":"if","locations":[{"start":{"line":245,"column":24},"end":{"line":247,"column":null}},{"start":{},"end":{}}],"line":245},"6":{"loc":{"start":{"line":259,"column":24},"end":{"line":270,"column":null}},"type":"if","locations":[{"start":{"line":259,"column":24},"end":{"line":270,"column":null}},{"start":{"line":268,"column":24},"end":{"line":270,"column":null}}],"line":259},"7":{"loc":{"start":{"line":259,"column":28},"end":{"line":259,"column":56}},"type":"binary-expr","locations":[{"start":{"line":259,"column":28},"end":{"line":259,"column":46}},{"start":{"line":259,"column":46},"end":{"line":259,"column":56}}],"line":259},"8":{"loc":{"start":{"line":264,"column":47},"end":{"line":264,"column":null}},"type":"binary-expr","locations":[{"start":{"line":264,"column":47},"end":{"line":264,"column":64}},{"start":{"line":264,"column":64},"end":{"line":264,"column":null}}],"line":264},"9":{"loc":{"start":{"line":268,"column":24},"end":{"line":270,"column":null}},"type":"if","locations":[{"start":{"line":268,"column":24},"end":{"line":270,"column":null}},{"start":{},"end":{}}],"line":268},"10":{"loc":{"start":{"line":282,"column":24},"end":{"line":294,"column":null}},"type":"if","locations":[{"start":{"line":282,"column":24},"end":{"line":294,"column":null}},{"start":{"line":292,"column":24},"end":{"line":294,"column":null}}],"line":282},"11":{"loc":{"start":{"line":282,"column":28},"end":{"line":282,"column":76}},"type":"binary-expr","locations":[{"start":{"line":282,"column":28},"end":{"line":282,"column":45}},{"start":{"line":282,"column":45},"end":{"line":282,"column":56}},{"start":{"line":282,"column":56},"end":{"line":282,"column":76}}],"line":282},"12":{"loc":{"start":{"line":287,"column":52},"end":{"line":287,"column":null}},"type":"binary-expr","locations":[{"start":{"line":287,"column":52},"end":{"line":287,"column":74}},{"start":{"line":287,"column":74},"end":{"line":287,"column":null}}],"line":287},"13":{"loc":{"start":{"line":292,"column":24},"end":{"line":294,"column":null}},"type":"if","locations":[{"start":{"line":292,"column":24},"end":{"line":294,"column":null}},{"start":{},"end":{}}],"line":292},"14":{"loc":{"start":{"line":306,"column":24},"end":{"line":327,"column":null}},"type":"if","locations":[{"start":{"line":306,"column":24},"end":{"line":327,"column":null}},{"start":{"line":324,"column":24},"end":{"line":327,"column":null}}],"line":306},"15":{"loc":{"start":{"line":306,"column":28},"end":{"line":306,"column":50}},"type":"binary-expr","locations":[{"start":{"line":306,"column":28},"end":{"line":306,"column":43}},{"start":{"line":306,"column":43},"end":{"line":306,"column":50}}],"line":306},"16":{"loc":{"start":{"line":311,"column":49},"end":{"line":311,"column":null}},"type":"binary-expr","locations":[{"start":{"line":311,"column":49},"end":{"line":311,"column":66}},{"start":{"line":311,"column":66},"end":{"line":311,"column":null}}],"line":311},"17":{"loc":{"start":{"line":314,"column":48},"end":{"line":314,"column":null}},"type":"binary-expr","locations":[{"start":{"line":314,"column":48},"end":{"line":314,"column":65}},{"start":{"line":314,"column":65},"end":{"line":314,"column":null}}],"line":314},"18":{"loc":{"start":{"line":315,"column":48},"end":{"line":315,"column":null}},"type":"binary-expr","locations":[{"start":{"line":315,"column":48},"end":{"line":315,"column":65}},{"start":{"line":315,"column":65},"end":{"line":315,"column":null}}],"line":315},"19":{"loc":{"start":{"line":316,"column":42},"end":{"line":316,"column":null}},"type":"binary-expr","locations":[{"start":{"line":316,"column":42},"end":{"line":316,"column":52}},{"start":{"line":316,"column":52},"end":{"line":316,"column":null}}],"line":316},"20":{"loc":{"start":{"line":317,"column":48},"end":{"line":317,"column":null}},"type":"binary-expr","locations":[{"start":{"line":317,"column":48},"end":{"line":317,"column":71}},{"start":{"line":317,"column":71},"end":{"line":317,"column":null}}],"line":317},"21":{"loc":{"start":{"line":318,"column":47},"end":{"line":318,"column":null}},"type":"binary-expr","locations":[{"start":{"line":318,"column":47},"end":{"line":318,"column":69}},{"start":{"line":318,"column":69},"end":{"line":318,"column":null}}],"line":318},"22":{"loc":{"start":{"line":320,"column":45},"end":{"line":320,"column":null}},"type":"cond-expr","locations":[{"start":{"line":320,"column":58},"end":{"line":320,"column":91}},{"start":{"line":320,"column":91},"end":{"line":320,"column":null}}],"line":320},"23":{"loc":{"start":{"line":324,"column":24},"end":{"line":327,"column":null}},"type":"if","locations":[{"start":{"line":324,"column":24},"end":{"line":327,"column":null}},{"start":{},"end":{}}],"line":324},"24":{"loc":{"start":{"line":339,"column":24},"end":{"line":364,"column":null}},"type":"if","locations":[{"start":{"line":339,"column":24},"end":{"line":364,"column":null}},{"start":{"line":362,"column":24},"end":{"line":364,"column":null}}],"line":339},"25":{"loc":{"start":{"line":339,"column":28},"end":{"line":339,"column":54}},"type":"binary-expr","locations":[{"start":{"line":339,"column":28},"end":{"line":339,"column":45}},{"start":{"line":339,"column":45},"end":{"line":339,"column":54}}],"line":339},"26":{"loc":{"start":{"line":345,"column":47},"end":{"line":345,"column":null}},"type":"binary-expr","locations":[{"start":{"line":345,"column":47},"end":{"line":345,"column":63}},{"start":{"line":345,"column":63},"end":{"line":345,"column":null}}],"line":345},"27":{"loc":{"start":{"line":347,"column":51},"end":{"line":347,"column":null}},"type":"binary-expr","locations":[{"start":{"line":347,"column":51},"end":{"line":347,"column":76}},{"start":{"line":347,"column":76},"end":{"line":347,"column":null}}],"line":347},"28":{"loc":{"start":{"line":348,"column":47},"end":{"line":348,"column":null}},"type":"binary-expr","locations":[{"start":{"line":348,"column":47},"end":{"line":348,"column":68}},{"start":{"line":348,"column":68},"end":{"line":348,"column":null}}],"line":348},"29":{"loc":{"start":{"line":349,"column":48},"end":{"line":349,"column":null}},"type":"binary-expr","locations":[{"start":{"line":349,"column":48},"end":{"line":349,"column":70}},{"start":{"line":349,"column":70},"end":{"line":349,"column":null}}],"line":349},"30":{"loc":{"start":{"line":350,"column":45},"end":{"line":350,"column":null}},"type":"binary-expr","locations":[{"start":{"line":350,"column":45},"end":{"line":350,"column":64}},{"start":{"line":350,"column":64},"end":{"line":350,"column":null}}],"line":350},"31":{"loc":{"start":{"line":351,"column":49},"end":{"line":351,"column":null}},"type":"binary-expr","locations":[{"start":{"line":351,"column":49},"end":{"line":351,"column":72}},{"start":{"line":351,"column":72},"end":{"line":351,"column":null}}],"line":351},"32":{"loc":{"start":{"line":352,"column":48},"end":{"line":352,"column":null}},"type":"binary-expr","locations":[{"start":{"line":352,"column":48},"end":{"line":352,"column":70}},{"start":{"line":352,"column":70},"end":{"line":352,"column":null}}],"line":352},"33":{"loc":{"start":{"line":353,"column":49},"end":{"line":353,"column":null}},"type":"binary-expr","locations":[{"start":{"line":353,"column":49},"end":{"line":353,"column":72}},{"start":{"line":353,"column":72},"end":{"line":353,"column":null}}],"line":353},"34":{"loc":{"start":{"line":354,"column":45},"end":{"line":354,"column":null}},"type":"binary-expr","locations":[{"start":{"line":354,"column":45},"end":{"line":354,"column":64}},{"start":{"line":354,"column":64},"end":{"line":354,"column":null}}],"line":354},"35":{"loc":{"start":{"line":355,"column":44},"end":{"line":355,"column":null}},"type":"binary-expr","locations":[{"start":{"line":355,"column":44},"end":{"line":355,"column":62}},{"start":{"line":355,"column":62},"end":{"line":355,"column":null}}],"line":355},"36":{"loc":{"start":{"line":356,"column":50},"end":{"line":356,"column":null}},"type":"binary-expr","locations":[{"start":{"line":356,"column":50},"end":{"line":356,"column":74}},{"start":{"line":356,"column":74},"end":{"line":356,"column":null}}],"line":356},"37":{"loc":{"start":{"line":357,"column":47},"end":{"line":357,"column":null}},"type":"binary-expr","locations":[{"start":{"line":357,"column":47},"end":{"line":357,"column":63}},{"start":{"line":357,"column":63},"end":{"line":357,"column":null}}],"line":357},"38":{"loc":{"start":{"line":359,"column":47},"end":{"line":359,"column":null}},"type":"cond-expr","locations":[{"start":{"line":359,"column":62},"end":{"line":359,"column":97}},{"start":{"line":359,"column":97},"end":{"line":359,"column":null}}],"line":359},"39":{"loc":{"start":{"line":362,"column":24},"end":{"line":364,"column":null}},"type":"if","locations":[{"start":{"line":362,"column":24},"end":{"line":364,"column":null}},{"start":{},"end":{}}],"line":362},"40":{"loc":{"start":{"line":376,"column":24},"end":{"line":392,"column":null}},"type":"if","locations":[{"start":{"line":376,"column":24},"end":{"line":392,"column":null}},{"start":{"line":390,"column":24},"end":{"line":392,"column":null}}],"line":376},"41":{"loc":{"start":{"line":376,"column":28},"end":{"line":376,"column":50}},"type":"binary-expr","locations":[{"start":{"line":376,"column":28},"end":{"line":376,"column":43}},{"start":{"line":376,"column":43},"end":{"line":376,"column":50}}],"line":376},"42":{"loc":{"start":{"line":380,"column":43},"end":{"line":380,"column":null}},"type":"binary-expr","locations":[{"start":{"line":380,"column":43},"end":{"line":380,"column":54}},{"start":{"line":380,"column":54},"end":{"line":380,"column":null}}],"line":380},"43":{"loc":{"start":{"line":380,"column":63},"end":{"line":380,"column":84}},"type":"binary-expr","locations":[{"start":{"line":380,"column":63},"end":{"line":380,"column":81}},{"start":{"line":380,"column":81},"end":{"line":380,"column":84}}],"line":380},"44":{"loc":{"start":{"line":382,"column":43},"end":{"line":382,"column":null}},"type":"binary-expr","locations":[{"start":{"line":382,"column":43},"end":{"line":382,"column":54}},{"start":{"line":382,"column":54},"end":{"line":382,"column":null}}],"line":382},"45":{"loc":{"start":{"line":383,"column":50},"end":{"line":383,"column":null}},"type":"binary-expr","locations":[{"start":{"line":383,"column":50},"end":{"line":383,"column":69}},{"start":{"line":383,"column":69},"end":{"line":383,"column":null}}],"line":383},"46":{"loc":{"start":{"line":390,"column":24},"end":{"line":392,"column":null}},"type":"if","locations":[{"start":{"line":390,"column":24},"end":{"line":392,"column":null}},{"start":{},"end":{}}],"line":390},"47":{"loc":{"start":{"line":405,"column":24},"end":{"line":412,"column":null}},"type":"if","locations":[{"start":{"line":405,"column":24},"end":{"line":412,"column":null}},{"start":{"line":410,"column":24},"end":{"line":412,"column":null}}],"line":405},"48":{"loc":{"start":{"line":405,"column":28},"end":{"line":405,"column":84}},"type":"binary-expr","locations":[{"start":{"line":405,"column":28},"end":{"line":405,"column":47}},{"start":{"line":405,"column":47},"end":{"line":405,"column":61}},{"start":{"line":405,"column":61},"end":{"line":405,"column":84}}],"line":405},"49":{"loc":{"start":{"line":407,"column":28},"end":{"line":409,"column":null}},"type":"if","locations":[{"start":{"line":407,"column":28},"end":{"line":409,"column":null}},{"start":{},"end":{}}],"line":407},"50":{"loc":{"start":{"line":410,"column":24},"end":{"line":412,"column":null}},"type":"if","locations":[{"start":{"line":410,"column":24},"end":{"line":412,"column":null}},{"start":{},"end":{}}],"line":410},"51":{"loc":{"start":{"line":436,"column":31},"end":{"line":436,"column":null}},"type":"binary-expr","locations":[{"start":{"line":436,"column":31},"end":{"line":436,"column":54}},{"start":{"line":436,"column":54},"end":{"line":436,"column":null}}],"line":436},"52":{"loc":{"start":{"line":437,"column":30},"end":{"line":437,"column":null}},"type":"binary-expr","locations":[{"start":{"line":437,"column":30},"end":{"line":437,"column":55}},{"start":{"line":437,"column":55},"end":{"line":437,"column":null}}],"line":437},"53":{"loc":{"start":{"line":462,"column":20},"end":{"line":462,"column":null}},"type":"cond-expr","locations":[{"start":{"line":462,"column":37},"end":{"line":462,"column":75}},{"start":{"line":462,"column":75},"end":{"line":462,"column":null}}],"line":462},"54":{"loc":{"start":{"line":466,"column":43},"end":{"line":466,"column":77}},"type":"binary-expr","locations":[{"start":{"line":466,"column":43},"end":{"line":466,"column":66}},{"start":{"line":466,"column":66},"end":{"line":466,"column":77}}],"line":466},"55":{"loc":{"start":{"line":479,"column":43},"end":{"line":479,"column":77}},"type":"binary-expr","locations":[{"start":{"line":479,"column":43},"end":{"line":479,"column":66}},{"start":{"line":479,"column":66},"end":{"line":479,"column":77}}],"line":479},"56":{"loc":{"start":{"line":492,"column":30},"end":{"line":492,"column":null}},"type":"binary-expr","locations":[{"start":{"line":492,"column":30},"end":{"line":492,"column":55}},{"start":{"line":492,"column":55},"end":{"line":492,"column":null}}],"line":492},"57":{"loc":{"start":{"line":497,"column":43},"end":{"line":497,"column":77}},"type":"binary-expr","locations":[{"start":{"line":497,"column":43},"end":{"line":497,"column":66}},{"start":{"line":497,"column":66},"end":{"line":497,"column":77}}],"line":497},"58":{"loc":{"start":{"line":509,"column":43},"end":{"line":509,"column":77}},"type":"binary-expr","locations":[{"start":{"line":509,"column":43},"end":{"line":509,"column":66}},{"start":{"line":509,"column":66},"end":{"line":509,"column":77}}],"line":509},"59":{"loc":{"start":{"line":519,"column":20},"end":{"line":519,"column":null}},"type":"cond-expr","locations":[{"start":{"line":519,"column":37},"end":{"line":519,"column":63}},{"start":{"line":519,"column":63},"end":{"line":519,"column":null}}],"line":519},"60":{"loc":{"start":{"line":523,"column":43},"end":{"line":523,"column":77}},"type":"binary-expr","locations":[{"start":{"line":523,"column":43},"end":{"line":523,"column":66}},{"start":{"line":523,"column":66},"end":{"line":523,"column":77}}],"line":523},"61":{"loc":{"start":{"line":533,"column":16},"end":{"line":533,"column":null}},"type":"if","locations":[{"start":{"line":533,"column":16},"end":{"line":533,"column":null}},{"start":{},"end":{}}],"line":533},"62":{"loc":{"start":{"line":534,"column":16},"end":{"line":534,"column":null}},"type":"if","locations":[{"start":{"line":534,"column":16},"end":{"line":534,"column":null}},{"start":{},"end":{}}],"line":534},"63":{"loc":{"start":{"line":534,"column":20},"end":{"line":534,"column":55}},"type":"binary-expr","locations":[{"start":{"line":534,"column":20},"end":{"line":534,"column":42}},{"start":{"line":534,"column":42},"end":{"line":534,"column":55}}],"line":534},"64":{"loc":{"start":{"line":535,"column":16},"end":{"line":535,"column":null}},"type":"if","locations":[{"start":{"line":535,"column":16},"end":{"line":535,"column":null}},{"start":{},"end":{}}],"line":535},"65":{"loc":{"start":{"line":535,"column":20},"end":{"line":535,"column":82}},"type":"binary-expr","locations":[{"start":{"line":535,"column":20},"end":{"line":535,"column":44}},{"start":{"line":535,"column":44},"end":{"line":535,"column":82}}],"line":535},"66":{"loc":{"start":{"line":538,"column":36},"end":{"line":538,"column":null}},"type":"cond-expr","locations":[{"start":{"line":538,"column":57},"end":{"line":538,"column":69}},{"start":{"line":538,"column":69},"end":{"line":538,"column":null}}],"line":538},"67":{"loc":{"start":{"line":543,"column":43},"end":{"line":543,"column":77}},"type":"binary-expr","locations":[{"start":{"line":543,"column":43},"end":{"line":543,"column":66}},{"start":{"line":543,"column":66},"end":{"line":543,"column":77}}],"line":543},"68":{"loc":{"start":{"line":559,"column":30},"end":{"line":559,"column":null}},"type":"binary-expr","locations":[{"start":{"line":559,"column":30},"end":{"line":559,"column":55}},{"start":{"line":559,"column":55},"end":{"line":559,"column":null}}],"line":559},"69":{"loc":{"start":{"line":578,"column":24},"end":{"line":578,"column":null}},"type":"cond-expr","locations":[{"start":{"line":578,"column":38},"end":{"line":578,"column":84}},{"start":{"line":578,"column":84},"end":{"line":578,"column":null}}],"line":578},"70":{"loc":{"start":{"line":582,"column":16},"end":{"line":588,"column":null}},"type":"if","locations":[{"start":{"line":582,"column":16},"end":{"line":588,"column":null}},{"start":{},"end":{}}],"line":582},"71":{"loc":{"start":{"line":600,"column":30},"end":{"line":600,"column":null}},"type":"binary-expr","locations":[{"start":{"line":600,"column":30},"end":{"line":600,"column":55}},{"start":{"line":600,"column":55},"end":{"line":600,"column":null}}],"line":600},"72":{"loc":{"start":{"line":616,"column":16},"end":{"line":627,"column":null}},"type":"if","locations":[{"start":{"line":616,"column":16},"end":{"line":627,"column":null}},{"start":{},"end":{}}],"line":616},"73":{"loc":{"start":{"line":618,"column":20},"end":{"line":626,"column":null}},"type":"if","locations":[{"start":{"line":618,"column":20},"end":{"line":626,"column":null}},{"start":{},"end":{}}],"line":618},"74":{"loc":{"start":{"line":670,"column":16},"end":{"line":674,"column":null}},"type":"if","locations":[{"start":{"line":670,"column":16},"end":{"line":674,"column":null}},{"start":{"line":672,"column":23},"end":{"line":674,"column":null}}],"line":670},"75":{"loc":{"start":{"line":683,"column":0},"end":{"line":685,"column":null}},"type":"if","locations":[{"start":{"line":683,"column":0},"end":{"line":685,"column":null}},{"start":{},"end":{}}],"line":683}},"s":{"0":1,"1":1,"2":1,"3":1,"4":0,"5":0,"6":0,"7":0,"8":0,"9":0,"10":0,"11":0,"12":0,"13":0,"14":0,"15":0,"16":0,"17":0,"18":0,"19":0,"20":0,"21":0,"22":0,"23":0,"24":0,"25":0,"26":0,"27":0,"28":0,"29":0,"30":0,"31":0,"32":0,"33":0,"34":0,"35":0,"36":0,"37":0,"38":0,"39":0,"40":0,"41":0,"42":0,"43":0,"44":0,"45":0,"46":0,"47":0,"48":0,"49":0,"50":0,"51":0,"52":0,"53":0,"54":0,"55":0,"56":0,"57":0,"58":0,"59":0,"60":0,"61":0,"62":0,"63":0,"64":0,"65":0,"66":0,"67":0,"68":0,"69":0,"70":0,"71":0,"72":0,"73":0,"74":0,"75":0,"76":0,"77":0,"78":0,"79":0,"80":0,"81":0,"82":0,"83":0,"84":0,"85":0,"86":5,"87":0,"88":0,"89":0,"90":0,"91":0,"92":0,"93":0,"94":0,"95":0,"96":0,"97":0,"98":0,"99":0,"100":0,"101":0,"102":0,"103":0,"104":0,"105":0,"106":0,"107":0,"108":0,"109":0,"110":0,"111":0,"112":0,"113":0,"114":0,"115":0,"116":0,"117":0,"118":0,"119":0,"120":0,"121":0,"122":0,"123":0,"124":0,"125":0,"126":0,"127":5,"128":0,"129":0,"130":0,"131":0,"132":0,"133":0,"134":0,"135":0,"136":0,"137":0,"138":0,"139":0,"140":0,"141":0,"142":0,"143":0,"144":4,"145":0,"146":0,"147":0,"148":0,"149":0,"150":0,"151":0,"152":0,"153":0,"154":0,"155":0,"156":0,"157":0,"158":0,"159":0,"160":1,"161":32,"162":1,"163":1,"164":1,"165":0,"166":1,"167":1},"f":{"0":1,"1":0,"2":0,"3":0,"4":0,"5":0,"6":0,"7":0,"8":0,"9":0,"10":0,"11":0,"12":0,"13":0,"14":0,"15":0,"16":0,"17":0,"18":0,"19":0,"20":5,"21":0,"22":0,"23":0,"24":0,"25":0,"26":0,"27":0,"28":0,"29":0,"30":0,"31":0,"32":0,"33":0,"34":5,"35":0,"36":0,"37":0,"38":0,"39":0,"40":0,"41":0,"42":0,"43":0,"44":4,"45":0,"46":0,"47":0,"48":0,"49":0,"50":0,"51":0,"52":1,"53":32,"54":1,"55":1},"b":{"0":[0,0],"1":[0,0],"2":[0,0,0],"3":[0,0],"4":[0,0],"5":[0,0],"6":[0,0],"7":[0,0],"8":[0,0],"9":[0,0],"10":[0,0],"11":[0,0,0],"12":[0,0],"13":[0,0],"14":[0,0],"15":[0,0],"16":[0,0],"17":[0,0],"18":[0,0],"19":[0,0],"20":[0,0],"21":[0,0],"22":[0,0],"23":[0,0],"24":[0,0],"25":[0,0],"26":[0,0],"27":[0,0],"28":[0,0],"29":[0,0],"30":[0,0],"31":[0,0],"32":[0,0],"33":[0,0],"34":[0,0],"35":[0,0],"36":[0,0],"37":[0,0],"38":[0,0],"39":[0,0],"40":[0,0],"41":[0,0],"42":[0,0],"43":[0,0],"44":[0,0],"45":[0,0],"46":[0,0],"47":[0,0],"48":[0,0,0],"49":[0,0],"50":[0,0],"51":[0,0],"52":[0,0],"53":[0,0],"54":[0,0],"55":[0,0],"56":[0,0],"57":[0,0],"58":[0,0],"59":[0,0],"60":[0,0],"61":[0,0],"62":[0,0],"63":[0,0],"64":[0,0],"65":[0,0],"66":[0,0],"67":[0,0],"68":[0,0],"69":[0,0],"70":[0,0],"71":[0,0],"72":[0,0],"73":[0,0],"74":[1,0],"75":[1,0]},"meta":{"lastBranch":76,"lastFunction":56,"lastStatement":168,"seen":{"s:92:31:97:Infinity":0,"s:100:49:109:Infinity":1,"s:174:13:678:Infinity":2,"f:176:8:176:9":0,"s:176:23:649:Infinity":3,"f:195:22:195:23":1,"s:196:16:196:Infinity":4,"b:197:16:201:Infinity:199:23:201:Infinity":0,"s:197:16:201:Infinity":5,"s:198:20:198:Infinity":6,"s:200:20:200:Infinity":7,"f:204:29:204:30":2,"s:204:38:204:Infinity":8,"f:207:28:207:29":3,"s:207:40:207:Infinity":9,"f:208:30:208:31":4,"s:208:42:208:Infinity":10,"f:209:22:209:23":5,"s:209:33:209:Infinity":11,"f:210:28:210:29":6,"s:210:41:210:Infinity":12,"f:213:26:213:27":7,"s:213:41:213:Infinity":13,"f:215:27:215:34":8,"b:217:16:217:Infinity:undefined:undefined:undefined:undefined":1,"s:217:16:217:Infinity":14,"b:217:20:217:31:217:31:217:58:217:58:217:73":2,"s:217:73:217:Infinity":15,"s:219:16:219:Infinity":16,"s:221:16:423:Infinity":17,"s:223:20:250:Infinity":18,"s:224:71:228:Infinity":19,"b:230:24:247:Infinity:245:24:247:Infinity":3,"s:230:24:247:Infinity":20,"b:230:28:230:45:230:45:230:54":4,"s:231:28:244:Infinity":21,"f:232:57:232:58":9,"s:232:70:243:34":22,"b:245:24:247:Infinity:undefined:undefined:undefined:undefined":5,"s:245:24:247:Infinity":23,"s:246:28:246:Infinity":24,"s:249:24:249:Infinity":25,"s:253:20:273:Infinity":26,"s:254:73:257:Infinity":27,"b:259:24:270:Infinity:268:24:270:Infinity":6,"s:259:24:270:Infinity":28,"b:259:28:259:46:259:46:259:56":7,"s:260:28:267:Infinity":29,"f:261:55:261:56":10,"s:261:69:266:34":30,"b:264:47:264:64:264:64:264:Infinity":8,"b:268:24:270:Infinity:undefined:undefined:undefined:undefined":9,"s:268:24:270:Infinity":31,"s:269:28:269:Infinity":32,"s:272:24:272:Infinity":33,"s:276:20:297:Infinity":34,"s:277:71:280:Infinity":35,"b:282:24:294:Infinity:292:24:294:Infinity":10,"s:282:24:294:Infinity":36,"b:282:28:282:45:282:45:282:56:282:56:282:76":11,"s:283:28:291:Infinity":37,"f:284:53:284:54":11,"s:284:66:290:34":38,"b:287:52:287:74:287:74:287:Infinity":12,"b:292:24:294:Infinity:undefined:undefined:undefined:undefined":13,"s:292:24:294:Infinity":39,"s:293:28:293:Infinity":40,"s:296:24:296:Infinity":41,"s:300:20:330:Infinity":42,"s:301:67:304:Infinity":43,"b:306:24:327:Infinity:324:24:327:Infinity":14,"s:306:24:327:Infinity":44,"b:306:28:306:43:306:43:306:50":15,"s:307:28:323:Infinity":45,"f:308:49:308:50":12,"s:308:62:322:34":46,"b:311:49:311:66:311:66:311:Infinity":16,"b:314:48:314:65:314:65:314:Infinity":17,"b:315:48:315:65:315:65:315:Infinity":18,"b:316:42:316:52:316:52:316:Infinity":19,"b:317:48:317:71:317:71:317:Infinity":20,"b:318:47:318:69:318:69:318:Infinity":21,"b:320:58:320:91:320:91:320:Infinity":22,"b:324:24:327:Infinity:undefined:undefined:undefined:undefined":23,"s:324:24:327:Infinity":47,"s:326:28:326:Infinity":48,"s:329:24:329:Infinity":49,"s:333:20:367:Infinity":50,"s:334:71:337:Infinity":51,"b:339:24:364:Infinity:362:24:364:Infinity":24,"s:339:24:364:Infinity":52,"b:339:28:339:45:339:45:339:54":25,"s:340:28:361:Infinity":53,"f:341:61:341:62":13,"s:341:74:360:34":54,"b:345:47:345:63:345:63:345:Infinity":26,"b:347:51:347:76:347:76:347:Infinity":27,"b:348:47:348:68:348:68:348:Infinity":28,"b:349:48:349:70:349:70:349:Infinity":29,"b:350:45:350:64:350:64:350:Infinity":30,"b:351:49:351:72:351:72:351:Infinity":31,"b:352:48:352:70:352:70:352:Infinity":32,"b:353:49:353:72:353:72:353:Infinity":33,"b:354:45:354:64:354:64:354:Infinity":34,"b:355:44:355:62:355:62:355:Infinity":35,"b:356:50:356:74:356:74:356:Infinity":36,"b:357:47:357:63:357:63:357:Infinity":37,"b:359:62:359:97:359:97:359:Infinity":38,"b:362:24:364:Infinity:undefined:undefined:undefined:undefined":39,"s:362:24:364:Infinity":55,"s:363:28:363:Infinity":56,"s:366:24:366:Infinity":57,"s:370:20:395:Infinity":58,"s:371:67:374:Infinity":59,"b:376:24:392:Infinity:390:24:392:Infinity":40,"s:376:24:392:Infinity":60,"b:376:28:376:43:376:43:376:50":41,"s:377:28:389:Infinity":61,"f:378:54:378:55":14,"s:378:67:388:34":62,"b:380:43:380:54:380:54:380:Infinity":42,"b:380:63:380:81:380:81:380:84":43,"b:382:43:382:54:382:54:382:Infinity":44,"b:383:50:383:69:383:69:383:Infinity":45,"b:390:24:392:Infinity:undefined:undefined:undefined:undefined":46,"s:390:24:392:Infinity":63,"s:391:28:391:Infinity":64,"s:394:24:394:Infinity":65,"s:398:20:415:Infinity":66,"s:399:76:403:Infinity":67,"b:405:24:412:Infinity:410:24:412:Infinity":47,"s:405:24:412:Infinity":68,"b:405:28:405:47:405:47:405:61:405:61:405:84":48,"s:406:43:406:Infinity":69,"b:407:28:409:Infinity:undefined:undefined:undefined:undefined":49,"s:407:28:409:Infinity":70,"s:408:32:408:Infinity":71,"b:410:24:412:Infinity:undefined:undefined:undefined:undefined":50,"s:410:24:412:Infinity":72,"s:411:28:411:Infinity":73,"s:414:24:414:Infinity":74,"s:420:20:420:Infinity":75,"s:422:20:422:Infinity":76,"f:431:31:431:32":15,"s:432:30:432:Infinity":77,"s:433:47:439:Infinity":78,"b:436:31:436:54:436:54:436:Infinity":51,"b:437:30:437:55:437:55:437:Infinity":52,"s:440:16:442:Infinity":79,"f:440:20:440:21":16,"s:440:28:442:18":80,"s:443:16:446:Infinity":81,"f:449:34:449:35":17,"s:450:16:452:Infinity":82,"f:450:20:450:21":18,"s:450:32:452:18":83,"f:451:66:451:67":19,"s:451:73:451:84":84,"s:453:16:453:Infinity":85,"f:456:32:456:33":20,"s:456:53:456:Infinity":86,"f:459:33:459:34":21,"s:460:30:460:Infinity":87,"s:461:37:463:Infinity":88,"f:461:57:461:58":22,"s:462:20:462:Infinity":89,"b:462:37:462:75:462:75:462:Infinity":53,"s:464:16:464:Infinity":90,"s:466:16:470:Infinity":91,"b:466:43:466:66:466:66:466:77":54,"f:473:28:473:34":23,"s:474:16:476:Infinity":92,"f:474:20:474:21":24,"s:474:32:476:18":93,"f:475:51:475:52":25,"s:475:62:475:90":94,"s:478:30:478:Infinity":95,"s:479:16:483:Infinity":96,"b:479:43:479:66:479:66:479:77":55,"f:480:47:480:48":26,"s:480:58:480:86":97,"f:486:30:486:31":27,"s:487:30:487:Infinity":98,"s:488:44:493:Infinity":99,"b:492:30:492:55:492:55:492:Infinity":56,"s:494:37:494:Infinity":100,"s:495:16:495:Infinity":101,"s:497:16:501:Infinity":102,"b:497:43:497:66:497:66:497:77":57,"f:504:33:504:34":28,"s:505:30:505:Infinity":103,"s:506:37:506:Infinity":104,"f:506:60:506:61":29,"s:506:70:506:84":105,"s:507:16:507:Infinity":106,"s:509:16:513:Infinity":107,"b:509:43:509:66:509:66:509:77":58,"f:516:39:516:40":30,"s:517:30:517:Infinity":108,"s:518:37:520:Infinity":109,"f:518:57:518:58":31,"s:519:20:519:Infinity":110,"b:519:37:519:63:519:63:519:Infinity":59,"s:521:16:521:Infinity":111,"s:523:16:527:Infinity":112,"b:523:43:523:66:523:66:523:77":60,"f:530:31:530:32":32,"s:531:30:531:Infinity":113,"s:532:30:532:Infinity":114,"f:532:56:532:64":33,"s:532:64:532:78":115,"b:533:16:533:Infinity:undefined:undefined:undefined:undefined":61,"s:533:16:533:Infinity":116,"s:533:34:533:Infinity":117,"b:534:16:534:Infinity:undefined:undefined:undefined:undefined":62,"s:534:16:534:Infinity":118,"b:534:20:534:42:534:42:534:55":63,"s:534:55:534:Infinity":119,"b:535:16:535:Infinity:undefined:undefined:undefined:undefined":64,"s:535:16:535:Infinity":120,"b:535:20:535:44:535:44:535:82":65,"s:535:82:535:Infinity":121,"s:537:37:537:Infinity":122,"s:538:36:538:Infinity":123,"b:538:57:538:69:538:69:538:Infinity":66,"s:539:16:539:Infinity":124,"s:541:16:541:Infinity":125,"s:543:16:547:Infinity":126,"b:543:43:543:66:543:66:543:77":67,"f:550:26:550:27":34,"s:550:41:550:Infinity":127,"f:553:26:553:27":35,"s:554:30:554:Infinity":128,"s:555:40:560:Infinity":129,"b:559:30:559:55:559:55:559:Infinity":68,"s:561:16:561:Infinity":130,"f:561:20:561:21":36,"s:561:28:561:68":131,"s:562:16:565:Infinity":132,"f:568:29:568:30":37,"s:569:16:571:Infinity":133,"f:569:20:569:21":38,"s:569:32:571:18":134,"f:570:56:570:57":39,"s:570:63:570:74":135,"s:572:16:572:Infinity":136,"f:575:29:575:30":40,"s:576:16:580:Infinity":137,"f:576:20:576:21":41,"s:576:32:580:18":138,"f:577:53:577:54":42,"s:578:24:578:Infinity":139,"b:578:38:578:84:578:84:578:Infinity":69,"s:581:29:581:Infinity":140,"f:581:51:581:56":43,"s:581:56:581:67":141,"b:582:16:588:Infinity:undefined:undefined:undefined:undefined":70,"s:582:16:588:Infinity":142,"s:583:20:587:Infinity":143,"f:591:27:591:28":44,"s:591:43:591:Infinity":144,"f:594:31:594:32":45,"s:595:46:601:Infinity":145,"b:600:30:600:55:600:55:600:Infinity":71,"s:602:16:602:Infinity":146,"f:602:20:602:21":46,"s:602:32:602:89":147,"f:605:34:605:35":47,"s:606:16:608:Infinity":148,"f:606:20:606:21":48,"s:606:32:608:18":149,"f:607:68:607:69":49,"s:607:75:607:86":150,"f:614:29:614:41":50,"b:616:16:627:Infinity:undefined:undefined:undefined:undefined":72,"s:616:16:627:Infinity":151,"s:617:35:617:Infinity":152,"b:618:20:626:Infinity:undefined:undefined:undefined:undefined":73,"s:618:20:626:Infinity":153,"s:619:24:625:Infinity":154,"s:620:28:620:Infinity":155,"s:621:28:621:Infinity":156,"s:622:28:622:Infinity":157,"s:624:28:624:Infinity":158,"f:630:29:630:35":51,"s:631:16:647:Infinity":159,"f:652:39:652:45":52,"s:652:45:652:61":160,"f:653:24:653:25":53,"s:653:36:667:Infinity":161,"f:668:32:668:38":54,"s:668:38:675:Infinity":162,"f:668:38:668:39":55,"b:670:16:674:Infinity:672:23:674:Infinity":74,"s:670:16:674:Infinity":163,"s:671:20:671:Infinity":164,"s:673:20:673:Infinity":165,"b:683:0:685:Infinity:undefined:undefined:undefined:undefined":75,"s:683:0:685:Infinity":166,"s:684:4:684:Infinity":167}}}
,"C:\\Users\\kevin\\Downloads\\falconforge\\src\\lib\\sync.ts": {"path":"C:\\Users\\kevin\\Downloads\\falconforge\\src\\lib\\sync.ts","statementMap":{"0":{"start":{"line":10,"column":29},"end":{"line":10,"column":null}},"1":{"start":{"line":11,"column":32},"end":{"line":11,"column":null}},"2":{"start":{"line":17,"column":4},"end":{"line":22,"column":null}},"3":{"start":{"line":20,"column":12},"end":{"line":20,"column":null}},"4":{"start":{"line":20,"column":29},"end":{"line":20,"column":83}},"5":{"start":{"line":35,"column":32},"end":{"line":35,"column":null}},"6":{"start":{"line":36,"column":36},"end":{"line":36,"column":null}},"7":{"start":{"line":37,"column":44},"end":{"line":37,"column":null}},"8":{"start":{"line":38,"column":40},"end":{"line":38,"column":null}},"9":{"start":{"line":39,"column":26},"end":{"line":39,"column":null}},"10":{"start":{"line":40,"column":10},"end":{"line":40,"column":null}},"11":{"start":{"line":46,"column":44},"end":{"line":46,"column":null}},"12":{"start":{"line":47,"column":22},"end":{"line":47,"column":null}},"13":{"start":{"line":48,"column":10},"end":{"line":48,"column":null}},"14":{"start":{"line":51,"column":4},"end":{"line":53,"column":null}},"15":{"start":{"line":52,"column":8},"end":{"line":52,"column":null}},"16":{"start":{"line":56,"column":4},"end":{"line":75,"column":null}},"17":{"start":{"line":57,"column":29},"end":{"line":60,"column":null}},"18":{"start":{"line":58,"column":12},"end":{"line":58,"column":null}},"19":{"start":{"line":59,"column":12},"end":{"line":59,"column":null}},"20":{"start":{"line":62,"column":30},"end":{"line":66,"column":null}},"21":{"start":{"line":63,"column":12},"end":{"line":63,"column":null}},"22":{"start":{"line":64,"column":12},"end":{"line":64,"column":null}},"23":{"start":{"line":65,"column":12},"end":{"line":65,"column":null}},"24":{"start":{"line":68,"column":8},"end":{"line":68,"column":null}},"25":{"start":{"line":69,"column":8},"end":{"line":69,"column":null}},"26":{"start":{"line":71,"column":8},"end":{"line":74,"column":null}},"27":{"start":{"line":72,"column":12},"end":{"line":72,"column":null}},"28":{"start":{"line":73,"column":12},"end":{"line":73,"column":null}},"29":{"start":{"line":78,"column":4},"end":{"line":89,"column":null}},"30":{"start":{"line":79,"column":35},"end":{"line":82,"column":null}},"31":{"start":{"line":80,"column":26},"end":{"line":80,"column":null}},"32":{"start":{"line":81,"column":12},"end":{"line":81,"column":null}},"33":{"start":{"line":84,"column":8},"end":{"line":84,"column":null}},"34":{"start":{"line":87,"column":25},"end":{"line":87,"column":null}},"35":{"start":{"line":88,"column":8},"end":{"line":88,"column":null}},"36":{"start":{"line":88,"column":21},"end":{"line":88,"column":null}},"37":{"start":{"line":93,"column":4},"end":{"line":97,"column":null}},"38":{"start":{"line":94,"column":8},"end":{"line":96,"column":null}},"39":{"start":{"line":95,"column":12},"end":{"line":95,"column":null}},"40":{"start":{"line":99,"column":10},"end":{"line":168,"column":null}},"41":{"start":{"line":100,"column":8},"end":{"line":100,"column":null}},"42":{"start":{"line":100,"column":32},"end":{"line":100,"column":null}},"43":{"start":{"line":102,"column":8},"end":{"line":105,"column":null}},"44":{"start":{"line":103,"column":12},"end":{"line":103,"column":null}},"45":{"start":{"line":104,"column":12},"end":{"line":104,"column":null}},"46":{"start":{"line":110,"column":8},"end":{"line":112,"column":null}},"47":{"start":{"line":111,"column":12},"end":{"line":111,"column":null}},"48":{"start":{"line":114,"column":8},"end":{"line":114,"column":null}},"49":{"start":{"line":115,"column":8},"end":{"line":115,"column":null}},"50":{"start":{"line":116,"column":8},"end":{"line":116,"column":null}},"51":{"start":{"line":118,"column":8},"end":{"line":166,"column":null}},"52":{"start":{"line":120,"column":12},"end":{"line":152,"column":null}},"53":{"start":{"line":123,"column":39},"end":{"line":123,"column":null}},"54":{"start":{"line":125,"column":20},"end":{"line":145,"column":null}},"55":{"start":{"line":126,"column":24},"end":{"line":144,"column":null}},"56":{"start":{"line":127,"column":28},"end":{"line":127,"column":null}},"57":{"start":{"line":129,"column":28},"end":{"line":129,"column":null}},"58":{"start":{"line":132,"column":34},"end":{"line":132,"column":null}},"59":{"start":{"line":135,"column":28},"end":{"line":143,"column":null}},"60":{"start":{"line":136,"column":32},"end":{"line":136,"column":null}},"61":{"start":{"line":137,"column":32},"end":{"line":137,"column":null}},"62":{"start":{"line":139,"column":32},"end":{"line":142,"column":null}},"63":{"start":{"line":148,"column":20},"end":{"line":148,"column":null}},"64":{"start":{"line":154,"column":12},"end":{"line":154,"column":null}},"65":{"start":{"line":155,"column":12},"end":{"line":155,"column":null}},"66":{"start":{"line":158,"column":26},"end":{"line":158,"column":null}},"67":{"start":{"line":159,"column":12},"end":{"line":159,"column":null}},"68":{"start":{"line":161,"column":12},"end":{"line":161,"column":null}},"69":{"start":{"line":162,"column":12},"end":{"line":162,"column":null}},"70":{"start":{"line":163,"column":12},"end":{"line":163,"column":null}},"71":{"start":{"line":165,"column":12},"end":{"line":165,"column":null}},"72":{"start":{"line":170,"column":4},"end":{"line":177,"column":null}},"73":{"start":{"line":181,"column":4},"end":{"line":181,"column":null}},"74":{"start":{"line":181,"column":23},"end":{"line":181,"column":null}},"75":{"start":{"line":183,"column":53},"end":{"line":183,"column":null}},"76":{"start":{"line":186,"column":28},"end":{"line":186,"column":null}},"77":{"start":{"line":188,"column":4},"end":{"line":231,"column":null}},"78":{"start":{"line":192,"column":32},"end":{"line":196,"column":null}},"79":{"start":{"line":193,"column":29},"end":{"line":193,"column":105}},"80":{"start":{"line":197,"column":12},"end":{"line":197,"column":null}},"81":{"start":{"line":197,"column":30},"end":{"line":197,"column":null}},"82":{"start":{"line":198,"column":12},"end":{"line":198,"column":null}},"83":{"start":{"line":204,"column":12},"end":{"line":218,"column":null}},"84":{"start":{"line":205,"column":36},"end":{"line":209,"column":null}},"85":{"start":{"line":206,"column":33},"end":{"line":206,"column":109}},"86":{"start":{"line":210,"column":16},"end":{"line":210,"column":null}},"87":{"start":{"line":210,"column":34},"end":{"line":210,"column":null}},"88":{"start":{"line":212,"column":36},"end":{"line":216,"column":null}},"89":{"start":{"line":213,"column":34},"end":{"line":213,"column":115}},"90":{"start":{"line":217,"column":16},"end":{"line":217,"column":null}},"91":{"start":{"line":217,"column":34},"end":{"line":217,"column":null}},"92":{"start":{"line":219,"column":12},"end":{"line":219,"column":null}},"93":{"start":{"line":223,"column":32},"end":{"line":227,"column":null}},"94":{"start":{"line":224,"column":29},"end":{"line":224,"column":87}},"95":{"start":{"line":228,"column":12},"end":{"line":228,"column":null}},"96":{"start":{"line":228,"column":30},"end":{"line":228,"column":null}},"97":{"start":{"line":229,"column":12},"end":{"line":229,"column":null}},"98":{"start":{"line":239,"column":4},"end":{"line":239,"column":null}},"99":{"start":{"line":239,"column":15},"end":{"line":239,"column":null}},"100":{"start":{"line":241,"column":4},"end":{"line":329,"column":null}},"101":{"start":{"line":243,"column":12},"end":{"line":257,"column":null}},"102":{"start":{"line":261,"column":12},"end":{"line":281,"column":null}},"103":{"start":{"line":285,"column":12},"end":{"line":294,"column":null}},"104":{"start":{"line":297,"column":12},"end":{"line":304,"column":null}},"105":{"start":{"line":308,"column":12},"end":{"line":314,"column":null}},"106":{"start":{"line":318,"column":12},"end":{"line":324,"column":null}},"107":{"start":{"line":328,"column":12},"end":{"line":328,"column":null}},"108":{"start":{"line":333,"column":28},"end":{"line":333,"column":null}},"109":{"start":{"line":336,"column":4},"end":{"line":341,"column":null}},"110":{"start":{"line":337,"column":23},"end":{"line":337,"column":null}},"111":{"start":{"line":338,"column":8},"end":{"line":338,"column":null}},"112":{"start":{"line":340,"column":8},"end":{"line":340,"column":null}},"113":{"start":{"line":345,"column":4},"end":{"line":351,"column":null}},"114":{"start":{"line":346,"column":27},"end":{"line":346,"column":null}},"115":{"start":{"line":347,"column":8},"end":{"line":347,"column":null}},"116":{"start":{"line":348,"column":8},"end":{"line":348,"column":null}},"117":{"start":{"line":350,"column":8},"end":{"line":350,"column":null}},"118":{"start":{"line":356,"column":27},"end":{"line":356,"column":null}},"119":{"start":{"line":357,"column":25},"end":{"line":357,"column":null}},"120":{"start":{"line":360,"column":4},"end":{"line":364,"column":null}},"121":{"start":{"line":361,"column":8},"end":{"line":361,"column":null}},"122":{"start":{"line":363,"column":8},"end":{"line":363,"column":null}},"123":{"start":{"line":368,"column":17},"end":{"line":368,"column":null}},"124":{"start":{"line":369,"column":4},"end":{"line":371,"column":null}},"125":{"start":{"line":370,"column":8},"end":{"line":370,"column":null}},"126":{"start":{"line":372,"column":4},"end":{"line":372,"column":null}},"127":{"start":{"line":376,"column":4},"end":{"line":376,"column":null}},"128":{"start":{"line":376,"column":23},"end":{"line":376,"column":null}},"129":{"start":{"line":379,"column":26},"end":{"line":379,"column":null}},"130":{"start":{"line":381,"column":4},"end":{"line":381,"column":null}},"131":{"start":{"line":381,"column":24},"end":{"line":381,"column":null}},"132":{"start":{"line":384,"column":20},"end":{"line":384,"column":null}},"133":{"start":{"line":385,"column":23},"end":{"line":385,"column":null}},"134":{"start":{"line":387,"column":21},"end":{"line":394,"column":null}},"135":{"start":{"line":396,"column":4},"end":{"line":453,"column":null}},"136":{"start":{"line":397,"column":8},"end":{"line":452,"column":null}},"137":{"start":{"line":398,"column":30},"end":{"line":398,"column":null}},"138":{"start":{"line":403,"column":12},"end":{"line":411,"column":null}},"139":{"start":{"line":404,"column":46},"end":{"line":407,"column":null}},"140":{"start":{"line":408,"column":16},"end":{"line":410,"column":null}},"141":{"start":{"line":409,"column":20},"end":{"line":409,"column":null}},"142":{"start":{"line":414,"column":24},"end":{"line":414,"column":null}},"143":{"start":{"line":417,"column":31},"end":{"line":417,"column":null}},"144":{"start":{"line":418,"column":29},"end":{"line":418,"column":null}},"145":{"start":{"line":419,"column":28},"end":{"line":419,"column":null}},"146":{"start":{"line":421,"column":12},"end":{"line":425,"column":null}},"147":{"start":{"line":423,"column":36},"end":{"line":423,"column":null}},"148":{"start":{"line":424,"column":16},"end":{"line":424,"column":null}},"149":{"start":{"line":427,"column":32},"end":{"line":431,"column":null}},"150":{"start":{"line":428,"column":29},"end":{"line":428,"column":36}},"151":{"start":{"line":433,"column":12},"end":{"line":437,"column":null}},"152":{"start":{"line":435,"column":16},"end":{"line":435,"column":null}},"153":{"start":{"line":436,"column":16},"end":{"line":436,"column":null}},"154":{"start":{"line":439,"column":12},"end":{"line":445,"column":null}},"155":{"start":{"line":441,"column":16},"end":{"line":441,"column":null}},"156":{"start":{"line":444,"column":16},"end":{"line":444,"column":null}},"157":{"start":{"line":448,"column":12},"end":{"line":448,"column":null}},"158":{"start":{"line":451,"column":12},"end":{"line":451,"column":null}},"159":{"start":{"line":461,"column":4},"end":{"line":461,"column":null}},"160":{"start":{"line":461,"column":18},"end":{"line":461,"column":null}},"161":{"start":{"line":464,"column":18},"end":{"line":464,"column":null}},"162":{"start":{"line":468,"column":4},"end":{"line":544,"column":null}},"163":{"start":{"line":470,"column":12},"end":{"line":484,"column":null}},"164":{"start":{"line":470,"column":52},"end":{"line":484,"column":14}},"165":{"start":{"line":485,"column":12},"end":{"line":485,"column":null}},"166":{"start":{"line":488,"column":12},"end":{"line":506,"column":null}},"167":{"start":{"line":488,"column":62},"end":{"line":506,"column":14}},"168":{"start":{"line":507,"column":12},"end":{"line":507,"column":null}},"169":{"start":{"line":510,"column":12},"end":{"line":520,"column":null}},"170":{"start":{"line":510,"column":57},"end":{"line":520,"column":14}},"171":{"start":{"line":521,"column":12},"end":{"line":521,"column":null}},"172":{"start":{"line":525,"column":12},"end":{"line":530,"column":null}},"173":{"start":{"line":526,"column":16},"end":{"line":526,"column":null}},"174":{"start":{"line":527,"column":12},"end":{"line":530,"column":null}},"175":{"start":{"line":529,"column":16},"end":{"line":529,"column":null}},"176":{"start":{"line":531,"column":12},"end":{"line":531,"column":null}},"177":{"start":{"line":534,"column":12},"end":{"line":539,"column":null}},"178":{"start":{"line":534,"column":56},"end":{"line":539,"column":14}},"179":{"start":{"line":540,"column":12},"end":{"line":540,"column":null}},"180":{"start":{"line":554,"column":4},"end":{"line":554,"column":null}},"181":{"start":{"line":554,"column":42},"end":{"line":554,"column":null}},"182":{"start":{"line":556,"column":18},"end":{"line":556,"column":null}},"183":{"start":{"line":560,"column":20},"end":{"line":560,"column":null}},"184":{"start":{"line":560,"column":49},"end":{"line":560,"column":64}},"185":{"start":{"line":561,"column":8},"end":{"line":563,"column":null}},"186":{"start":{"line":562,"column":12},"end":{"line":562,"column":null}},"187":{"start":{"line":564,"column":8},"end":{"line":564,"column":null}},"188":{"start":{"line":567,"column":4},"end":{"line":642,"column":null}},"189":{"start":{"line":569,"column":32},"end":{"line":583,"column":null}},"190":{"start":{"line":569,"column":57},"end":{"line":583,"column":14}},"191":{"start":{"line":584,"column":12},"end":{"line":584,"column":null}},"192":{"start":{"line":585,"column":12},"end":{"line":585,"column":null}},"193":{"start":{"line":589,"column":32},"end":{"line":607,"column":null}},"194":{"start":{"line":589,"column":57},"end":{"line":607,"column":14}},"195":{"start":{"line":608,"column":12},"end":{"line":608,"column":null}},"196":{"start":{"line":609,"column":12},"end":{"line":609,"column":null}},"197":{"start":{"line":613,"column":32},"end":{"line":623,"column":null}},"198":{"start":{"line":613,"column":57},"end":{"line":623,"column":14}},"199":{"start":{"line":624,"column":12},"end":{"line":624,"column":null}},"200":{"start":{"line":625,"column":12},"end":{"line":625,"column":null}},"201":{"start":{"line":629,"column":32},"end":{"line":634,"column":null}},"202":{"start":{"line":629,"column":58},"end":{"line":634,"column":14}},"203":{"start":{"line":635,"column":12},"end":{"line":635,"column":null}},"204":{"start":{"line":636,"column":12},"end":{"line":636,"column":null}},"205":{"start":{"line":641,"column":12},"end":{"line":641,"column":null}}},"fnMap":{"0":{"name":"withTimeout","decl":{"start":{"line":16,"column":16},"end":{"line":16,"column":31}},"loc":{"start":{"line":16,"column":95},"end":{"line":23,"column":null}},"line":16},"1":{"name":"(anonymous_1)","decl":{"start":{"line":19,"column":27},"end":{"line":19,"column":28}},"loc":{"start":{"line":20,"column":12},"end":{"line":20,"column":null}},"line":20},"2":{"name":"(anonymous_2)","decl":{"start":{"line":20,"column":23},"end":{"line":20,"column":29}},"loc":{"start":{"line":20,"column":29},"end":{"line":20,"column":83}},"line":20},"3":{"name":"useSync","decl":{"start":{"line":34,"column":16},"end":{"line":34,"column":41}},"loc":{"start":{"line":34,"column":41},"end":{"line":178,"column":null}},"line":34},"4":{"name":"(anonymous_4)","decl":{"start":{"line":51,"column":14},"end":{"line":51,"column":20}},"loc":{"start":{"line":51,"column":20},"end":{"line":53,"column":7}},"line":51},"5":{"name":"(anonymous_5)","decl":{"start":{"line":56,"column":14},"end":{"line":56,"column":20}},"loc":{"start":{"line":56,"column":20},"end":{"line":75,"column":7}},"line":56},"6":{"name":"(anonymous_6)","decl":{"start":{"line":57,"column":29},"end":{"line":57,"column":35}},"loc":{"start":{"line":57,"column":35},"end":{"line":60,"column":null}},"line":57},"7":{"name":"(anonymous_7)","decl":{"start":{"line":62,"column":30},"end":{"line":62,"column":36}},"loc":{"start":{"line":62,"column":36},"end":{"line":66,"column":null}},"line":62},"8":{"name":"(anonymous_8)","decl":{"start":{"line":71,"column":15},"end":{"line":71,"column":21}},"loc":{"start":{"line":71,"column":21},"end":{"line":74,"column":null}},"line":71},"9":{"name":"(anonymous_9)","decl":{"start":{"line":78,"column":14},"end":{"line":78,"column":20}},"loc":{"start":{"line":78,"column":20},"end":{"line":89,"column":7}},"line":78},"10":{"name":"(anonymous_10)","decl":{"start":{"line":79,"column":35},"end":{"line":79,"column":47}},"loc":{"start":{"line":79,"column":47},"end":{"line":82,"column":null}},"line":79},"11":{"name":"(anonymous_11)","decl":{"start":{"line":88,"column":15},"end":{"line":88,"column":21}},"loc":{"start":{"line":88,"column":21},"end":{"line":88,"column":null}},"line":88},"12":{"name":"(anonymous_12)","decl":{"start":{"line":93,"column":14},"end":{"line":93,"column":20}},"loc":{"start":{"line":93,"column":20},"end":{"line":97,"column":7}},"line":93},"13":{"name":"(anonymous_13)","decl":{"start":{"line":99,"column":29},"end":{"line":99,"column":41}},"loc":{"start":{"line":99,"column":41},"end":{"line":168,"column":7}},"line":99},"14":{"name":"(anonymous_14)","decl":{"start":{"line":121,"column":17},"end":{"line":121,"column":29}},"loc":{"start":{"line":121,"column":29},"end":{"line":149,"column":19}},"line":121},"15":{"name":"processSyncItem","decl":{"start":{"line":180,"column":15},"end":{"line":180,"column":31}},"loc":{"start":{"line":180,"column":67},"end":{"line":232,"column":null}},"line":180},"16":{"name":"(anonymous_16)","decl":{"start":{"line":193,"column":17},"end":{"line":193,"column":29}},"loc":{"start":{"line":193,"column":29},"end":{"line":193,"column":105}},"line":193},"17":{"name":"(anonymous_17)","decl":{"start":{"line":206,"column":21},"end":{"line":206,"column":33}},"loc":{"start":{"line":206,"column":33},"end":{"line":206,"column":109}},"line":206},"18":{"name":"(anonymous_18)","decl":{"start":{"line":213,"column":21},"end":{"line":213,"column":34}},"loc":{"start":{"line":213,"column":34},"end":{"line":213,"column":115}},"line":213},"19":{"name":"(anonymous_19)","decl":{"start":{"line":224,"column":17},"end":{"line":224,"column":29}},"loc":{"start":{"line":224,"column":29},"end":{"line":224,"column":87}},"line":224},"20":{"name":"transformToSupabaseSchema","decl":{"start":{"line":238,"column":16},"end":{"line":238,"column":42}},"loc":{"start":{"line":238,"column":77},"end":{"line":330,"column":null}},"line":238},"21":{"name":"getSyncTimestamps","decl":{"start":{"line":335,"column":9},"end":{"line":335,"column":53}},"loc":{"start":{"line":335,"column":53},"end":{"line":342,"column":null}},"line":335},"22":{"name":"setSyncTimestamp","decl":{"start":{"line":344,"column":9},"end":{"line":344,"column":26}},"loc":{"start":{"line":344,"column":70},"end":{"line":352,"column":null}},"line":344},"23":{"name":"getSyncCounter","decl":{"start":{"line":359,"column":9},"end":{"line":359,"column":34}},"loc":{"start":{"line":359,"column":34},"end":{"line":365,"column":null}},"line":359},"24":{"name":"incrementSyncCounter","decl":{"start":{"line":367,"column":9},"end":{"line":367,"column":40}},"loc":{"start":{"line":367,"column":40},"end":{"line":373,"column":null}},"line":367},"25":{"name":"pullChangesFromServer","decl":{"start":{"line":375,"column":15},"end":{"line":375,"column":54}},"loc":{"start":{"line":375,"column":54},"end":{"line":454,"column":null}},"line":375},"26":{"name":"(anonymous_26)","decl":{"start":{"line":428,"column":17},"end":{"line":428,"column":29}},"loc":{"start":{"line":428,"column":29},"end":{"line":428,"column":36}},"line":428},"27":{"name":"updateLocalDatabase","decl":{"start":{"line":460,"column":16},"end":{"line":460,"column":36}},"loc":{"start":{"line":460,"column":77},"end":{"line":545,"column":null}},"line":460},"28":{"name":"(anonymous_28)","decl":{"start":{"line":470,"column":39},"end":{"line":470,"column":40}},"loc":{"start":{"line":470,"column":52},"end":{"line":484,"column":14}},"line":470},"29":{"name":"(anonymous_29)","decl":{"start":{"line":488,"column":49},"end":{"line":488,"column":50}},"loc":{"start":{"line":488,"column":62},"end":{"line":506,"column":14}},"line":488},"30":{"name":"(anonymous_30)","decl":{"start":{"line":510,"column":44},"end":{"line":510,"column":45}},"loc":{"start":{"line":510,"column":57},"end":{"line":520,"column":14}},"line":510},"31":{"name":"(anonymous_31)","decl":{"start":{"line":534,"column":42},"end":{"line":534,"column":43}},"loc":{"start":{"line":534,"column":56},"end":{"line":539,"column":14}},"line":534},"32":{"name":"mergeIntoStore","decl":{"start":{"line":553,"column":16},"end":{"line":553,"column":31}},"loc":{"start":{"line":553,"column":72},"end":
[...]
umn":29},"end":{"line":40,"column":10}},"9":{"start":{"line":39,"column":54},"end":{"line":39,"column":92}},"10":{"start":{"line":42,"column":23},"end":{"line":42,"column":null}},"11":{"start":{"line":42,"column":57},"end":{"line":42,"column":68}},"12":{"start":{"line":43,"column":8},"end":{"line":45,"column":null}},"13":{"start":{"line":44,"column":12},"end":{"line":44,"column":null}},"14":{"start":{"line":49,"column":8},"end":{"line":57,"column":null}},"15":{"start":{"line":50,"column":31},"end":{"line":50,"column":null}},"16":{"start":{"line":50,"column":67},"end":{"line":50,"column":78}},"17":{"start":{"line":51,"column":12},"end":{"line":56,"column":null}},"18":{"start":{"line":58,"column":8},"end":{"line":58,"column":null}},"19":{"start":{"line":61,"column":30},"end":{"line":61,"column":null}},"20":{"start":{"line":64,"column":8},"end":{"line":71,"column":null}},"21":{"start":{"line":66,"column":29},"end":{"line":66,"column":null}},"22":{"start":{"line":67,"column":12},"end":{"line":69,"column":null}},"23":{"start":{"line":67,"column":67},"end":{"line":67,"column":86}},"24":{"start":{"line":68,"column":16},"end":{"line":68,"column":null}},"25":{"start":{"line":70,"column":12},"end":{"line":70,"column":null}},"26":{"start":{"line":75,"column":45},"end":{"line":75,"column":null}},"27":{"start":{"line":76,"column":8},"end":{"line":76,"column":null}},"28":{"start":{"line":76,"column":43},"end":{"line":76,"column":67}}},"fnMap":{"0":{"name":"(anonymous_0)","decl":{"start":{"line":15,"column":33},"end":{"line":15,"column":34}},"loc":{"start":{"line":15,"column":71},"end":{"line":78,"column":null}},"line":15},"1":{"name":"(anonymous_1)","decl":{"start":{"line":19,"column":15},"end":{"line":19,"column":16}},"loc":{"start":{"line":19,"column":46},"end":{"line":35,"column":null}},"line":19},"2":{"name":"(anonymous_2)","decl":{"start":{"line":29,"column":12},"end":{"line":29,"column":13}},"loc":{"start":{"line":29,"column":29},"end":{"line":32,"column":10}},"line":29},"3":{"name":"(anonymous_3)","decl":{"start":{"line":37,"column":18},"end":{"line":37,"column":19}},"loc":{"start":{"line":37,"column":35},"end":{"line":46,"column":null}},"line":37},"4":{"name":"(anonymous_4)","decl":{"start":{"line":38,"column":12},"end":{"line":38,"column":13}},"loc":{"start":{"line":38,"column":29},"end":{"line":40,"column":10}},"line":38},"5":{"name":"(anonymous_5)","decl":{"start":{"line":39,"column":39},"end":{"line":39,"column":40}},"loc":{"start":{"line":39,"column":54},"end":{"line":39,"column":92}},"line":39},"6":{"name":"(anonymous_6)","decl":{"start":{"line":42,"column":42},"end":{"line":42,"column":43}},"loc":{"start":{"line":42,"column":57},"end":{"line":42,"column":68}},"line":42},"7":{"name":"(anonymous_7)","decl":{"start":{"line":48,"column":18},"end":{"line":48,"column":19}},"loc":{"start":{"line":48,"column":26},"end":{"line":59,"column":null}},"line":48},"8":{"name":"(anonymous_8)","decl":{"start":{"line":49,"column":12},"end":{"line":49,"column":13}},"loc":{"start":{"line":49,"column":28},"end":{"line":57,"column":9}},"line":49},"9":{"name":"(anonymous_9)","decl":{"start":{"line":50,"column":52},"end":{"line":50,"column":53}},"loc":{"start":{"line":50,"column":67},"end":{"line":50,"column":78}},"line":50},"10":{"name":"(anonymous_10)","decl":{"start":{"line":61,"column":22},"end":{"line":61,"column":23}},"loc":{"start":{"line":61,"column":30},"end":{"line":61,"column":null}},"line":61},"11":{"name":"(anonymous_11)","decl":{"start":{"line":63,"column":16},"end":{"line":63,"column":17}},"loc":{"start":{"line":63,"column":29},"end":{"line":72,"column":null}},"line":63},"12":{"name":"(anonymous_12)","decl":{"start":{"line":64,"column":12},"end":{"line":64,"column":13}},"loc":{"start":{"line":64,"column":28},"end":{"line":71,"column":9}},"line":64},"13":{"name":"(anonymous_13)","decl":{"start":{"line":67,"column":52},"end":{"line":67,"column":53}},"loc":{"start":{"line":67,"column":67},"end":{"line":67,"column":86}},"line":67},"14":{"name":"(anonymous_14)","decl":{"start":{"line":74,"column":22},"end":{"line":74,"column":28}},"loc":{"start":{"line":74,"column":28},"end":{"line":77,"column":null}},"line":74},"15":{"name":"(anonymous_15)","decl":{"start":{"line":76,"column":28},"end":{"line":76,"column":29}},"loc":{"start":{"line":76,"column":43},"end":{"line":76,"column":67}},"line":76}},"branchMap":{"0":{"loc":{"start":{"line":19,"column":22},"end":{"line":19,"column":46}},"type":"default-arg","locations":[{"start":{"line":19,"column":39},"end":{"line":19,"column":46}}],"line":19},"1":{"loc":{"start":{"line":25,"column":20},"end":{"line":25,"column":null}},"type":"binary-expr","locations":[{"start":{"line":25,"column":20},"end":{"line":25,"column":37}},{"start":{"line":25,"column":37},"end":{"line":25,"column":null}}],"line":25},"2":{"loc":{"start":{"line":31,"column":29},"end":{"line":31,"column":null}},"type":"cond-expr","locations":[{"start":{"line":31,"column":58},"end":{"line":31,"column":73}},{"start":{"line":31,"column":73},"end":{"line":31,"column":null}}],"line":31},"3":{"loc":{"start":{"line":39,"column":54},"end":{"line":39,"column":92}},"type":"cond-expr","locations":[{"start":{"line":39,"column":68},"end":{"line":39,"column":91}},{"start":{"line":39,"column":91},"end":{"line":39,"column":92}}],"line":39},"4":{"loc":{"start":{"line":43,"column":8},"end":{"line":45,"column":null}},"type":"if","locations":[{"start":{"line":43,"column":8},"end":{"line":45,"column":null}},{"start":{},"end":{}}],"line":43},"5":{"loc":{"start":{"line":53,"column":33},"end":{"line":55,"column":null}},"type":"cond-expr","locations":[{"start":{"line":54,"column":23},"end":{"line":54,"column":null}},{"start":{"line":55,"column":22},"end":{"line":55,"column":null}}],"line":53},"6":{"loc":{"start":{"line":54,"column":23},"end":{"line":54,"column":null}},"type":"cond-expr","locations":[{"start":{"line":54,"column":47},"end":{"line":54,"column":66}},{"start":{"line":54,"column":66},"end":{"line":54,"column":null}}],"line":54},"7":{"loc":{"start":{"line":67,"column":12},"end":{"line":69,"column":null}},"type":"if","locations":[{"start":{"line":67,"column":12},"end":{"line":69,"column":null}},{"start":{},"end":{}}],"line":67},"8":{"loc":{"start":{"line":67,"column":16},"end":{"line":67,"column":89}},"type":"binary-expr","locations":[{"start":{"line":67,"column":16},"end":{"line":67,"column":38}},{"start":{"line":67,"column":38},"end":{"line":67,"column":89}}],"line":67},"9":{"loc":{"start":{"line":76,"column":15},"end":{"line":76,"column":null}},"type":"binary-expr","locations":[{"start":{"line":76,"column":15},"end":{"line":76,"column":72}},{"start":{"line":76,"column":72},"end":{"line":76,"column":null}}],"line":76}},"s":{"0":1,"1":1,"2":0,"3":0,"4":0,"5":0,"6":0,"7":0,"8":0,"9":0,"10":0,"11":0,"12":0,"13":0,"14":0,"15":0,"16":0,"17":0,"18":0,"19":0,"20":0,"21":0,"22":0,"23":0,"24":0,"25":0,"26":0,"27":0,"28":0},"f":{"0":1,"1":0,"2":0,"3":0,"4":0,"5":0,"6":0,"7":0,"8":0,"9":0,"10":0,"11":0,"12":0,"13":0,"14":0,"15":0},"b":{"0":[0],"1":[0,0],"2":[0,0],"3":[0,0],"4":[0,0],"5":[0,0],"6":[0,0],"7":[0,0],"8":[0,0],"9":[0,0]},"meta":{"lastBranch":10,"lastFunction":16,"lastStatement":29,"seen":{"s:15:33:78:Infinity":0,"f:15:33:15:34":0,"s:15:71:78:Infinity":1,"f:19:15:19:16":1,"b:19:39:19:46":0,"s:20:34:20:Infinity":2,"s:21:34:27:Infinity":3,"b:25:20:25:37:25:37:25:Infinity":1,"s:29:8:32:Infinity":4,"f:29:12:29:13":2,"s:29:29:32:10":5,"b:31:58:31:73:31:73:31:Infinity":2,"s:34:8:34:Infinity":6,"f:37:18:37:19":3,"s:38:8:40:Infinity":7,"f:38:12:38:13":4,"s:38:29:40:10":8,"f:39:39:39:40":5,"s:39:54:39:92":9,"b:39:68:39:91:39:91:39:92":3,"s:42:23:42:Infinity":10,"f:42:42:42:43":6,"s:42:57:42:68":11,"b:43:8:45:Infinity:undefined:undefined:undefined:undefined":4,"s:43:8:45:Infinity":12,"s:44:12:44:Infinity":13,"f:48:18:48:19":7,"s:49:8:57:Infinity":14,"f:49:12:49:13":8,"s:50:31:50:Infinity":15,"f:50:52:50:53":9,"s:50:67:50:78":16,"s:51:12:56:Infinity":17,"b:54:23:54:Infinity:55:22:55:Infinity":5,"b:54:47:54:66:54:66:54:Infinity":6,"s:58:8:58:Infinity":18,"f:61:22:61:23":10,"s:61:30:61:Infinity":19,"f:63:16:63:17":11,"s:64:8:71:Infinity":20,"f:64:12:64:13":12,"s:66:29:66:Infinity":21,"b:67:12:69:Infinity:undefined:undefined:undefined:undefined":7,"s:67:12:69:Infinity":22,"b:67:16:67:38:67:38:67:89":8,"f:67:52:67:53":13,"s:67:67:67:86":23,"s:68:16:68:Infinity":24,"s:70:12:70:Infinity":25,"f:74:22:74:28":14,"s:75:45:75:Infinity":26,"s:76:8:76:Infinity":27,"b:76:15:76:72:76:72:76:Infinity":9,"f:76:28:76:29":15,"s:76:43:76:67":28}}}
,"C:\\Users\\kevin\\Downloads\\falconforge\\src\\lib\\slices\\createSubTeamSlice.ts": {"path":"C:\\Users\\kevin\\Downloads\\falconforge\\src\\lib\\slices\\createSubTeamSlice.ts","statementMap":{"0":{"start":{"line":12,"column":34},"end":{"line":66,"column":null}},"1":{"start":{"line":12,"column":73},"end":{"line":66,"column":null}},"2":{"start":{"line":15,"column":42},"end":{"line":15,"column":null}},"3":{"start":{"line":18,"column":51},"end":{"line":18,"column":null}},"4":{"start":{"line":19,"column":36},"end":{"line":24,"column":null}},"5":{"start":{"line":25,"column":8},"end":{"line":27,"column":null}},"6":{"start":{"line":25,"column":29},"end":{"line":27,"column":10}},"7":{"start":{"line":29,"column":8},"end":{"line":32,"column":null}},"8":{"start":{"line":36,"column":8},"end":{"line":38,"column":null}},"9":{"start":{"line":36,"column":29},"end":{"line":38,"column":10}},"10":{"start":{"line":37,"column":60},"end":{"line":37,"column":71}},"11":{"start":{"line":39,"column":8},"end":{"line":39,"column":null}},"12":{"start":{"line":43,"column":8},"end":{"line":64,"column":null}},"13":{"start":{"line":44,"column":36},"end":{"line":62,"column":null}},"14":{"start":{"line":45,"column":16},"end":{"line":60,"column":null}},"15":{"start":{"line":46,"column":37},"end":{"line":46,"column":null}},"16":{"start":{"line":47,"column":41},"end":{"line":49,"column":null}},"17":{"start":{"line":48,"column":57},"end":{"line":48,"column":76}},"18":{"start":{"line":51,"column":43},"end":{"line":51,"column":null}},"19":{"start":{"line":54,"column":20},"end":{"line":57,"column":null}},"20":{"start":{"line":59,"column":20},"end":{"line":59,"column":null}},"21":{"start":{"line":61,"column":16},"end":{"line":61,"column":null}},"22":{"start":{"line":63,"column":12},"end":{"line":63,"column":null}}},"fnMap":{"0":{"name":"(anonymous_0)","decl":{"start":{"line":12,"column":34},"end":{"line":12,"column":35}},"loc":{"start":{"line":12,"column":73},"end":{"line":66,"column":null}},"line":12},"1":{"name":"(anonymous_1)","decl":{"start":{"line":15,"column":17},"end":{"line":15,"column":18}},"loc":{"start":{"line":15,"column":42},"end":{"line":15,"column":null}},"line":15},"2":{"name":"(anonymous_2)","decl":{"start":{"line":17,"column":16},"end":{"line":17,"column":17}},"loc":{"start":{"line":17,"column":34},"end":{"line":33,"column":null}},"line":17},"3":{"name":"(anonymous_3)","decl":{"start":{"line":25,"column":12},"end":{"line":25,"column":13}},"loc":{"start":{"line":25,"column":29},"end":{"line":27,"column":10}},"line":25},"4":{"name":"(anonymous_4)","decl":{"start":{"line":35,"column":19},"end":{"line":35,"column":20}},"loc":{"start":{"line":35,"column":35},"end":{"line":40,"column":null}},"line":35},"5":{"name":"(anonymous_5)","decl":{"start":{"line":36,"column":12},"end":{"line":36,"column":13}},"loc":{"start":{"line":36,"column":29},"end":{"line":38,"column":10}},"line":36},"6":{"name":"(anonymous_6)","decl":{"start":{"line":37,"column":44},"end":{"line":37,"column":45}},"loc":{"start":{"line":37,"column":60},"end":{"line":37,"column":71}},"line":37},"7":{"name":"(anonymous_7)","decl":{"start":{"line":42,"column":27},"end":{"line":42,"column":28}},"loc":{"start":{"line":42,"column":72},"end":{"line":65,"column":null}},"line":42},"8":{"name":"(anonymous_8)","decl":{"start":{"line":43,"column":12},"end":{"line":43,"column":13}},"loc":{"start":{"line":43,"column":28},"end":{"line":64,"column":9}},"line":43},"9":{"name":"(anonymous_9)","decl":{"start":{"line":44,"column":55},"end":{"line":44,"column":56}},"loc":{"start":{"line":44,"column":77},"end":{"line":62,"column":13}},"line":44},"10":{"name":"(anonymous_10)","decl":{"start":{"line":48,"column":51},"end":{"line":48,"column":57}},"loc":{"start":{"line":48,"column":57},"end":{"line":48,"column":76}},"line":48}},"branchMap":{"0":{"loc":{"start":{"line":45,"column":16},"end":{"line":60,"column":null}},"type":"if","locations":[{"start":{"line":45,"column":16},"end":{"line":60,"column":null}},{"start":{},"end":{}}],"line":45},"1":{"loc":{"start":{"line":47,"column":41},"end":{"line":49,"column":null}},"type":"cond-expr","locations":[{"start":{"line":48,"column":26},"end":{"line":48,"column":null}},{"start":{"line":49,"column":26},"end":{"line":49,"column":null}}],"line":47}},"s":{"0":1,"1":1,"2":5,"3":0,"4":0,"5":0,"6":0,"7":0,"8":0,"9":0,"10":0,"11":0,"12":0,"13":0,"14":0,"15":0,"16":0,"17":0,"18":0,"19":0,"20":0,"21":0,"22":0},"f":{"0":1,"1":5,"2":0,"3":0,"4":0,"5":0,"6":0,"7":0,"8":0,"9":0,"10":0},"b":{"0":[0,0],"1":[0,0]},"meta":{"lastBranch":2,"lastFunction":11,"lastStatement":23,"seen":{"s:12:34:66:Infinity":0,"f:12:34:12:35":0,"s:12:73:66:Infinity":1,"f:15:17:15:18":1,"s:15:42:15:Infinity":2,"f:17:16:17:17":2,"s:18:51:18:Infinity":3,"s:19:36:24:Infinity":4,"s:25:8:27:Infinity":5,"f:25:12:25:13":3,"s:25:29:27:10":6,"s:29:8:32:Infinity":7,"f:35:19:35:20":4,"s:36:8:38:Infinity":8,"f:36:12:36:13":5,"s:36:29:38:10":9,"f:37:44:37:45":6,"s:37:60:37:71":10,"s:39:8:39:Infinity":11,"f:42:27:42:28":7,"s:43:8:64:Infinity":12,"f:43:12:43:13":8,"s:44:36:62:Infinity":13,"f:44:55:44:56":9,"b:45:16:60:Infinity:undefined:undefined:undefined:undefined":0,"s:45:16:60:Infinity":14,"s:46:37:46:Infinity":15,"s:47:41:49:Infinity":16,"b:48:26:48:Infinity:49:26:49:Infinity":1,"f:48:51:48:57":10,"s:48:57:48:76":17,"s:51:43:51:Infinity":18,"s:54:20:57:Infinity":19,"s:59:20:59:Infinity":20,"s:61:16:61:Infinity":21,"s:63:12:63:Infinity":22}}}
,"C:\\Users\\kevin\\Downloads\\falconforge\\src\\lib\\slices\\createTaskSlice.ts": {"path":"C:\\Users\\kevin\\Downloads\\falconforge\\src\\lib\\slices\\createTaskSlice.ts","statementMap":{"0":{"start":{"line":12,"column":31},"end":{"line":68,"column":null}},"1":{"start":{"line":12,"column":67},"end":{"line":68,"column":null}},"2":{"start":{"line":15,"column":33},"end":{"line":15,"column":null}},"3":{"start":{"line":18,"column":22},"end":{"line":18,"column":null}},"4":{"start":{"line":19,"column":30},"end":{"line":33,"column":null}},"5":{"start":{"line":35,"column":8},"end":{"line":37,"column":null}},"6":{"start":{"line":35,"column":25},"end":{"line":37,"column":10}},"7":{"start":{"line":38,"column":8},"end":{"line":41,"column":null}},"8":{"start":{"line":43,"column":8},"end":{"line":43,"column":null}},"9":{"start":{"line":47,"column":8},"end":{"line":51,"column":null}},"10":{"start":{"line":47,"column":29},"end":{"line":51,"column":10}},"11":{"start":{"line":49,"column":16},"end":{"line":49,"column":null}},"12":{"start":{"line":53,"column":21},"end":{"line":53,"column":null}},"13":{"start":{"line":53,"column":51},"end":{"line":53,"column":62}},"14":{"start":{"line":54,"column":8},"end":{"line":59,"column":null}},"15":{"start":{"line":55,"column":12},"end":{"line":58,"column":null}},"16":{"start":{"line":63,"column":8},"end":{"line":65,"column":null}},"17":{"start":{"line":63,"column":29},"end":{"line":65,"column":10}},"18":{"start":{"line":64,"column":54},"end":{"line":64,"column":68}},"19":{"start":{"line":66,"column":8},"end":{"line":66,"column":null}}},"fnMap":{"0":{"name":"(anonymous_0)","decl":{"start":{"line":12,"column":31},"end":{"line":12,"column":32}},"loc":{"start":{"line":12,"column":67},"end":{"line":68,"column":null}},"line":12},"1":{"name":"(anonymous_1)","decl":{"start":{"line":15,"column":14},"end":{"line":15,"column":15}},"loc":{"start":{"line":15,"column":33},"end":{"line":15,"column":null}},"line":15},"2":{"name":"(anonymous_2)","decl":{"start":{"line":17,"column":13},"end":{"line":17,"column":14}},"loc":{"start":{"line":17,"column":27},"end":{"line":44,"column":null}},"line":17},"3":{"name":"(anonymous_3)","decl":{"start":{"line":35,"column":12},"end":{"line":35,"column":13}},"loc":{"start":{"line":35,"column":25},"end":{"line":37,"column":10}},"line":35},"4":{"name":"(anonymous_4)","decl":{"start":{"line":46,"column":16},"end":{"line":46,"column":17}},"loc":{"start":{"line":46,"column":33},"end":{"line":60,"column":null}},"line":46},"5":{"name":"(anonymous_5)","decl":{"start":{"line":47,"column":12},"end":{"line":47,"column":13}},"loc":{"start":{"line":47,"column":29},"end":{"line":51,"column":10}},"line":47},"6":{"name":"(anonymous_6)","decl":{"start":{"line":48,"column":35},"end":{"line":48,"column":36}},"loc":{"start":{"line":49,"column":16},"end":{"line":49,"column":null}},"line":49},"7":{"name":"(anonymous_7)","decl":{"start":{"line":53,"column":38},"end":{"line":53,"column":39}},"loc":{"start":{"line":53,"column":51},"end":{"line":53,"column":62}},"line":53},"8":{"name":"(anonymous_8)","decl":{"start":{"line":62,"column":16},"end":{"line":62,"column":17}},"loc":{"start":{"line":62,"column":24},"end":{"line":67,"column":null}},"line":62},"9":{"name":"(anonymous_9)","decl":{"start":{"line":63,"column":12},"end":{"line":63,"column":13}},"loc":{"start":{"line":63,"column":29},"end":{"line":65,"column":10}},"line":63},"10":{"name":"(anonymous_10)","decl":{"start":{"line":64,"column":38},"end":{"line":64,"column":39}},"loc":{"start":{"line":64,"column":54},"end":{"line":64,"column":68}},"line":64}},"branchMap":{"0":{"loc":{"start":{"line":23,"column":21},"end":{"line":23,"column":null}},"type":"binary-expr","locations":[{"start":{"line":23,"column":21},"end":{"line":23,"column":48}},{"start":{"line":23,"column":48},"end":{"line":23,"column":null}}],"line":23},"1":{"loc":{"start":{"line":24,"column":23},"end":{"line":24,"column":null}},"type":"binary-expr","locations":[{"start":{"line":24,"column":23},"end":{"line":24,"column":45}},{"start":{"line":24,"column":45},"end":{"line":24,"column":null}}],"line":24},"2":{"loc":{"start":{"line":25,"column":22},"end":{"line":25,"column":null}},"type":"binary-expr","locations":[{"start":{"line":25,"column":22},"end":{"line":25,"column":47}},{"start":{"line":25,"column":47},"end":{"line":25,"column":null}}],"line":25},"3":{"loc":{"start":{"line":49,"column":16},"end":{"line":49,"column":null}},"type":"cond-expr","locations":[{"start":{"line":49,"column":33},"end":{"line":49,"column":59}},{"start":{"line":49,"column":59},"end":{"line":49,"column":null}}],"line":49},"4":{"loc":{"start":{"line":54,"column":8},"end":{"line":59,"column":null}},"type":"if","locations":[{"start":{"line":54,"column":8},"end":{"line":59,"column":null}},{"start":{},"end":{}}],"line":54}},"s":{"0":1,"1":1,"2":5,"3":0,"4":0,"5":0,"6":0,"7":0,"8":0,"9":0,"10":0,"11":0,"12":0,"13":0,"14":0,"15":0,"16":0,"17":0,"18":0,"19":0},"f":{"0":1,"1":5,"2":0,"3":0,"4":0,"5":0,"6":0,"7":0,"8":0,"9":0,"10":0},"b":{"0":[0,0],"1":[0,0],"2":[0,0],"3":[0,0],"4":[0,0]},"meta":{"lastBranch":5,"lastFunction":11,"lastStatement":20,"seen":{"s:12:31:68:Infinity":0,"f:12:31:12:32":0,"s:12:67:68:Infinity":1,"f:15:14:15:15":1,"s:15:33:15:Infinity":2,"f:17:13:17:14":2,"s:18:22:18:Infinity":3,"s:19:30:33:Infinity":4,"b:23:21:23:48:23:48:23:Infinity":0,"b:24:23:24:45:24:45:24:Infinity":1,"b:25:22:25:47:25:47:25:Infinity":2,"s:35:8:37:Infinity":5,"f:35:12:35:13":3,"s:35:25:37:10":6,"s:38:8:41:Infinity":7,"s:43:8:43:Infinity":8,"f:46:16:46:17":4,"s:47:8:51:Infinity":9,"f:47:12:47:13":5,"s:47:29:51:10":10,"f:48:35:48:36":6,"s:49:16:49:Infinity":11,"b:49:33:49:59:49:59:49:Infinity":3,"s:53:21:53:Infinity":12,"f:53:38:53:39":7,"s:53:51:53:62":13,"b:54:8:59:Infinity:undefined:undefined:undefined:undefined":4,"s:54:8:59:Infinity":14,"s:55:12:58:Infinity":15,"f:62:16:62:17":8,"s:63:8:65:Infinity":16,"f:63:12:63:13":9,"s:63:29:65:10":17,"f:64:38:64:39":10,"s:64:54:64:68":18,"s:66:8:66:Infinity":19}}}
}
