{"C:\\Users\\kevin\\Downloads\\falconforge\\src\\App.tsx": {"path":"C:\\Users\\kevin\\Downloads\\falconforge\\src\\App.tsx","statementMap":{"0":{"start":{"line":29,"column":34},"end":{"line":29,"column":null}},"1":{"start":{"line":30,"column":48},"end":{"line":30,"column":null}},"2":{"start":{"line":31,"column":40},"end":{"line":31,"column":null}},"3":{"start":{"line":46,"column":4},"end":{"line":46,"column":null}},"4":{"start":{"line":47,"column":10},"end":{"line":47,"column":null}},"5":{"start":{"line":50,"column":18},"end":{"line":50,"column":null}},"6":{"start":{"line":50,"column":39},"end":{"line":50,"column":84}},"7":{"start":{"line":51,"column":24},"end":{"line":51,"column":null}},"8":{"start":{"line":51,"column":51},"end":{"line":51,"column":100}},"9":{"start":{"line":52,"column":21},"end":{"line":52,"column":null}},"10":{"start":{"line":52,"column":45},"end":{"line":52,"column":90}},"11":{"start":{"line":55,"column":31},"end":{"line":61,"column":null}},"12":{"start":{"line":55,"column":47},"end":{"line":61,"column":6}},"13":{"start":{"line":57,"column":39},"end":{"line":60,"column":10}},"14":{"start":{"line":63,"column":26},"end":{"line":81,"column":null}},"15":{"start":{"line":65,"column":8},"end":{"line":65,"column":null}},"16":{"start":{"line":67,"column":8},"end":{"line":67,"column":null}},"17":{"start":{"line":68,"column":8},"end":{"line":68,"column":null}},"18":{"start":{"line":70,"column":8},"end":{"line":70,"column":null}},"19":{"start":{"line":72,"column":8},"end":{"line":78,"column":null}},"20":{"start":{"line":73,"column":58},"end":{"line":73,"column":null}},"21":{"start":{"line":74,"column":12},"end":{"line":74,"column":null}},"22":{"start":{"line":75,"column":12},"end":{"line":75,"column":null}},"23":{"start":{"line":77,"column":12},"end":{"line":77,"column":null}},"24":{"start":{"line":80,"column":8},"end":{"line":80,"column":null}},"25":{"start":{"line":84,"column":28},"end":{"line":84,"column":null}},"26":{"start":{"line":84,"column":50},"end":{"line":84,"column":71}},"27":{"start":{"line":85,"column":20},"end":{"line":85,"column":null}},"28":{"start":{"line":88,"column":4},"end":{"line":92,"column":null}},"29":{"start":{"line":89,"column":8},"end":{"line":91,"column":null}},"30":{"start":{"line":90,"column":12},"end":{"line":90,"column":null}},"31":{"start":{"line":95,"column":4},"end":{"line":111,"column":null}},"32":{"start":{"line":96,"column":8},"end":{"line":96,"column":null}},"33":{"start":{"line":96,"column":28},"end":{"line":96,"column":null}},"34":{"start":{"line":98,"column":8},"end":{"line":98,"column":null}},"35":{"start":{"line":100,"column":29},"end":{"line":100,"column":null}},"36":{"start":{"line":101,"column":30},"end":{"line":101,"column":null}},"37":{"start":{"line":103,"column":8},"end":{"line":103,"column":null}},"38":{"start":{"line":104,"column":8},"end":{"line":104,"column":null}},"39":{"start":{"line":106,"column":8},"end":{"line":110,"column":null}},"40":{"start":{"line":107,"column":12},"end":{"line":107,"column":null}},"41":{"start":{"line":108,"column":12},"end":{"line":108,"column":null}},"42":{"start":{"line":109,"column":12},"end":{"line":109,"column":null}},"43":{"start":{"line":113,"column":4},"end":{"line":191,"column":null}},"44":{"start":{"line":124,"column":36},"end":{"line":124,"column":null}},"45":{"start":{"line":144,"column":51},"end":{"line":144,"column":null}},"46":{"start":{"line":145,"column":32},"end":{"line":149,"column":null}},"47":{"start":{"line":146,"column":36},"end":{"line":146,"column":null}},"48":{"start":{"line":148,"column":36},"end":{"line":148,"column":null}},"49":{"start":{"line":152,"column":32},"end":{"line":159,"column":null}},"50":{"start":{"line":153,"column":53},"end":{"line":153,"column":null}},"51":{"start":{"line":153,"column":70},"end":{"line":153,"column":84}},"52":{"start":{"line":154,"column":36},"end":{"line":158,"column":null}},"53":{"start":{"line":155,"column":40},"end":{"line":155,"column":null}},"54":{"start":{"line":157,"column":40},"end":{"line":157,"column":null}},"55":{"start":{"line":196,"column":28},"end":{"line":196,"column":null}},"56":{"start":{"line":197,"column":35},"end":{"line":197,"column":null}},"57":{"start":{"line":200,"column":4},"end":{"line":202,"column":null}},"58":{"start":{"line":201,"column":8},"end":{"line":201,"column":null}},"59":{"start":{"line":205,"column":4},"end":{"line":211,"column":null}},"60":{"start":{"line":206,"column":8},"end":{"line":210,"column":null}},"61":{"start":{"line":207,"column":12},"end":{"line":207,"column":null}},"62":{"start":{"line":209,"column":12},"end":{"line":209,"column":null}},"63":{"start":{"line":214,"column":4},"end":{"line":242,"column":null}},"64":{"start":{"line":215,"column":8},"end":{"line":240,"column":null}},"65":{"start":{"line":244,"column":4},"end":{"line":298,"column":null}}},"fnMap":{"0":{"name":"Dashboard","decl":{"start":{"line":28,"column":9},"end":{"line":28,"column":21}},"loc":{"start":{"line":28,"column":21},"end":{"line":193,"column":null}},"line":28},"1":{"name":"(anonymous_1)","decl":{"start":{"line":50,"column":34},"end":{"line":50,"column":39}},"loc":{"start":{"line":50,"column":39},"end":{"line":50,"column":84}},"line":50},"2":{"name":"(anonymous_2)","decl":{"start":{"line":51,"column":46},"end":{"line":51,"column":51}},"loc":{"start":{"line":51,"column":51},"end":{"line":51,"column":100}},"line":51},"3":{"name":"(anonymous_3)","decl":{"start":{"line":52,"column":40},"end":{"line":52,"column":45}},"loc":{"start":{"line":52,"column":45},"end":{"line":52,"column":90}},"line":52},"4":{"name":"(anonymous_4)","decl":{"start":{"line":55,"column":41},"end":{"line":55,"column":47}},"loc":{"start":{"line":55,"column":47},"end":{"line":61,"column":6}},"line":55},"5":{"name":"(anonymous_5)","decl":{"start":{"line":57,"column":33},"end":{"line":57,"column":39}},"loc":{"start":{"line":57,"column":39},"end":{"line":60,"column":10}},"line":57},"6":{"name":"(anonymous_6)","decl":{"start":{"line":63,"column":26},"end":{"line":63,"column":38}},"loc":{"start":{"line":63,"column":38},"end":{"line":81,"column":null}},"line":63},"7":{"name":"(anonymous_7)","decl":{"start":{"line":84,"column":45},"end":{"line":84,"column":50}},"loc":{"start":{"line":84,"column":50},"end":{"line":84,"column":71}},"line":84},"8":{"name":"(anonymous_8)","decl":{"start":{"line":88,"column":14},"end":{"line":88,"column":20}},"loc":{"start":{"line":88,"column":20},"end":{"line":92,"column":7}},"line":88},"9":{"name":"(anonymous_9)","decl":{"start":{"line":95,"column":14},"end":{"line":95,"column":20}},"loc":{"start":{"line":95,"column":20},"end":{"line":111,"column":7}},"line":95},"10":{"name":"(anonymous_10)","decl":{"start":{"line":100,"column":29},"end":{"line":100,"column":35}},"loc":{"start":{"line":100,"column":29},"end":{"line":100,"column":null}},"line":100},"11":{"name":"(anonymous_11)","decl":{"start":{"line":101,"column":30},"end":{"line":101,"column":36}},"loc":{"start":{"line":101,"column":30},"end":{"line":101,"column":null}},"line":101},"12":{"name":"(anonymous_12)","decl":{"start":{"line":106,"column":15},"end":{"line":106,"column":21}},"loc":{"start":{"line":106,"column":21},"end":{"line":110,"column":null}},"line":106},"13":{"name":"(anonymous_13)","decl":{"start":{"line":124,"column":30},"end":{"line":124,"column":36}},"loc":{"start":{"line":124,"column":36},"end":{"line":124,"column":null}},"line":124},"14":{"name":"(anonymous_14)","decl":{"start":{"line":142,"column":38},"end":{"line":142,"column":39}},"loc":{"start":{"line":142,"column":52},"end":{"line":160,"column":null}},"line":142},"15":{"name":"(anonymous_15)","decl":{"start":{"line":152,"column":53},"end":{"line":152,"column":54}},"loc":{"start":{"line":152,"column":65},"end":{"line":159,"column":33}},"line":152},"16":{"name":"(anonymous_16)","decl":{"start":{"line":153,"column":64},"end":{"line":153,"column":70}},"loc":{"start":{"line":153,"column":70},"end":{"line":153,"column":84}},"line":153},"17":{"name":"App","decl":{"start":{"line":195,"column":9},"end":{"line":195,"column":15}},"loc":{"start":{"line":195,"column":15},"end":{"line":300,"column":null}},"line":195},"18":{"name":"(anonymous_18)","decl":{"start":{"line":200,"column":14},"end":{"line":200,"column":20}},"loc":{"start":{"line":200,"column":20},"end":{"line":202,"column":7}},"line":200},"19":{"name":"(anonymous_19)","decl":{"start":{"line":205,"column":14},"end":{"line":205,"column":20}},"loc":{"start":{"line":205,"column":20},"end":{"line":211,"column":7}},"line":205}},"branchMap":{"0":{"loc":{"start":{"line":50,"column":39},"end":{"line":50,"column":84}},"type":"binary-expr","locations":[{"start":{"line":50,"column":39},"end":{"line":50,"column":54}},{"start":{"line":50,"column":54},"end":{"line":50,"column":84}}],"line":50},"1":{"loc":{"start":{"line":52,"column":45},"end":{"line":52,"column":90}},"type":"binary-expr","locations":[{"start":{"line":52,"column":45},"end":{"line":52,"column":60}},{"start":{"line":52,"column":60},"end":{"line":52,"column":90}}],"line":52},"2":{"loc":{"start":{"line":89,"column":8},"end":{"line":91,"column":null}},"type":"if","locations":[{"start":{"line":89,"column":8},"end":{"line":91,"column":null}},{"start":{},"end":{}}],"line":89},"3":{"loc":{"start":{"line":96,"column":8},"end":{"line":96,"column":null}},"type":"if","locations":[{"start":{"line":96,"column":8},"end":{"line":96,"column":null}},{"start":{},"end":{}}],"line":96},"4":{"loc":{"start":{"line":122,"column":30},"end":{"line":122,"column":null}},"type":"binary-expr","locations":[{"start":{"line":122,"column":30},"end":{"line":122,"column":46}},{"start":{"line":122,"column":46},"end":{"line":122,"column":null}}],"line":122},"5":{"loc":{"start":{"line":138,"column":21},"end":{"line":138,"column":null}},"type":"binary-expr","locations":[{"start":{"line":138,"column":21},"end":{"line":138,"column":50}},{"start":{"line":138,"column":50},"end":{"line":138,"column":null}}],"line":138},"6":{"loc":{"start":{"line":139,"column":21},"end":{"line":163,"column":null}},"type":"binary-expr","locations":[{"start":{"line":139,"column":21},"end":{"line":139,"column":null}},{"start":{"line":140,"column":24},"end":{"line":163,"column":null}}],"line":139},"7":{"loc":{"start":{"line":145,"column":32},"end":{"line":149,"column":null}},"type":"if","locations":[{"start":{"line":145,"column":32},"end":{"line":149,"column":null}},{"start":{"line":147,"column":39},"end":{"line":149,"column":null}}],"line":145},"8":{"loc":{"start":{"line":154,"column":36},"end":{"line":158,"column":null}},"type":"if","locations":[{"start":{"line":154,"column":36},"end":{"line":158,"column":null}},{"start":{"line":156,"column":43},"end":{"line":158,"column":null}}],"line":154},"9":{"loc":{"start":{"line":165,"column":21},"end":{"line":165,"column":null}},"type":"binary-expr","locations":[{"start":{"line":165,"column":21},"end":{"line":165,"column":50}},{"start":{"line":165,"column":50},"end":{"line":165,"column":null}}],"line":165},"10":{"loc":{"start":{"line":166,"column":21},"end":{"line":166,"column":null}},"type":"binary-expr","locations":[{"start":{"line":166,"column":21},"end":{"line":166,"column":49}},{"start":{"line":166,"column":49},"end":{"line":166,"column":null}}],"line":166},"11":{"loc":{"start":{"line":167,"column":21},"end":{"line":167,"column":null}},"type":"binary-expr","locations":[{"start":{"line":167,"column":21},"end":{"line":167,"column":48}},{"start":{"line":167,"column":48},"end":{"line":167,"column":null}}],"line":167},"12":{"loc":{"start":{"line":168,"column":21},"end":{"line":168,"column":null}},"type":"binary-expr","locations":[{"start":{"line":168,"column":21},"end":{"line":168,"column":44}},{"start":{"line":168,"column":44},"end":{"line":168,"column":73}},{"start":{"line":168,"column":73},"end":{"line":168,"column":null}}],"line":168},"13":{"loc":{"start":{"line":169,"column":21},"end":{"line":169,"column":null}},"type":"binary-expr","locations":[{"start":{"line":169,"column":21},"end":{"line":169,"column":44}},{"start":{"line":169,"column":44},"end":{"line":169,"column":71}},{"start":{"line":169,"column":71},"end":{"line":169,"column":null}}],"line":169},"14":{"loc":{"start":{"line":170,"column":21},"end":{"line":170,"column":null}},"type":"binary-expr","locations":[{"start":{"line":170,"column":21},"end":{"line":170,"column":48}},{"start":{"line":170,"column":48},"end":{"line":170,"column":null}}],"line":170},"15":{"loc":{"start":{"line":171,"column":21},"end":{"line":186,"column":null}},"type":"binary-expr","locations":[{"start":{"line":171,"column":21},"end":{"line":171,"column":null}},{"start":{"line":172,"column":24},"end":{"line":186,"column":null}}],"line":171},"16":{"loc":{"start":{"line":172,"column":24},"end":{"line":186,"column":null}},"type":"cond-expr","locations":[{"start":{"line":173,"column":28},"end":{"line":176,"column":null}},{"start":{"line":178,"column":28},"end":{"line":186,"column":null}}],"line":172},"17":{"loc":{"start":{"line":206,"column":8},"end":{"line":210,"column":null}},"type":"if","locations":[{"start":{"line":206,"column":8},"end":{"line":210,"column":null}},{"start":{"line":208,"column":15},"end":{"line":210,"column":null}}],"line":206},"18":{"loc":{"start":{"line":214,"column":4},"end":{"line":242,"column":null}},"type":"if","locations":[{"start":{"line":214,"column":4},"end":{"line":242,"column":null}},{"start":{},"end":{}}],"line":214},"19":{"loc":{"start":{"line":249,"column":20},"end":{"line":249,"column":null}},"type":"cond-expr","locations":[{"start":{"line":249,"column":27},"end":{"line":249,"column":67}},{"start":{"line":249,"column":67},"end":{"line":249,"column":null}}],"line":249},"20":{"loc":{"start":{"line":282,"column":20},"end":{"line":282,"column":null}},"type":"cond-expr","locations":[{"start":{"line":282,"column":27},"end":{"line":282,"column":44}},{"start":{"line":282,"column":44},"end":{"line":282,"column":null}}],"line":282},"21":{"loc":{"start":{"line":286,"column":20},"end":{"line":286,"column":null}},"type":"cond-expr","locations":[{"start":{"line":286,"column":27},"end":{"line":286,"column":44}},{"start":{"line":286,"column":44},"end":{"line":286,"column":null}}],"line":286},"22":{"loc":{"start":{"line":295,"column":20},"end":{"line":295,"column":null}},"type":"cond-expr","locations":[{"start":{"line":295,"column":27},"end":{"line":295,"column":43}},{"start":{"line":295,"column":43},"end":{"line":295,"column":null}}],"line":295}},"s":{"0":9,"1":9,"2":9,"3":9,"4":9,"5":9,"6":0,"7":9,"8":9,"9":9,"10":0,"11":9,"12":0,"13":0,"14":9,"15":0,"16":0,"17":0,"18":0,"19":0,"20":0,"21":0,"22":0,"23":0,"24":0,"25":9,"26":9,"27":9,"28":9,"29":8,"30":8,"31":9,"32":8,"33":0,"34":8,"35":0,"36":0,"37":8,"38":8,"39":8,"40":8,"41":8,"42":8,"43":9,"44":0,"45":0,"46":0,"47":0,"48":0,"49":0,"50":0,"51":0,"52":0,"53":0,"54":0,"55":9,"56":9,"57":9,"58":9,"59":9,"60":9,"61":9,"62":0,"63":9,"64":0,"65":9},"f":{"0":9,"1":0,"2":9,"3":0,"4":0,"5":0,"6":0,"7":9,"8":8,"9":8,"10":0,"11":0,"12":8,"13":0,"14":0,"15":0,"16":0,"17":9,"18":9,"19":9},"b":{"0":[0,0],"1":[0,0],"2":[8,0],"3":[0,8],"4":[9,0],"5":[9,8],"6":[9,0],"7":[0,0],"8":[0,0],"9":[9,1],"10":[9,0],"11":[9,0],"12":[9,0,0],"13":[9,0,0],"14":[9,0],"15":[9,0],"16":[0,0],"17":[9,0],"18":[0,9],"19":[8,1],"20":[8,1],"21":[8,1],"22":[8,1]},"meta":{"lastBranch":23,"lastFunction":20,"lastStatement":66,"seen":{"f:28:9:28:21":0,"s:29:34:29:Infinity":0,"s:30:48:30:Infinity":1,"s:31:40:31:Infinity":2,"s:46:4:46:Infinity":3,"s:47:10:47:Infinity":4,"s:50:18:50:Infinity":5,"f:50:34:50:39":1,"s:50:39:50:84":6,"b:50:39:50:54:50:54:50:84":0,"s:51:24:51:Infinity":7,"f:51:46:51:51":2,"s:51:51:51:100":8,"s:52:21:52:Infinity":9,"f:52:40:52:45":3,"s:52:45:52:90":10,"b:52:45:52:60:52:60:52:90":1,"s:55:31:61:Infinity":11,"f:55:41:55:47":4,"s:55:47:61:6":12,"f:57:33:57:39":5,"s:57:39:60:10":13,"s:63:26:81:Infinity":14,"f:63:26:63:38":6,"s:65:8:65:Infinity":15,"s:67:8:67:Infinity":16,"s:68:8:68:Infinity":17,"s:70:8:70:Infinity":18,"s:72:8:78:Infinity":19,"s:73:58:73:Infinity":20,"s:74:12:74:Infinity":21,"s:75:12:75:Infinity":22,"s:77:12:77:Infinity":23,"s:80:8:80:Infinity":24,"s:84:28:84:Infinity":25,"f:84:45:84:50":7,"s:84:50:84:71":26,"s:85:20:85:Infinity":27,"s:88:4:92:Infinity":28,"f:88:14:88:20":8,"b:89:8:91:Infinity:undefined:undefined:undefined:undefined":2,"s:89:8:91:Infinity":29,"s:90:12:90:Infinity":30,"s:95:4:111:Infinity":31,"f:95:14:95:20":9,"b:96:8:96:Infinity:undefined:undefined:undefined:undefined":3,"s:96:8:96:Infinity":32,"s:96:28:96:Infinity":33,"s:98:8:98:Infinity":34,"s:100:29:100:Infinity":35,"f:100:29:100:35":10,"s:101:30:101:Infinity":36,"f:101:30:101:36":11,"s:103:8:103:Infinity":37,"s:104:8:104:Infinity":38,"s:106:8:110:Infinity":39,"f:106:15:106:21":12,"s:107:12:107:Infinity":40,"s:108:12:108:Infinity":41,"s:109:12:109:Infinity":42,"s:113:4:191:Infinity":43,"b:122:30:122:46:122:46:122:Infinity":4,"f:124:30:124:36":13,"s:124:36:124:Infinity":44,"b:138:21:138:50:138:50:138:Infinity":5,"b:139:21:139:Infinity:140:24:163:Infinity":6,"f:142:38:142:39":14,"s:144:51:144:Infinity":45,"b:145:32:149:Infinity:147:39:149:Infinity":7,"s:145:32:149:Infinity":46,"s:146:36:146:Infinity":47,"s:148:36:148:Infinity":48,"s:152:32:159:Infinity":49,"f:152:53:152:54":15,"s:153:53:153:Infinity":50,"f:153:64:153:70":16,"s:153:70:153:84":51,"b:154:36:158:Infinity:156:43:158:Infinity":8,"s:154:36:158:Infinity":52,"s:155:40:155:Infinity":53,"s:157:40:157:Infinity":54,"b:165:21:165:50:165:50:165:Infinity":9,"b:166:21:166:49:166:49:166:Infinity":10,"b:167:21:167:48:167:48:167:Infinity":11,"b:168:21:168:44:168:44:168:73:168:73:168:Infinity":12,"b:169:21:169:44:169:44:169:71:169:71:169:Infinity":13,"b:170:21:170:48:170:48:170:Infinity":14,"b:171:21:171:Infinity:172:24:186:Infinity":15,"b:173:28:176:Infinity:178:28:186:Infinity":16,"f:195:9:195:15":17,"s:196:28:196:Infinity":55,"s:197:35:197:Infinity":56,"s:200:4:202:Infinity":57,"f:200:14:200:20":18,"s:201:8:201:Infinity":58,"s:205:4:211:Infinity":59,"f:205:14:205:20":19,"b:206:8:210:Infinity:208:15:210:Infinity":17,"s:206:8:210:Infinity":60,"s:207:12:207:Infinity":61,"s:209:12:209:Infinity":62,"b:214:4:242:Infinity:undefined:undefined:undefined:undefined":18,"s:214:4:242:Infinity":63,"s:215:8:240:Infinity":64,"s:244:4:298:Infinity":65,"b:249:27:249:67:249:67:249:Infinity":19,"b:282:27:282:44:282:44:282:Infinity":20,"b:286:27:286:44:286:44:286:Infinity":21,"b:295:27:295:43:295:43:295:Infinity":22}}}
,"C:\\Users\\kevin\\Downloads\\falconforge\\src\\constants.ts": {"path":"C:\\Users\\kevin\\Downloads\\falconforge\\src\\constants.ts","statementMap":{"0":{"start":{"line":3,"column":30},"end":{"line":9,"column":null}},"1":{"start":{"line":13,"column":43},"end":{"line":19,"column":null}},"2":{"start":{"line":22,"column":35},"end":{"line":22,"column":null}},"3":{"start":{"line":25,"column":31},"end":{"line":25,"column":null}}},"fnMap":{},"branchMap":{},"s":{"0":8,"1":8,"2":8,"3":8},"f":{},"b":{},"meta":{"lastBranch":0,"lastFunction":0,"lastStatement":4,"seen":{"s:3:30:9:Infinity":0,"s:13:43:19:Infinity":1,"s:22:35:22:Infinity":2,"s:25:31:25:Infinity":3}}}
,"C:\\Users\\kevin\\Downloads\\falconforge\\src\\types.ts": {"path":"C:\\Users\\kevin\\Downloads\\falconforge\\src\\types.ts","statementMap":{"0":{"start":{"line":2,"column":26},"end":{"line":9,"column":null}},"1":{"start":{"line":13,"column":24},"end":{"line":16,"column":null}}},"fnMap":{},"branchMap":{},"s":{"0":8,"1":8},"f":{},"b":{},"meta":{"lastBranch":0,"lastFunction":0,"lastStatement":2,"seen":{"s:2:26:9:Infinity":0,"s:13:24:16:Infinity":1}}}
,"C:\\Users\\kevin\\Downloads\\falconforge\\src\\components\\AdminSettings.tsx": {"path":"C:\\Users\\kevin\\Downloads\\falconforge\\src\\components\\AdminSettings.tsx","statementMap":{"0":{"start":{"line":18,"column":52},"end":{"line":70,"column":null}},"1":{"start":{"line":20,"column":31},"end":{"line":20,"column":null}},"2":{"start":{"line":21,"column":10},"end":{"line":21,"column":null}},"3":{"start":{"line":21,"column":49},"end":{"line":21,"column":68}},"4":{"start":{"line":24,"column":40},"end":{"line":26,"column":null}},"5":{"start":{"line":25,"column":8},"end":{"line":25,"column":null}},"6":{"start":{"line":28,"column":4},"end":{"line":68,"column":null}}},"fnMap":{"0":{"name":"(anonymous_0)","decl":{"start":{"line":18,"column":52},"end":{"line":18,"column":53}},"loc":{"start":{"line":18,"column":83},"end":{"line":70,"column":null}},"line":18},"1":{"name":"(anonymous_1)","decl":{"start":{"line":21,"column":38},"end":{"line":21,"column":39}},"loc":{"start":{"line":21,"column":49},"end":{"line":21,"column":68}},"line":21},"2":{"name":"(anonymous_2)","decl":{"start":{"line":24,"column":40},"end":{"line":24,"column":41}},"loc":{"start":{"line":24,"column":72},"end":{"line":26,"column":null}},"line":24},"3":{"name":"(anonymous_3)","decl":{"start":{"line":51,"column":41},"end":{"line":51,"column":47}},"loc":{"start":{"line":51,"column":47},"end":{"line":54,"column":null}},"line":51}},"branchMap":{"0":{"loc":{"start":{"line":35,"column":13},"end":{"line":38,"column":null}},"type":"binary-expr","locations":[{"start":{"line":35,"column":13},"end":{"line":35,"column":29}},{"start":{"line":35,"column":29},"end":{"line":35,"column":null}},{"start":{"line":36,"column":16},"end":{"line":38,"column":null}}],"line":35},"1":{"loc":{"start":{"line":37,"column":43},"end":{"line":37,"column":64}},"type":"binary-expr","locations":[{"start":{"line":37,"column":43},"end":{"line":37,"column":60}},{"start":{"line":37,"column":60},"end":{"line":37,"column":64}}],"line":37},"2":{"loc":{"start":{"line":42,"column":13},"end":{"line":56,"column":null}},"type":"binary-expr","locations":[{"start":{"line":42,"column":13},"end":{"line":42,"column":29}},{"start":{"line":42,"column":29},"end":{"line":42,"column":null}},{"start":{"line":43,"column":16},"end":{"line":56,"column":null}}],"line":42},"3":{"loc":{"start":{"line":49,"column":32},"end":{"line":49,"column":null}},"type":"binary-expr","locations":[{"start":{"line":49,"column":32},"end":{"line":49,"column":49}},{"start":{"line":49,"column":49},"end":{"line":49,"column":null}}],"line":49}},"s":{"0":2,"1":2,"2":2,"3":2,"4":2,"5":0,"6":2},"f":{"0":2,"1":2,"2":0,"3":0},"b":{"0":[2,2,2],"1":[2,0],"2":[2,2,2],"3":[2,0]},"meta":{"lastBranch":4,"lastFunction":4,"lastStatement":7,"seen":{"s:18:52:70:Infinity":0,"f:18:52:18:53":0,"s:20:31:20:Infinity":1,"s:21:10:21:Infinity":2,"f:21:38:21:39":1,"s:21:49:21:68":3,"s:24:40:26:Infinity":4,"f:24:40:24:41":2,"s:25:8:25:Infinity":5,"s:28:4:68:Infinity":6,"b:35:13:35:29:35:29:35:Infinity:36:16:38:Infinity":0,"b:37:43:37:60:37:60:37:64":1,"b:42:13:42:29:42:29:42:Infinity:43:16:56:Infinity":2,"b:49:32:49:49:49:49:49:Infinity":3,"f:51:41:51:47":3}}}
,"C:\\Users\\kevin\\Downloads\\falconforge\\src\\components\\DashboardHome.tsx": {"path":"C:\\Users\\kevin\\Downloads\\falconforge\\src\\components\\DashboardHome.tsx","statementMap":{"0":{"start":{"line":21,"column":17},"end":{"line":21,"column":null}},"1":{"start":{"line":22,"column":109},"end":{"line":22,"column":null}},"2":{"start":{"line":25,"column":18},"end":{"line":25,"column":null}},"3":{"start":{"line":25,"column":39},"end":{"line":25,"column":84}},"4":{"start":{"line":26,"column":23},"end":{"line":26,"column":null}},"5":{"start":{"line":26,"column":49},"end":{"line":26,"column":94}},"6":{"start":{"line":27,"column":28},"end":{"line":27,"column":null}},"7":{"start":{"line":27,"column":59},"end":{"line":27,"column":104}},"8":{"start":{"line":29,"column":22},"end":{"line":29,"column":null}},"9":{"start":{"line":32,"column":22},"end":{"line":32,"column":null}},"10":{"start":{"line":32,"column":40},"end":{"line":32,"column":59}},"11":{"start":{"line":33,"column":27},"end":{"line":33,"column":null}},"12":{"start":{"line":34,"column":29},"end":{"line":34,"column":null}},"13":{"start":{"line":34,"column":47},"end":{"line":34,"column":80}},"14":{"start":{"line":35,"column":25},"end":{"line":35,"column":null}},"15":{"start":{"line":35,"column":43},"end":{"line":35,"column":65}},"16":{"start":{"line":37,"column":18},"end":{"line":42,"column":null}},"17":{"start":{"line":44,"column":28},"end":{"line":51,"column":null}},"18":{"start":{"line":52,"column":25},"end":{"line":52,"column":null}},"19":{"start":{"line":52,"column":93},"end":{"line":52,"column":98}},"20":{"start":{"line":55,"column":27},"end":{"line":59,"column":null}},"21":{"start":{"line":56,"column":32},"end":{"line":56,"column":94}},"22":{"start":{"line":57,"column":37},"end":{"line":57,"column":120}},"23":{"start":{"line":58,"column":27},"end":{"line":58,"column":89}},"24":{"start":{"line":59,"column":21},"end":{"line":59,"column":36}},"25":{"start":{"line":61,"column":4},"end":{"line":171,"column":null}},"26":{"start":{"line":68,"column":91},"end":{"line":68,"column":145}},"27":{"start":{"line":79,"column":20},"end":{"line":91,"column":null}},"28":{"start":{"line":81,"column":39},"end":{"line":81,"column":null}},"29":{"start":{"line":104,"column":28},"end":{"line":118,"column":null}},"30":{"start":{"line":106,"column":47},"end":{"line":106,"column":null}},"31":{"start":{"line":133,"column":36},"end":{"line":151,"column":null}},"32":{"start":{"line":136,"column":55},"end":{"line":136,"column":null}},"33":{"start":{"line":162,"column":47},"end":{"line":162,"column":null}}},"fnMap":{"0":{"name":"DashboardHome","decl":{"start":{"line":20,"column":24},"end":{"line":20,"column":38}},"loc":{"start":{"line":20,"column":76},"end":{"line":173,"column":null}},"line":20},"1":{"name":"(anonymous_1)","decl":{"start":{"line":25,"column":34},"end":{"line":25,"column":39}},"loc":{"start":{"line":25,"column":39},"end":{"line":25,"column":84}},"line":25},"2":{"name":"(anonymous_2)","decl":{"start":{"line":26,"column":44},"end":{"line":26,"column":49}},"loc":{"start":{"line":26,"column":49},"end":{"line":26,"column":94}},"line":26},"3":{"name":"(anonymous_3)","decl":{"start":{"line":27,"column":54},"end":{"line":27,"column":59}},"loc":{"start":{"line":27,"column":59},"end":{"line":27,"column":104}},"line":27},"4":{"name":"(anonymous_4)","decl":{"start":{"line":32,"column":35},"end":{"line":32,"column":40}},"loc":{"start":{"line":32,"column":40},"end":{"line":32,"column":59}},"line":32},"5":{"name":"(anonymous_5)","decl":{"start":{"line":34,"column":42},"end":{"line":34,"column":47}},"loc":{"start":{"line":34,"column":47},"end":{"line":34,"column":80}},"line":34},"6":{"name":"(anonymous_6)","decl":{"start":{"line":35,"column":38},"end":{"line":35,"column":43}},"loc":{"start":{"line":35,"column":43},"end":{"line":35,"column":65}},"line":35},"7":{"name":"(anonymous_7)","decl":{"start":{"line":52,"column":88},"end":{"line":52,"column":93}},"loc":{"start":{"line":52,"column":93},"end":{"line":52,"column":98}},"line":52},"8":{"name":"(anonymous_8)","decl":{"start":{"line":56,"column":26},"end":{"line":56,"column":32}},"loc":{"start":{"line":56,"column":32},"end":{"line":56,"column":94}},"line":56},"9":{"name":"(anonymous_9)","decl":{"start":{"line":57,"column":31},"end":{"line":57,"column":37}},"loc":{"start":{"line":57,"column":37},"end":{"line":57,"column":120}},"line":57},"10":{"name":"(anonymous_10)","decl":{"start":{"line":58,"column":21},"end":{"line":58,"column":27}},"loc":{"start":{"line":58,"column":27},"end":{"line":58,"column":89}},"line":58},"11":{"name":"(anonymous_11)","decl":{"start":{"line":59,"column":11},"end":{"line":59,"column":12}},"loc":{"start":{"line":59,"column":21},"end":{"line":59,"column":36}},"line":59},"12":{"name":"(anonymous_12)","decl":{"start":{"line":68,"column":86},"end":{"line":68,"column":91}},"loc":{"start":{"line":68,"column":91},"end":{"line":68,"column":145}},"line":68},"13":{"name":"(anonymous_13)","decl":{"start":{"line":78,"column":27},"end":{"line":78,"column":28}},"loc":{"start":{"line":79,"column":20},"end":{"line":91,"column":null}},"line":79},"14":{"name":"(anonymous_14)","decl":{"start":{"line":81,"column":33},"end":{"line":81,"column":39}},"loc":{"start":{"line":81,"column":39},"end":{"line":81,"column":null}},"line":81},"15":{"name":"(anonymous_15)","decl":{"start":{"line":103,"column":42},"end":{"line":103,"column":43}},"loc":{"start":{"line":104,"column":28},"end":{"line":118,"column":null}},"line":104},"16":{"name":"(anonymous_16)","decl":{"start":{"line":106,"column":41},"end":{"line":106,"column":47}},"loc":{"start":{"line":106,"column":47},"end":{"line":106,"column":null}},"line":106},"17":{"name":"(anonymous_17)","decl":{"start":{"line":132,"column":52},"end":{"line":132,"column":53}},"loc":{"start":{"line":133,"column":36},"end":{"line":151,"column":null}},"line":133},"18":{"name":"(anonymous_18)","decl":{"start":{"line":136,"column":49},"end":{"line":136,"column":55}},"loc":{"start":{"line":136,"column":55},"end":{"line":136,"column":null}},"line":136},"19":{"name":"(anonymous_19)","decl":{"start":{"line":162,"column":41},"end":{"line":162,"column":47}},"loc":{"start":{"line":162,"column":47},"end":{"line":162,"column":null}},"line":162}},"branchMap":{"0":{"loc":{"start":{"line":25,"column":39},"end":{"line":25,"column":84}},"type":"binary-expr","locations":[{"start":{"line":25,"column":39},"end":{"line":25,"column":54}},{"start":{"line":25,"column":54},"end":{"line":25,"column":84}}],"line":25},"1":{"loc":{"start":{"line":26,"column":49},"end":{"line":26,"column":94}},"type":"binary-expr","locations":[{"start":{"line":26,"column":49},"end":{"line":26,"column":64}},{"start":{"line":26,"column":64},"end":{"line":26,"column":94}}],"line":26},"2":{"loc":{"start":{"line":27,"column":59},"end":{"line":27,"column":104}},"type":"binary-expr","locations":[{"start":{"line":27,"column":59},"end":{"line":27,"column":74}},{"start":{"line":27,"column":74},"end":{"line":27,"column":104}}],"line":27},"3":{"loc":{"start":{"line":29,"column":22},"end":{"line":29,"column":null}},"type":"binary-expr","locations":[{"start":{"line":29,"column":22},"end":{"line":29,"column":71}},{"start":{"line":29,"column":71},"end":{"line":29,"column":null}}],"line":29},"4":{"loc":{"start":{"line":52,"column":25},"end":{"line":52,"column":null}},"type":"cond-expr","locations":[{"start":{"line":52,"column":47},"end":{"line":52,"column":65}},{"start":{"line":52,"column":65},"end":{"line":52,"column":null}}],"line":52},"5":{"loc":{"start":{"line":57,"column":91},"end":{"line":57,"column":109}},"type":"binary-expr","locations":[{"start":{"line":57,"column":91},"end":{"line":57,"column":106}},{"start":{"line":57,"column":106},"end":{"line":57,"column":109}}],"line":57},"6":{"loc":{"start":{"line":130,"column":25},"end":{"line":158,"column":null}},"type":"cond-expr","locations":[{"start":{"line":131,"column":28},"end":{"line":153,"column":null}},{"start":{"line":155,"column":28},"end":{"line":158,"column":null}}],"line":130},"7":{"loc":{"start":{"line":136,"column":68},"end":{"line":136,"column":148}},"type":"cond-expr","locations":[{"start":{"line":136,"column":91},"end":{"line":136,"column":103}},{"start":{"line":136,"column":103},"end":{"line":136,"column":148}}],"line":136},"8":{"loc":{"start":{"line":136,"column":103},"end":{"line":136,"column":148}},"type":"cond-expr","locations":[{"start":{"line":136,"column":127},"end":{"line":136,"column":140}},{"start":{"line":136,"column":140},"end":{"line":136,"column":148}}],"line":136},"9":{"loc":{"start":{"line":138,"column":94},"end":{"line":139,"column":null}},"type":"cond-expr","locations":[{"start":{"line":138,"column":117},"end":{"line":138,"column":null}},{"start":{"line":139,"column":44},"end":{"line":139,"column":null}}],"line":138},"10":{"loc":{"start":{"line":139,"column":44},"end":{"line":139,"column":null}},"type":"cond-expr","locations":[{"start":{"line":139,"column":68},"end":{"line":139,"column":85}},{"start":{"line":139,"column":85},"end":{"line":139,"column":null}}],"line":139},"11":{"loc":{"start":{"line":143,"column":49},"end":{"line":144,"column":null}},"type":"cond-expr","locations":[{"start":{"line":143,"column":72},"end":{"line":143,"column":null}},{"start":{"line":144,"column":52},"end":{"line":144,"column":null}}],"line":143},"12":{"loc":{"start":{"line":144,"column":52},"end":{"line":144,"column":null}},"type":"cond-expr","locations":[{"start":{"line":144,"column":76},"end":{"line":144,"column":91}},{"start":{"line":144,"column":91},"end":{"line":144,"column":null}}],"line":144}},"s":{"0":11,"1":11,"2":11,"3":4,"4":11,"5":1,"6":11,"7":3,"8":11,"9":11,"10":4,"11":11,"12":11,"13":4,"14":11,"15":4,"16":11,"17":11,"18":11,"19":66,"20":11,"21":1,"22":3,"23":4,"24":10,"25":11,"26":4,"27":44,"28":0,"29":44,"30":0,"31":8,"32":0,"33":0},"f":{"0":11,"1":4,"2":1,"3":3,"4":4,"5":4,"6":4,"7":66,"8":1,"9":3,"10":4,"11":10,"12":4,"13":44,"14":0,"15":44,"16":0,"17":8,"18":0,"19":0},"b":{"0":[4,0],"1":[1,0],"2":[3,0],"3":[11,3],"4":[0,11],"5":[3,0],"6":[2,9],"7":[0,0],"8":[0,0],"9":[1,7],"10":[3,4],"11":[1,7],"12":[3,4]},"meta":{"lastBranch":13,"lastFunction":20,"lastStatement":34,"seen":{"f:20:24:20:38":0,"s:21:17:21:Infinity":0,"s:22:109:22:Infinity":1,"s:25:18:25:Infinity":2,"f:25:34:25:39":1,"s:25:39:25:84":3,"b:25:39:25:54:25:54:25:84":0,"s:26:23:26:Infinity":4,"f:26:44:26:49":2,"s:26:49:26:94":5,"b:26:49:26:64:26:64:26:94":1,"s:27:28:27:Infinity":6,"f:27:54:27:59":3,"s:27:59:27:104":7,"b:27:59:27:74:27:74:27:104":2,"s:29:22:29:Infinity":8,"b:29:22:29:71:29:71:29:Infinity":3,"s:32:22:32:Infinity":9,"f:32:35:32:40":4,"s:32:40:32:59":10,"s:33:27:33:Infinity":11,"s:34:29:34:Infinity":12,"f:34:42:34:47":5,"s:34:47:34:80":13,"s:35:25:35:Infinity":14,"f:35:38:35:43":6,"s:35:43:35:65":15,"s:37:18:42:Infinity":16,"s:44:28:51:Infinity":17,"s:52:25:52:Infinity":18,"b:52:47:52:65:52:65:52:Infinity":4,"f:52:88:52:93":7,"s:52:93:52:98":19,"s:55:27:59:Infinity":20,"f:56:26:56:32":8,"s:56:32:56:94":21,"f:57:31:57:37":9,"s:57:37:57:120":22,"b:57:91:57:106:57:106:57:109":5,"f:58:21:58:27":10,"s:58:27:58:89":23,"f:59:11:59:12":11,"s:59:21:59:36":24,"s:61:4:171:Infinity":25,"f:68:86:68:91":12,"s:68:91:68:145":26,"f:78:27:78:28":13,"s:79:20:91:Infinity":27,"f:81:33:81:39":14,"s:81:39:81:Infinity":28,"f:103:42:103:43":15,"s:104:28:118:Infinity":29,"f:106:41:106:47":16,"s:106:47:106:Infinity":30,"b:131:28:153:Infinity:155:28:158:Infinity":6,"f:132:52:132:53":17,"s:133:36:151:Infinity":31,"f:136:49:136:55":18,"s:136:55:136:Infinity":32,"b:136:91:136:103:136:103:136:148":7,"b:136:127:136:140:136:140:136:148":8,"b:138:117:138:Infinity:139:44:139:Infinity":9,"b:139:68:139:85:139:85:139:Infinity":10,"b:143:72:143:Infinity:144:52:144:Infinity":11,"b:144:76:144:91:144:91:144:Infinity":12,"f:162:41:162:47":19,"s:162:47:162:Infinity":33}}}
,"C:\\Users\\kevin\\Downloads\\falconforge\\src\\components\\EditProfile.tsx": {"path":"C:\\Users\\kevin\\Downloads\\falconforge\\src\\components\\EditProfile.tsx","statementMap":{"0":{"start":{"line":5,"column":20},"end":{"line":112,"column":null}},"1":{"start":{"line":6,"column":46},"end":{"line":6,"column":null}},"2":{"start":{"line":7,"column":48},"end":{"line":7,"column":null}},"3":{"start":{"line":8,"column":46},"end":{"line":8,"column":null}},"4":{"start":{"line":9,"column":46},"end":{"line":9,"column":null}},"5":{"start":{"line":10,"column":44},"end":{"line":10,"column":null}},"6":{"start":{"line":12,"column":30},"end":{"line":27,"column":null}},"7":{"start":{"line":13,"column":8},"end":{"line":13,"column":null}},"8":{"start":{"line":13,"column":37},"end":{"line":13,"column":null}},"9":{"start":{"line":15,"column":8},"end":{"line":15,"column":null}},"10":{"start":{"line":16,"column":8},"end":{"line":16,"column":null}},"11":{"start":{"line":18,"column":26},"end":{"line":18,"column":null}},"12":{"start":{"line":20,"column":8},"end":{"line":25,"column":null}},"13":{"start":{"line":21,"column":12},"end":{"line":21,"column":null}},"14":{"start":{"line":23,"column":12},"end":{"line":23,"column":null}},"15":{"start":{"line":24,"column":12},"end":{"line":24,"column":null}},"16":{"start":{"line":26,"column":8},"end":{"line":26,"column":null}},"17":{"start":{"line":29,"column":4},"end":{"line":29,"column":null}},"18":{"start":{"line":29,"column":32},"end":{"line":29,"column":null}},"19":{"start":{"line":31,"column":4},"end":{"line":110,"column":null}},"20":{"start":{"line":62,"column":57},"end":{"line":62,"column":null}},"21":{"start":{"line":65,"column":58},"end":{"line":65,"column":null}},"22":{"start":{"line":77,"column":44},"end":{"line":77,"column":null}},"23":{"start":{"line":78,"column":44},"end":{"line":78,"column":null}},"24":{"start":{"line":98,"column":32},"end":{"line":98,"column":null}},"25":{"start":{"line":99,"column":32},"end":{"line":99,"column":null}},"26":{"start":{"line":100,"column":32},"end":{"line":100,"column":null}}},"fnMap":{"0":{"name":"(anonymous_0)","decl":{"start":{"line":5,"column":20},"end":{"line":5,"column":26}},"loc":{"start":{"line":5,"column":26},"end":{"line":112,"column":null}},"line":5},"1":{"name":"(anonymous_1)","decl":{"start":{"line":12,"column":30},"end":{"line":12,"column":42}},"loc":{"start":{"line":12,"column":42},"end":{"line":27,"column":null}},"line":12},"2":{"name":"(anonymous_2)","decl":{"start":{"line":62,"column":50},"end":{"line":62,"column":51}},"loc":{"start":{"line":62,"column":57},"end":{"line":62,"column":null}},"line":62},"3":{"name":"(anonymous_3)","decl":{"start":{"line":65,"column":51},"end":{"line":65,"column":52}},"loc":{"start":{"line":65,"column":58},"end":{"line":65,"column":null}},"line":65},"4":{"name":"(anonymous_4)","decl":{"start":{"line":76,"column":49},"end":{"line":76,"column":55}},"loc":{"start":{"line":76,"column":55},"end":{"line":79,"column":null}},"line":76},"5":{"name":"(anonymous_5)","decl":{"start":{"line":97,"column":37},"end":{"line":97,"column":43}},"loc":{"start":{"line":97,"column":43},"end":{"line":101,"column":null}},"line":97}},"branchMap":{"0":{"loc":{"start":{"line":13,"column":8},"end":{"line":13,"column":null}},"type":"if","locations":[{"start":{"line":13,"column":8},"end":{"line":13,"column":null}},{"start":{},"end":{}}],"line":13},"1":{"loc":{"start":{"line":20,"column":8},"end":{"line":25,"column":null}},"type":"if","locations":[{"start":{"line":20,"column":8},"end":{"line":25,"column":null}},{"start":{"line":22,"column":15},"end":{"line":25,"column":null}}],"line":20},"2":{"loc":{"start":{"line":29,"column":4},"end":{"line":29,"column":null}},"type":"if","locations":[{"start":{"line":29,"column":4},"end":{"line":29,"column":null}},{"start":{},"end":{}}],"line":29},"3":{"loc":{"start":{"line":29,"column":8},"end":{"line":29,"column":32}},"type":"binary-expr","locations":[{"start":{"line":29,"column":8},"end":{"line":29,"column":25}},{"start":{"line":29,"column":25},"end":{"line":29,"column":32}}],"line":29},"4":{"loc":{"start":{"line":42,"column":17},"end":{"line":48,"column":null}},"type":"binary-expr","locations":[{"start":{"line":42,"column":17},"end":{"line":42,"column":null}},{"start":{"line":43,"column":20},"end":{"line":48,"column":null}}],"line":42},"5":{"loc":{"start":{"line":43,"column":67},"end":{"line":45,"column":null}},"type":"cond-expr","locations":[{"start":{"line":44,"column":26},"end":{"line":44,"column":null}},{"start":{"line":45,"column":26},"end":{"line":45,"column":null}}],"line":43},"6":{"loc":{"start":{"line":57,"column":29},"end":{"line":91,"column":null}},"type":"cond-expr","locations":[{"start":{"line":58,"column":32},"end":{"line":84,"column":null}},{"start":{"line":86,"column":32},"end":{"line":91,"column":null}}],"line":57},"7":{"loc":{"start":{"line":65,"column":58},"end":{"line":65,"column":null}},"type":"binary-expr","locations":[{"start":{"line":65,"column":58},"end":{"line":65,"column":79}},{"start":{"line":65,"column":79},"end":{"line":65,"column":null}}],"line":65},"8":{"loc":{"start":{"line":70,"column":50},"end":{"line":70,"column":null}},"type":"binary-expr","locations":[{"start":{"line":70,"column":50},"end":{"line":70,"column":69}},{"start":{"line":70,"column":69},"end":{"line":70,"column":null}}],"line":70},"9":{"loc":{"start":{"line":88,"column":41},"end":{"line":88,"column":null}},"type":"binary-expr","locations":[{"start":{"line":88,"column":41},"end":{"line":88,"column":74}},{"start":{"line":88,"column":74},"end":{"line":88,"column":null}}],"line":88},"10":{"loc":{"start":{"line":95,"column":21},"end":{"line":106,"column":null}},"type":"binary-expr","locations":[{"start":{"line":95,"column":21},"end":{"line":95,"column":null}},{"start":{"line":96,"column":24},"end":{"line":106,"column":null}}],"line":95},"11":{"loc":{"start":{"line":98,"column":51},"end":{"line":98,"column":86}},"type":"binary-expr","locations":[{"start":{"line":98,"column":51},"end":{"line":98,"column":84}},{"start":{"line":98,"column":84},"end":{"line":98,"column":86}}],"line":98}},"s":{"0":1,"1":0,"2":0,"3":0,"4":0,"5":0,"6":0,"7":0,"8":0,"9":0,"10":0,"11":0,"12":0,"13":0,"14":0,"15":0,"16":0,"17":0,"18":0,"19":0,"20":0,"21":0,"22":0,"23":0,"24":0,"25":0,"26":0},"f":{"0":0,"1":0,"2":0,"3":0,"4":0,"5":0},"b":{"0":[0,0],"1":[0,0],"2":[0,0],"3":[0,0],"4":[0,0],"5":[0,0],"6":[0,0],"7":[0,0],"8":[0,0],"9":[0,0],"10":[0,0],"11":[0,0]},"meta":{"lastBranch":12,"lastFunction":6,"lastStatement":27,"seen":{"s:5:20:112:Infinity":0,"f:5:20:5:26":0,"s:6:46:6:Infinity":1,"s:7:48:7:Infinity":2,"s:8:46:8:Infinity":3,"s:9:46:9:Infinity":4,"s:10:44:10:Infinity":5,"s:12:30:27:Infinity":6,"f:12:30:12:42":1,"b:13:8:13:Infinity:undefined:undefined:undefined:undefined":0,"s:13:8:13:Infinity":7,"s:13:37:13:Infinity":8,"s:15:8:15:Infinity":9,"s:16:8:16:Infinity":10,"s:18:26:18:Infinity":11,"b:20:8:25:Infinity:22:15:25:Infinity":1,"s:20:8:25:Infinity":12,"s:21:12:21:Infinity":13,"s:23:12:23:Infinity":14,"s:24:12:24:Infinity":15,"s:26:8:26:Infinity":16,"b:29:4:29:Infinity:undefined:undefined:undefined:undefined":2,"s:29:4:29:Infinity":17,"b:29:8:29:25:29:25:29:32":3,"s:29:32:29:Infinity":18,"s:31:4:110:Infinity":19,"b:42:17:42:Infinity:43:20:48:Infinity":4,"b:44:26:44:Infinity:45:26:45:Infinity":5,"b:58:32:84:Infinity:86:32:91:Infinity":6,"f:62:50:62:51":2,"s:62:57:62:Infinity":20,"f:65:51:65:52":3,"s:65:58:65:Infinity":21,"b:65:58:65:79:65:79:65:Infinity":7,"b:70:50:70:69:70:69:70:Infinity":8,"f:76:49:76:55":4,"s:77:44:77:Infinity":22,"s:78:44:78:Infinity":23,"b:88:41:88:74:88:74:88:Infinity":9,"b:95:21:95:Infinity:96:24:106:Infinity":10,"f:97:37:97:43":5,"s:98:32:98:Infinity":24,"b:98:51:98:84:98:84:98:86":11,"s:99:32:99:Infinity":25,"s:100:32:100:Infinity":26}}}
,"C:\\Users\\kevin\\Downloads\\falconforge\\src\\components\\InviteManager.tsx": {"path":"C:\\Users\\kevin\\Downloads\\falconforge\\src\\components\\InviteManager.tsx","statementMap":{"0":{"start":{"line":23,"column":30},"end":{"line":23,"column":null}},"1":{"start":{"line":24,"column":34},"end":{"line":24,"column":null}},"2":{"start":{"line":25,"column":36},"end":{"line":25,"column":null}},"3":{"start":{"line":26,"column":36},"end":{"line":26,"column":null}},"4":{"start":{"line":27,"column":26},"end":{"line":27,"column":null}},"5":{"start":{"line":29,"column":22},"end":{"line":29,"column":null}},"6":{"start":{"line":30,"column":17},"end":{"line":30,"column":null}},"7":{"start":{"line":33,"column":25},"end":{"line":88,"column":null}},"8":{"start":{"line":34,"column":8},"end":{"line":37,"column":null}},"9":{"start":{"line":35,"column":12},"end":{"line":35,"column":null}},"10":{"start":{"line":36,"column":12},"end":{"line":36,"column":null}},"11":{"start":{"line":39,"column":8},"end":{"line":42,"column":null}},"12":{"start":{"line":40,"column":12},"end":{"line":40,"column":null}},"13":{"start":{"line":41,"column":12},"end":{"line":41,"column":null}},"14":{"start":{"line":44,"column":8},"end":{"line":47,"column":null}},"15":{"start":{"line":45,"column":12},"end":{"line":45,"column":null}},"16":{"start":{"line":46,"column":12},"end":{"line":46,"column":null}},"17":{"start":{"line":49,"column":8},"end":{"line":49,"column":null}},"18":{"start":{"line":50,"column":8},"end":{"line":50,"column":null}},"19":{"start":{"line":52,"column":8},"end":{"line":87,"column":null}},"20":{"start":{"line":54,"column":35},"end":{"line":56,"column":null}},"21":{"start":{"line":55,"column":16},"end":{"line":55,"column":null}},"22":{"start":{"line":55,"column":33},"end":{"line":55,"column":73}},"23":{"start":{"line":59,"column":33},"end":{"line":63,"column":null}},"24":{"start":{"line":66,"column":48},"end":{"line":66,"column":null}},"25":{"start":{"line":68,"column":12},"end":{"line":68,"column":null}},"26":{"start":{"line":68,"column":28},"end":{"line":68,"column":null}},"27":{"start":{"line":71,"column":18},"end":{"line":74,"column":null}},"28":{"start":{"line":72,"column":16},"end":{"line":72,"column":null}},"29":{"start":{"line":72,"column":37},"end":{"line":72,"column":null}},"30":{"start":{"line":73,"column":16},"end":{"line":73,"column":null}},"31":{"start":{"line":76,"column":12},"end":{"line":76,"column":null}},"32":{"start":{"line":78,"column":12},"end":{"line":78,"column":null}},"33":{"start":{"line":80,"column":12},"end":{"line":84,"column":null}},"34":{"start":{"line":81,"column":16},"end":{"line":81,"column":null}},"35":{"start":{"line":83,"column":16},"end":{"line":83,"column":null}},"36":{"start":{"line":86,"column":12},"end":{"line":86,"column":null}},"37":{"start":{"line":90,"column":4},"end":{"line":92,"column":null}},"38":{"start":{"line":91,"column":8},"end":{"line":91,"column":null}},"39":{"start":{"line":95,"column":25},"end":{"line":131,"column":null}},"40":{"start":{"line":96,"column":8},"end":{"line":96,"column":null}},"41":{"start":{"line":96,"column":54},"end":{"line":96,"column":null}},"42":{"start":{"line":98,"column":8},"end":{"line":98,"column":null}},"43":{"start":{"line":99,"column":8},"end":{"line":99,"column":null}},"44":{"start":{"line":101,"column":8},"end":{"line":130,"column":null}},"45":{"start":{"line":103,"column":25},"end":{"line":103,"column":null}},"46":{"start":{"line":104,"column":30},"end":{"line":104,"column":null}},"47":{"start":{"line":105,"column":12},"end":{"line":105,"column":null}},"48":{"start":{"line":107,"column":12},"end":{"line":107,"column":null}},"49":{"start":{"line":107,"column":23},"end":{"line":107,"column":null}},"50":{"start":{"line":109,"column":49},"end":{"line":120,"column":null}},"51":{"start":{"line":122,"column":12},"end":{"line":122,"column":null}},"52":{"start":{"line":122,"column":29},"end":{"line":122,"column":null}},"53":{"start":{"line":124,"column":12},"end":{"line":124,"column":null}},"54":{"start":{"line":126,"column":12},"end":{"line":126,"column":null}},"55":{"start":{"line":127,"column":12},"end":{"line":127,"column":null}},"56":{"start":{"line":129,"column":12},"end":{"line":129,"column":null}},"57":{"start":{"line":134,"column":25},"end":{"line":150,"column":null}},"58":{"start":{"line":135,"column":8},"end":{"line":135,"column":null}},"59":{"start":{"line":135,"column":54},"end":{"line":135,"column":null}},"60":{"start":{"line":137,"column":8},"end":{"line":149,"column":null}},"61":{"start":{"line":138,"column":43},"end":{"line":141,"column":null}},"62":{"start":{"line":143,"column":12},"end":{"line":143,"column":null}},"63":{"start":{"line":143,"column":29},"end":{"line":143,"column":null}},"64":{"start":{"line":145,"column":12},"end":{"line":145,"column":null}},"65":{"start":{"line":145,"column":45},"end":{"line":145,"column":64}},"66":{"start":{"line":147,"column":12},"end":{"line":147,"column":null}},"67":{"start":{"line":148,"column":12},"end":{"line":148,"column":null}},"68":{"start":{"line":153,"column":27},"end":{"line":164,"column":null}},"69":{"start":{"line":154,"column":24},"end":{"line":154,"column":null}},"70":{"start":{"line":155,"column":27},"end":{"line":155,"column":null}},"71":{"start":{"line":157,"column":8},"end":{"line":163,"column":null}},"72":{"start":{"line":158,"column":12},"end":{"line":158,"column":null}},"73":{"start":{"line":159,"column":12},"end":{"line":159,"column":null}},"74":{"start":{"line":160,"column":12},"end":{"line":160,"column":null}},"75":{"start":{"line":160,"column":29},"end":{"line":160,"column":50}},"76":{"start":{"line":162,"column":12},"end":{"line":162,"column":null}},"77":{"start":{"line":167,"column":31},"end":{"line":174,"column":null}},"78":{"start":{"line":168,"column":22},"end":{"line":168,"column":null}},"79":{"start":{"line":169,"column":19},"end":{"line":169,"column":null}},"80":{"start":{"line":170,"column":8},"end":{"line":172,"column":null}},"81":{"start":{"line":170,"column":21},"end":{"line":170,"column":24}},"82":{"start":{"line":171,"column":12},"end":{"line":171,"column":null}},"83":{"start":{"line":173,"column":8},"end":{"line":173,"column":null}},"84":{"start":{"line":177,"column":32},"end":{"line":191,"column":null}},"85":{"start":{"line":178,"column":20},"end":{"line":178,"column":null}},"86":{"start":{"line":179,"column":24},"end":{"line":179,"column":null}},"87":{"start":{"line":180,"column":23},"end":{"line":180,"column":null}},"88":{"start":{"line":182,"column":8},"end":{"line":182,"column":null}},"89":{"start":{"line":182,"column":25},"end":{"line":182,"column":null}},"90":{"start":{"line":184,"column":22},"end":{"line":184,"column":null}},"91":{"start":{"line":185,"column":24},"end":{"line":185,"column":null}},"92":{"start":{"line":187,"column":8},"end":{"line":189,"column":null}},"93":{"start":{"line":188,"column":12},"end":{"line":188,"column":null}},"94":{"start":{"line":190,"column":8},"end":{"line":190,"column":null}},"95":{"start":{"line":193,"column":4},"end":{"line":200,"column":null}},"96":{"start":{"line":194,"column":8},"end":{"line":198,"column":null}},"97":{"start":{"line":202,"column":4},"end":{"line":295,"column":null}},"98":{"start":{"line":246,"column":24},"end":{"line":286,"column":null}},"99":{"start":{"line":268,"column":51},"end":{"line":268,"column":null}},"100":{"start":{"line":279,"column":51},"end":{"line":279,"column":null}}},"fnMap":{"0":{"name":"InviteManager","decl":{"start":{"line":22,"column":24},"end":{"line":22,"column":38}},"loc":{"start":{"line":22,"column":70},"end":{"line":297,"column":null}},"line":22},"1":{"name":"(anonymous_1)","decl":{"start":{"line":33,"column":25},"end":{"line":33,"column":37}},"loc":{"start":{"line":33,"column":37},"end":{"line":88,"column":null}},"line":33},"2":{"name":"(anonymous_2)","decl":{"start":{"line":54,"column":47},"end":{"line":54,"column":48}},"loc":{"start":{"line":55,"column":16},"end":{"line":55,"column":null}},"line":55},"3":{"name":"(anonymous_3)","decl":{"start":{"line":55,"column":27},"end":{"line":55,"column":33}},"loc":{"start":{"line":55,"column":33},"end":{"line":55,"column":73}},"line":55},"4":{"name":"(anonymous_4)","decl":{"start":{"line":71,"column":53},"end":{"line":71,"column":54}},"loc":{"start":{"line":71,"column":67},"end":{"line":74,"column":13}},"line":71},"5":{"name":"(anonymous_5)","decl":{"start":{"line":90,"column":14},"end":{"line":90,"column":20}},"loc":{"start":{"line":90,"column":20},"end":{"line":92,"column":7}},"line":90},"6":{"name":"(anonymous_6)","decl":{"start":{"line":95,"column":25},"end":{"line":95,"column":37}},"loc":{"start":{"line":95,"column":37},"end":{"line":131,"column":null}},"line":95},"7":{"name":"(anonymous_7)","decl":{"start":{"line":134,"column":25},"end":{"line":134,"column":32}},"loc":{"start":{"line":134,"column":53},"end":{"line":150,"column":null}},"line":134},"8":{"name":"(anonymous_8)","decl":{"start":{"line":145,"column":38},"end":{"line":145,"column":45}},"loc":{"start":{"line":145,"column":45},"end":{"line":145,"column":64}},"line":145},"9":{"name":"(anonymous_9)","decl":{"start":{"line":153,"column":27},"end":{"line":153,"column":34}},"loc":{"start":{"line":153,"column":51},"end":{"line":164,"column":null}},"line":153},"10":{"name":"(anonymous_10)","decl":{"start":{"line":160,"column":23},"end":{"line":160,"column":29}},"loc":{"start":{"line":160,"column":29},"end":{"line":160,"column":50}},"line":160},"11":{"name":"(anonymous_11)","decl":{"start":{"line":167,"column":31},"end":{"line":167,"column":45}},"loc":{"start":{"line":167,"column":45},"end":{"line":174,"column":null}},"line":167},"12":{"name":"(anonymous_12)","decl":{"start":{"line":177,"column":32},"end":{"line":177,"column":33}},"loc":{"start":{"line":177,"column":63},"end":{"line":191,"column":null}},"line":177},"13":{"name":"(anonymous_13)","decl":{"start":{"line":245,"column":33},"end":{"line":245,"column":34}},"loc":{"start":{"line":246,"column":24},"end":{"line":286,"column":null}},"line":246},"14":{"name":"(anonymous_14)","decl":{"start":{"line":268,"column":45},"end":{"line":268,"column":51}},"loc":{"start":{"line":268,"column":51},"end":{"line":268,"column":null}},"line":268},"15":{"name":"(anonymous_15)","decl":{"start":{"line":279,"column":45},"end":{"line":279,"column":51}},"loc":{"start":{"line":279,"column":51},"end":{"line":279,"column":null}},"line":279}},"branchMap":{"0":{"loc":{"start":{"line":34,"column":8},"end":{"line":37,"column":null}},"type":"if","locations":[{"start":{"line":34,"column":8},"end":{"line":37,"column":null}},{"start":{},"end":{}}],"line":34},"1":{"loc":{"start":{"line":34,"column":12},"end":{"line":34,"column":54}},"type":"binary-expr","locations":[{"start":{"line":34,"column":12},"end":{"line":34,"column":29}},{"start":{"line":34,"column":29},"end":{"line":34,"column":54}}],"line":34},"2":{"loc":{"start":{"line":39,"column":8},"end":{"line":42,"column":null}},"type":"if","locations":[{"start":{"line":39,"column":8},"end":{"line":42,"column":null}},{"start":{},"end":{}}],"line":39},"3":{"loc":{"start":{"line":44,"column":8},"end":{"line":47,"column":null}},"type":"if","locations":[{"start":{"line":44,"column":8},"end":{"line":47,"column":null}},{"start":{},"end":{}}],"line":44},"4":{"loc":{"start":{"line":68,"column":12},"end":{"line":68,"column":null}},"type":"if","locations":[{"start":{"line":68,"column":12},"end":{"line":68,"column":null}},{"start":{},"end":{}}],"line":68},"5":{"loc":{"start":{"line":71,"column":34},"end":{"line":71,"column":46}},"type":"binary-expr","locations":[{"start":{"line":71,"column":34},"end":{"line":71,"column":42}},{"start":{"line":71,"column":42},"end":{"line":71,"column":46}}],"line":71},"6":{"loc":{"start":{"line":72,"column":16},"end":{"line":72,"column":null}},"type":"if","locations":[{"start":{"line":72,"column":16},"end":{"line":72,"column":null}},{"start":{},"end":{}}],"line":72},"7":{"loc":{"start":{"line":80,"column":12},"end":{"line":84,"column":null}},"type":"if","locations":[{"start":{"line":80,"column":12},"end":{"line":84,"column":null}},{"start":{"line":82,"column":19},"end":{"line":84,"column":null}}],"line":80},"8":{"loc":{"start":{"line":96,"column":8},"end":{"line":96,"column":null}},"type":"if","locations":[{"start":{"line":96,"column":8},"end":{"line":96,"column":null}},{"start":{},"end":{}}],"line":96},"9":{"loc":{"start":{"line":96,"column":12},"end":{"line":96,"column":54}},"type":"binary-expr","locations":[{"start":{"line":96,"column":12},"end":{"line":96,"column":29}},{"start":{"line":96,"column":29},"end":{"line":96,"column":54}}],"line":96},"10":{"loc":{"start":{"line":107,"column":12},"end":{"line":107,"column":null}},"type":"if","locations":[{"start":{"line":107,"column":12},"end":{"line":107,"column":null}},{"start":{},"end":{}}],"line":107},"11":{"loc":{"start":{"line":122,"column":12},"end":{"line":122,"column":null}},"type":"if","locations":[{"start":{"line":122,"column":12},"end":{"line":122,"column":null}},{"start":{},"end":{}}],"line":122},"12":{"loc":{"start":{"line":135,"column":8},"end":{"line":135,"column":null}},"type":"if","locations":[{"start":{"line":135,"column":8},"end":{"line":135,"column":null}},{"start":{},"end":{}}],"line":135},"13":{"loc":{"start":{"line":135,"column":12},"end":{"line":135,"column":54}},"type":"binary-expr","locations":[{"start":{"line":135,"column":12},"end":{"line":135,"column":29}},{"start":{"line":135,"column":29},"end":{"line":135,"column":54}}],"line":135},"14":{"loc":{"start":{"line":143,"column":12},"end":{"line":143,"column":null}},"type":"if","locations":[{"start":{"line":143,"column":12},"end":{"line":143,"column":null}},{"start":{},"end":{}}],"line":143},"15":{"loc":{"start":{"line":182,"column":8},"end":{"line":182,"column":null}},"type":"if","locations":[{"start":{"line":182,"column":8},"end":{"line":182,"column":null}},{"start":{},"end":{}}],"line":182},"16":{"loc":{"start":{"line":187,"column":8},"end":{"line":189,"column":null}},"type":"if","locations":[{"start":{"line":187,"column":8},"end":{"line":189,"column":null}},{"start":{},"end":{}}],"line":187},"17":{"loc":{"start":{"line":193,"column":4},"end":{"line":200,"column":null}},"type":"if","locations":[{"start":{"line":193,"column":4},"end":{"line":200,"column":null}},{"start":{},"end":{}}],"line":193},"18":{"loc":{"start":{"line":215,"column":21},"end":{"line":218,"column":null}},"type":"cond-expr","locations":[{"start":{"line":216,"column":24},"end":{"line":216,"column":null}},{"start":{"line":218,"column":24},"end":{"line":218,"column":null}}],"line":215},"19":{"loc":{"start":{"line":225,"column":13},"end":{"line":228,"column":null}},"type":"binary-expr","locations":[{"start":{"line":225,"column":13},"end":{"line":225,"column":null}},{"start":{"line":226,"column":16},"end":{"line":228,"column":null}}],"line":225},"20":{"loc":{"start":{"line":232,"column":13},"end":{"line":288,"column":null}},"type":"cond-expr","locations":[{"start":{"line":233,"column":16},"end":{"line":236,"column":null}},{"start":{"line":237,"column":16},"end":{"line":288,"column":null}}],"line":232},"21":{"loc":{"start":{"line":237,"column":16},"end":{"line":288,"column":null}},"type":"cond-expr","locations":[{"start":{"line":238,"column":16},"end":{"line":242,"column":null}},{"start":{"line":244,"column":16},"end":{"line":288,"column":null}}],"line":237},"22":{"loc":{"start":{"line":255,"column":37},"end":{"line":258,"column":null}},"type":"binary-expr","locations":[{"start":{"line":255,"column":37},"end":{"line":255,"column":null}},{"start":{"line":256,"column":40},"end":{"line":258,"column":null}}],"line":255},"23":{"loc":{"start":{"line":272,"column":37},"end":{"line":275,"column":null}},"type":"cond-expr","locations":[{"start":{"line":273,"column":40},"end":{"line":273,"column":null}},{"start":{"line":275,"column":40},"end":{"line":275,"column":null}}],"line":272}},"s":{"0":4,"1":4,"2":4,"3":4,"4":4,"5":4,"6":4,"7":4,"8":2,"9":2,"10":2,"11":0,"12":0,"13":0,"14":0,"15":0,"16":0,"17":0,"18":0,"19":0,"20":0,"21":0,"22":0,"23":0,"24":0,"25":0,"26":0,"27":0,"28":0,"29":0,"30":0,"31":2,"32":0,"33":0,"34":0,"35":0,"36":0,"37":4,"38":2,"39":4,"40":0,"41":0,"42":0,"43":0,"44":0,"45":0,"46":0,"47":0,"48":0,"49":0,"50":0,"51":0,"52":0,"53":0,"54":0,"55":0,"56":0,"57":4,"58":0,"59":0,"60":0,"61":0,"62":0,"63":0,"64":0,"65":0,"66":0,"67":0,"68":4,"69":0,"70":0,"71":0,"72":0,"73":0,"74":0,"75":0,"76":0,"77":4,"78":0,"79":0,"80":0,"81":0,"82":0,"83":0,"84":4,"85":0,"86":0,"87":0,"88":0,"89":0,"90":0,"91":0,"92":0,"93":0,"94":0,"95":4,"96":4,"97":0,"98":0,"99":0,"100":0},"f":{"0":4,"1":2,"2":0,"3":0,"4":0,"5":2,"6":0,"7":0,"8":0,"9":0,"10":0,"11":0,"12":0,"13":0,"14":0,"15":0},"b":{"0":[2,0],"1":[2,2],"2":[0,0],"3":[0,0],"4":[0,0],"5":[0,0],"6":[0,0],"7":[0,0],"8":[0,0],"9":[0,0],"10":[0,0],"11":[0,0],"12":[0,0],"13":[0,0],"14":[0,0],"15":[0,0],"16":[0,0],"17":[4,0],"18":[0,0],"19":[4,0],"20":[0,0],"21":[0,0],"22":[0,0],"23":[0,0]},"meta":{"lastBranch":24,"lastFunction":16,"lastStatement":101,"seen":{"f:22:24:22:38":0,"s:23:30:23:Infinity":0,"s:24:34:24:Infinity":1,"s:25:36:25:Infinity":2,"s:26:36:26:Infinity":3,"s:27:26:27:Infinity":4,"s:29:22:29:Infinity":5,"s:30:17:30:Infinity":6,"s:33:25:88:Infinity":7,"f:33:25:33:37":1,"b:34:8:37:Infinity:undefined:undefined:undefined:undefined":0,"s:34:8:37:Infinity":8,"b:34:12:34:29:34:29:34:54":1,"s:35:12:35:Infinity":9,"s:36:12:36:Infinity":10,"b:39:8:42:Infinity:undefined:undefined:undefined:undefined":2,"s:39:8:42:Infinity":11,"s:40:12:40:Infinity":12,"s:41:12:41:Infinity":13,"b:44:8:47:Infinity:undefined:undefined:undefined:undefined":3,"s:44:8:47:Infinity":14,"s:45:12:45:Infinity":15,"s:46:12:46:Infinity":16,"s:49:8:49:Infinity":17,"s:50:8:50:Infinity":18,"s:52:8:87:Infinity":19,"s:54:35:56:Infinity":20,"f:54:47:54:48":2,"s:55:16:55:Infinity":21,"f:55:27:55:33":3,"s:55:33:55:73":22,"s:59:33:63:Infinity":23,"s:66:48:66:Infinity":24,"b:68:12:68:Infinity:undefined:undefined:undefined:undefined":4,"s:68:12:68:Infinity":25,"s:68:28:68:Infinity":26,"s:71:18:74:Infinity":27,"b:71:34:71:42:71:42:71:46":5,"f:71:53:71:54":4,"b:72:16:72:Infinity:undefined:undefined:undefined:undefined":6,"s:72:16:72:Infinity":28,"s:72:37:72:Infinity":29,"s:73:16:73:Infinity":30,"s:76:12:76:Infinity":31,"s:78:12:78:Infinity":32,"b:80:12:84:Infinity:82:19:84:Infinity":7,"s:80:12:84:Infinity":33,"s:81:16:81:Infinity":34,"s:83:16:83:Infinity":35,"s:86:12:86:Infinity":36,"s:90:4:92:Infinity":37,"f:90:14:90:20":5,"s:91:8:91:Infinity":38,"s:95:25:131:Infinity":39,"f:95:25:95:37":6,"b:96:8:96:Infinity:undefined:undefined:undefined:undefined":8,"s:96:8:96:Infinity":40,"b:96:12:96:29:96:29:96:54":9,"s:96:54:96:Infinity":41,"s:98:8:98:Infinity":42,"s:99:8:99:Infinity":43,"s:101:8:130:Infinity":44,"s:103:25:103:Infinity":45,"s:104:30:104:Infinity":46,"s:105:12:105:Infinity":47,"b:107:12:107:Infinity:undefined:undefined:undefined:undefined":10,"s:107:12:107:Infinity":48,"s:107:23:107:Infinity":49,"s:109:49:120:Infinity":50,"b:122:12:122:Infinity:undefined:undefined:undefined:undefined":11,"s:122:12:122:Infinity":51,"s:122:29:122:Infinity":52,"s:124:12:124:Infinity":53,"s:126:12:126:Infinity":54,"s:127:12:127:Infinity":55,"s:129:12:129:Infinity":56,"s:134:25:150:Infinity":57,"f:134:25:134:32":7,"b:135:8:135:Infinity:undefined:undefined:undefined:undefined":12,"s:135:8:135:Infinity":58,"b:135:12:135:29:135:29:135:54":13,"s:135:54:135:Infinity":59,"s:137:8:149:Infinity":60,"s:138:43:141:Infinity":61,"b:143:12:143:Infinity:undefined:undefined:undefined:undefined":14,"s:143:12:143:Infinity":62,"s:143:29:143:Infinity":63,"s:145:12:145:Infinity":64,"f:145:38:145:45":8,"s:145:45:145:64":65,"s:147:12:147:Infinity":66,"s:148:12:148:Infinity":67,"s:153:27:164:Infinity":68,"f:153:27:153:34":9,"s:154:24:154:Infinity":69,"s:155:27:155:Infinity":70,"s:157:8:163:Infinity":71,"s:158:12:158:Infinity":72,"s:159:12:159:Infinity":73,"s:160:12:160:Infinity":74,"f:160:23:160:29":10,"s:160:29:160:50":75,"s:162:12:162:Infinity":76,"s:167:31:174:Infinity":77,"f:167:31:167:45":11,"s:168:22:168:Infinity":78,"s:169:19:169:Infinity":79,"s:170:8:172:Infinity":80,"s:170:21:170:24":81,"s:171:12:171:Infinity":82,"s:173:8:173:Infinity":83,"s:177:32:191:Infinity":84,"f:177:32:177:33":12,"s:178:20:178:Infinity":85,"s:179:24:179:Infinity":86,"s:180:23:180:Infinity":87,"b:182:8:182:Infinity:undefined:undefined:undefined:undefined":15,"s:182:8:182:Infinity":88,"s:182:25:182:Infinity":89,"s:184:22:184:Infinity":90,"s:185:24:185:Infinity":91,"b:187:8:189:Infinity:undefined:undefined:undefined:undefined":16,"s:187:8:189:Infinity":92,"s:188:12:188:Infinity":93,"s:190:8:190:Infinity":94,"b:193:4:200:Infinity:undefined:undefined:undefined:undefined":17,"s:193:4:200:Infinity":95,"s:194:8:198:Infinity":96,"s:202:4:295:Infinity":97,"b:216:24:216:Infinity:218:24:218:Infinity":18,"b:225:13:225:Infinity:226:16:228:Infinity":19,"b:233:16:236:Infinity:237:16:288:Infinity":20,"b:238:16:242:Infinity:244:16:288:Infinity":21,"f:245:33:245:34":13,"s:246:24:286:Infinity":98,"b:255:37:255:Infinity:256:40:258:Infinity":22,"f:268:45:268:51":14,"s:268:51:268:Infinity":99,"b:273:40:273:Infinity:275:40:275:Infinity":23,"f:279:45:279:51":15,"s:279:51:279:Infinity":100}}}
,"C:\\Users\\kevin\\Downloads\\falconforge\\src\\components\\MatchPlanner.tsx": {"path":"C:\\Users\\kevin\\Downloads\\falconforge\\src\\components\\MatchPlanner.tsx","statementMap":{"0":{"start":{"line":9,"column":22},"end":{"line":9,"column":null}},"1":{"start":{"line":10,"column":23},"end":{"line":10,"column":null}},"2":{"start":{"line":12,"column":31},"end":{"line":393,"column":null}},"3":{"start":{"line":13,"column":8},"end":{"line":13,"column":null}},"4":{"start":{"line":14,"column":24},"end":{"line":14,"column":null}},"5":{"start":{"line":15,"column":46},"end":{"line":15,"column":null}},"6":{"start":{"line":17,"column":117},"end":{"line":17,"column":null}},"7":{"start":{"line":20,"column":2},"end":{"line":20,"column":null}},"8":{"start":{"line":22,"column":24},"end":{"line":22,"column":null}},"9":{"start":{"line":24,"column":27},"end":{"line":24,"column":null}},"10":{"start":{"line":25,"column":24},"end":{"line":29,"column":null}},"11":{"start":{"line":31,"column":21},"end":{"line":31,"column":null}},"12":{"start":{"line":31,"column":47},"end":{"line":31,"column":92}},"13":{"start":{"line":32,"column":24},"end":{"line":32,"column":null}},"14":{"start":{"line":33,"column":36},"end":{"line":33,"column":null}},"15":{"start":{"line":34,"column":36},"end":{"line":34,"column":null}},"16":{"start":{"line":37,"column":44},"end":{"line":37,"column":null}},"17":{"start":{"line":38,"column":40},"end":{"line":38,"column":null}},"18":{"start":{"line":39,"column":34},"end":{"line":39,"column":null}},"19":{"start":{"line":40,"column":26},"end":{"line":40,"column":null}},"20":{"start":{"line":43,"column":44},"end":{"line":43,"column":null}},"21":{"start":{"line":44,"column":44},"end":{"line":44,"column":null}},"22":{"start":{"line":45,"column":34},"end":{"line":45,"column":null}},"23":{"start":{"line":46,"column":32},"end":{"line":46,"column":null}},"24":{"start":{"line":48,"column":21},"end":{"line":65,"column":null}},"25":{"start":{"line":49,"column":4},"end":{"line":49,"column":null}},"26":{"start":{"line":50,"column":4},"end":{"line":57,"column":null}},"27":{"start":{"line":58,"column":4},"end":{"line":58,"column":null}},"28":{"start":{"line":60,"column":4},"end":{"line":64,"column":null}},"29":{"start":{"line":61,"column":6},"end":{"line":61,"column":null}},"30":{"start":{"line":62,"column":6},"end":{"line":62,"column":null}},"31":{"start":{"line":63,"column":6},"end":{"line":63,"column":null}},"32":{"start":{"line":67,"column":21},"end":{"line":74,"column":null}},"33":{"start":{"line":68,"column":4},"end":{"line":68,"column":null}},"34":{"start":{"line":69,"column":4},"end":{"line":69,"column":null}},"35":{"start":{"line":70,"column":4},"end":{"line":70,"column":null}},"36":{"start":{"line":71,"column":4},"end":{"line":71,"column":null}},"37":{"start":{"line":72,"column":4},"end":{"line":72,"column":null}},"38":{"start":{"line":73,"column":4},"end":{"line":73,"column":null}},"39":{"start":{"line":77,"column":2},"end":{"line":98,"column":null}},"40":{"start":{"line":78,"column":4},"end":{"line":78,"column":null}},"41":{"start":{"line":78,"column":25},"end":{"line":78,"column":null}},"42":{"start":{"line":80,"column":16},"end":{"line":80,"column":null}},"43":{"start":{"line":83,"column":17},"end":{"line":94,"column":null}},"44":{"start":{"line":85,"column":8},"end":{"line":85,"column":null}},"45":{"start":{"line":88,"column":8},"end":{"line":90,"column":null}},"46":{"start":{"line":89,"column":10},"end":{"line":89,"column":null}},"47":{"start":{"line":93,"column":8},"end":{"line":93,"column":null}},"48":{"start":{"line":96,"column":4},"end":{"line":96,"column":null}},"49":{"start":{"line":101,"column":27},"end":{"line":112,"column":null}},"50":{"start":{"line":102,"column":16},"end":{"line":102,"column":null}},"51":{"start":{"line":103,"column":4},"end":{"line":103,"column":null}},"52":{"start":{"line":103,"column":14},"end":{"line":103,"column":null}},"53":{"start":{"line":104,"column":16},"end":{"line":104,"column":null}},"54":{"start":{"line":105,"column":4},"end":{"line":105,"column":null}},"55":{"start":{"line":105,"column":14},"end":{"line":105,"column":null}},"56":{"start":{"line":107,"column":18},"end":{"line":107,"column":null}},"57":{"start":{"line":108,"column":4},"end":{"line":108,"column":null}},"58":{"start":{"line":109,"column":4},"end":{"line":109,"column":null}},"59":{"start":{"line":110,"column":21},"end":{"line":110,"column":null}},"60":{"start":{"line":111,"column":4},"end":{"line":111,"column":null}},"61":{"start":{"line":115,"column":28},"end":{"line":125,"column":null}},"62":{"start":{"line":116,"column":4},"end":{"line":116,"column":null}},"63":{"start":{"line":116,"column":27},"end":{"line":116,"column":null}},"64":{"start":{"line":117,"column":16},"end":{"line":117,"column":null}},"65":{"start":{"line":118,"column":4},"end":{"line":118,"column":null}},"66":{"start":{"line":118,"column":14},"end":{"line":118,"column":null}},"67":{"start":{"line":120,"column":19},"end":{"line":120,"column":null}},"68":{"start":{"line":121,"column":4},"end":{"line":121,"column":null}},"69":{"start":{"line":121,"column":17},"end":{"line":121,"column":null}},"70":{"start":{"line":123,"column":4},"end":{"line":123,"column":null}},"71":{"start":{"line":124,"column":5},"end":{"line":124,"column":null}},"72":{"start":{"line":127,"column":28},"end":{"line":135,"column":null}},"73":{"start":{"line":128,"column":4},"end":{"line":128,"column":null}},"74":{"start":{"line":128,"column":43},"end":{"line":128,"column":null}},"75":{"start":{"line":130,"column":19},"end":{"line":130,"column":null}},"76":{"start":{"line":131,"column":4},"end":{"line":131,"column":null}},"77":{"start":{"line":131,"column":17},"end":{"line":131,"column":null}},"78":{"start":{"line":134,"column":4},"end":{"line":134,"column":null}},"79":{"start":{"line":134,"column":27},"end":{"line":134,"column":62}},"80":{"start":{"line":137,"column":26},"end":{"line":145,"column":null}},"81":{"start":{"line":138,"column":4},"end":{"line":138,"column":null}},"82":{"start":{"line":138,"column":43},"end":{"line":138,"column":null}},"83":{"start":{"line":141,"column":4},"end":{"line":141,"column":null}},"84":{"start":{"line":142,"column":4},"end":{"line":142,"column":null}},"85":{"start":{"line":143,"column":4},"end":{"line":143,"column":null}},"86":{"start":{"line":144,"column":4},"end":{"line":144,"column":null}},"87":{"start":{"line":144,"column":25},"end":{"line":144,"column":null}},"88":{"start":{"line":147,"column":21},"end":{"line":155,"column":null}},"89":{"start":{"line":148,"column":4},"end":{"line":148,"column":null}},"90":{"start":{"line":148,"column":28},"end":{"line":148,"column":null}},"91":{"start":{"line":149,"column":21},"end":{"line":149,"column":null}},"92":{"start":{"line":150,"column":24},"end":{"line":150,"column":null}},"93":{"start":{"line":151,"column":4},"end":{"line":153,"column":null}},"94":{"start":{"line":152,"column":6},"end":{"line":152,"column":null}},"95":{"start":{"line":154,"column":4},"end":{"line":154,"column":null}},"96":{"start":{"line":157,"column":21},"end":{"line":165,"column":null}},"97":{"start":{"line":158,"column":4},"end":{"line":158,"column":null}},"98":{"start":{"line":158,"column":34},"end":{"line":158,"column":null}},"99":{"start":{"line":159,"column":23},"end":{"line":159,"column":null}},"100":{"start":{"line":160,"column":25},"end":{"line":160,"column":null}},"101":{"start":{"line":161,"column":4},"end":{"line":163,"column":null}},"102":{"start":{"line":162,"column":6},"end":{"line":162,"column":null}},"103":{"start":{"line":164,"column":4},"end":{"line":164,"column":null}},"104":{"start":{"line":167,"column":2},"end":{"line":391,"column":null}},"105":{"start":{"line":173,"column":29},"end":{"line":173,"column":null}},"106":{"start":{"line":180,"column":35},"end":{"line":180,"column":56}},"107":{"start":{"line":181,"column":35},"end":{"line":181,"column":56}},"108":{"start":{"line":182,"column":35},"end":{"line":182,"column":56}},"109":{"start":{"line":183,"column":35},"end":{"line":183,"column":56}},"110":{"start":{"line":203,"column":31},"end":{"line":203,"column":45}},"111":{"start":{"line":203,"column":45},"end":{"line":203,"column":65}},"112":{"start":{"line":211,"column":29},"end":{"line":211,"column":null}},"113":{"start":{"line":218,"column":29},"end":{"line":218,"column":null}},"114":{"start":{"line":248,"column":14},"end":{"line":256,"column":null}},"115":{"start":{"line":283,"column":31},"end":{"line":283,"column":null}},"116":{"start":{"line":292,"column":31},"end":{"line":292,"column":null}},"117":{"start":{"line":301,"column":77},"end":{"line":301,"column":110}},"118":{"start":{"line":304,"column":73},"end":{"line":304,"column":102}},"119":{"start":{"line":313,"column":27},"end":{"line":313,"column":null}},"120":{"start":{"line":319,"column":27},"end":{"line":319,"column":null}},"121":{"start":{"line":344,"column":35},"end":{"line":344,"column":null}},"122":{"start":{"line":345,"column":36},"end":{"line":345,"column":null}},"123":{"start":{"line":349,"column":41},"end":{"line":349,"column":68}},"124":{"start":{"line":364,"column":37},"end":{"line":364,"column":64}},"125":{"start":{"line":371,"column":18},"end":{"line":384,"column":null}},"126":{"start":{"line":372,"column":74},"end":{"line":372,"column":null}},"127":{"start":{"line":378,"column":24},"end":{"line":378,"column":null}}},"fnMap":{"0":{"name":"(anonymous_0)","decl":{"start":{"line":12,"column":31},"end":{"line":12,"column":37}},"loc":{"start":{"line":12,"column":37},"end":{"line":393,"column":null}},"line":12},"1":{"name":"(anonymous_1)","decl":{"start":{"line":31,"column":42},"end":{"line":31,"column":47}},"loc":{"start":{"line":31,"column":47},"end":{"line":31,"column":92}},"line":31},"2":{"name":"(anonymous_2)","decl":{"start":{"line":48,"column":21},"end":{"line":48,"column":27}},"loc":{"start":{"line":48,"column":27},"end":{"line":65,"column":null}},"line":48},"3":{"name":"(anonymous_3)","decl":{"start":{"line":60,"column":15},"end":{"line":60,"column":21}},"loc":{"start":{"line":60,"column":21},"end":{"line":64,"column":7}},"line":60},"4":{"name":"(anonymous_4)","decl":{"start":{"line":67,"column":21},"end":{"line":67,"column":22}},"loc":{"start":{"line":67,"column":42},"end":{"line":74,"column":null}},"line":67},"5":{"name":"(anonymous_5)","decl":{"start":{"line":77,"column":12},"end":{"line":77,"column":18}},"loc":{"start":{"line":77,"column":18},"end":{"line":98,"column":5}},"line":77},"6":{"name":"(anonymous_6)","decl":{"start":{"line":84,"column":19},"end":{"line":84,"column":29}},"loc":{"start":{"line":84,"column":37},"end":{"line":86,"column":7}},"line":84},"7":{"name":"(anonymous_7)","decl":{"start":{"line":87,"column":18},"end":{"line":87,"column":28}},"loc":{"start":{"line":87,"column":35},"end":{"line":91,"column":7}},"line":87},"8":{"name":"(anonymous_8)","decl":{"start":{"line":92,"column":17},"end":{"line":92,"column":27}},"loc":{"start":{"line":92,"column":35},"end":{"line":94,"column":7}},"line":92},"9":{"name":"(anonymous_9)","decl":{"start":{"line":101,"column":27},"end":{"line":101,"column":28}},"loc":{"start":{"line":101,"column":54},"end":{"line":112,"column":null}},"line":101},"10":{"name":"(anonymous_10)","decl":{"start":{"line":115,"column":28},"end":{"line":115,"column":29}},"loc":{"start":{"line":115,"column":55},"end":{"line":125,"column":null}},"line":115},"11":{"name":"(anonymous_11)","decl":{"start":{"line":127,"column":28},"end":{"line":127,"column":29}},"loc":{"start":{"line":127,"column":55},"end":{"line":135,"column":null}},"line":127},"12":{"name":"(anonymous_12)","decl":{"start":{"line":134,"column":19},"end":{"line":134,"column":27}},"loc":{"start":{"line":134,"column":27},"end":{"line":134,"column":62}},"line":134},"13":{"name":"(anonymous_13)","decl":{"start":{"line":137,"column":26},"end":{"line":137,"column":27}},"loc":{"start":{"line":137,"column":53},"end":{"line":145,"column":null}},"line":137},"14":{"name":"(anonymous_14)","decl":{"start":{"line":147,"column":21},"end":{"line":147,"column":27}},"loc":{"start":{"line":147,"column":27},"end":{"line":155,"column":null}},"line":147},"15":{"name":"(anonymous_15)","decl":{"start":{"line":157,"column":21},"end":{"line":157,"column":27}},"loc":{"start":{"line":157,"column":27},"end":{"line":165,"column":null}},"line":157},"16":{"name":"(anonymous_16)","decl":{"start":{"line":173,"column":23},"end":{"line":173,"column":29}},"loc":{"start":{"line":173,"column":29},"end":{"line":173,"column":null}},"line":173},"17":{"name":"(anonymous_17)","decl":{"start":{"line":180,"column":29},"end":{"line":180,"column":35}},"loc":{"start":{"line":180,"column":35},"end":{"line":180,"column":56}},"line":180},"18":{"name":"(anonymous_18)","decl":{"start":{"line":181,"column":29},"end":{"line":181,"column":35}},"loc":{"start":{"line":181,"column":35},"end":{"line":181,"column":56}},"line":181},"19":{"name":"(anonymous_19)","decl":{"start":{"line":182,"column":29},"end":{"line":182,"column":35}},"loc":{"start":{"line":182,"column":35},"end":{"line":182,"column":56}},"line":182},"20":{"name":"(anonymous_20)","decl":{"start":{"line":183,"column":29},"end":{"line":183,"column":35}},"loc":{"start":{"line":183,"column":35},"end":{"line":183,"column":56}},"line":183},"21":{"name":"(anonymous_21)","decl":{"start":{"line":203,"column":23},"end":{"line":203,"column":29}},"loc":{"start":{"line":203,"column":29},"end":{"line":203,"column":null}},"line":203},"22":{"name":"(anonymous_22)","decl":{"start":{"line":211,"column":23},"end":{"line":211,"column":29}},"loc":{"start":{"line":211,"column":29},"end":{"line":211,"column":null}},"line":211},"23":{"name":"(anonymous_23)","decl":{"start":{"line":218,"column":23},"end":{"line":218,"column":29}},"loc":{"start":{"line":218,"column":29},"end":{"line":218,"column":null}},"line":218},"24":{"name":"(anonymous_24)","decl":{"start":{"line":247,"column":23},"end":{"line":247,"column":24}},"loc":{"start":{"line":248,"column":14},"end":{"line":256,"column":null}},"line":248},"25":{"name":"(anonymous_25)","decl":{"start":{"line":283,"column":24},"end":{"line":283,"column":25}},"loc":{"start":{"line":283,"column":31},"end":{"line":283,"column":null}},"line":283},"26":{"name":"(anonymous_26)","decl":{"start":{"line":292,"column":24},"end":{"line":292,"column":25}},"loc":{"start":{"line":292,"column":31},"end":{"line":292,"column":null}},"line":292},"27":{"name":"(anonymous_27)","decl":{"start":{"line":301,"column":70},"end":{"line":301,"column":71}},"loc":{"start":{"line":301,"column":77},"end":{"line":301,"column":110}},"line":301},"28":{"name":"(anonymous_28)","decl":{"start":{"line":304,"column":66},"end":{"line":304,"column":67}},"loc":{"start":{"line":304,"column":73},"end":{"line":304,"column":102}},"line":304},"29":{"name":"(anonymous_29)","decl":{"start":{"line":313,"column":21},"end":{"line":313,"column":27}},"loc":{"start":{"line":313,"column":27},"end":{"line":313,"column":null}},"line":313},"30":{"name":"(anonymous_30)","decl":{"start":{"line":319,"column":21},"end":{"line":319,"column":27}},"loc":{"start":{"line":319,"column":27},"end":{"line":319,"column":null}},"line":319},"31":{"name":"(anonymous_31)","decl":{"start":{"line":344,"column":28},"end":{"line":344,"column":29}},"loc":{"start":{"line":344,"column":35},"end":{"line":344,"column":null}},"line":344},"32":{"name":"(anonymous_32)","decl":{"start":{"line":345,"column":29},"end":{"line":345,"column":30}},"loc":{"start":{"line":345,"column":36},"end":{"line":345,"column":null}},"line":345},"33":{"name":"(anonymous_33)","decl":{"start":{"line":349,"column":35},"end":{"line":349,"column":41}},"loc":{"start":{"line":349,"column":41},"end":{"line":349,"column":68}},"line":349},"34":{"name":"(anonymous_34)","decl":{"start":{"line":364,"column":31},"end":{"line":364,"column":37}},"loc":{"start":{"line":364,"column":37},"end":{"line":364,"column":64}},"line":364},"35":{"name":"(anonymous_35)","decl":{"start":{"line":370,"column":31},"end":{"line":370,"column":null}},"loc":{"start":{"line":371,"column":18},"end":{"line":384,"column":null}},"line":371},"36":{"name":"(anonymous_36)","decl":{"start":{"line":372,"column":68},"end":{"line":372,"column":74}},"loc":{"start":{"line":372,"column":74},"end":{"line":372,"column":null}},"line":372},"37":{"name":"(anonymous_37)","decl":{"start":{"line":377,"column":31},"end":{"line":377,"column":37}},"loc":{"start":{"line":377,"col
[...]
,"C:\\Users\\kevin\\Downloads\\falconforge\\src\\pages\\legal\\CommunityGuidelines.tsx": {"path":"C:\\Users\\kevin\\Downloads\\falconforge\\src\\pages\\legal\\CommunityGuidelines.tsx","statementMap":{"0":{"start":{"line":5,"column":4},"end":{"line":79,"column":null}}},"fnMap":{"0":{"name":"CommunityGuidelines","decl":{"start":{"line":4,"column":24},"end":{"line":4,"column":46}},"loc":{"start":{"line":4,"column":46},"end":{"line":81,"column":null}},"line":4}},"branchMap":{},"s":{"0":0},"f":{"0":0},"b":{},"meta":{"lastBranch":0,"lastFunction":1,"lastStatement":1,"seen":{"f:4:24:4:46":0,"s:5:4:79:Infinity":0}}}
,"C:\\Users\\kevin\\Downloads\\falconforge\\src\\pages\\legal\\PrivacyPolicy.tsx": {"path":"C:\\Users\\kevin\\Downloads\\falconforge\\src\\pages\\legal\\PrivacyPolicy.tsx","statementMap":{"0":{"start":{"line":5,"column":4},"end":{"line":95,"column":null}}},"fnMap":{"0":{"name":"PrivacyPolicy","decl":{"start":{"line":4,"column":24},"end":{"line":4,"column":40}},"loc":{"start":{"line":4,"column":40},"end":{"line":97,"column":null}},"line":4}},"branchMap":{},"s":{"0":0},"f":{"0":0},"b":{},"meta":{"lastBranch":0,"lastFunction":1,"lastStatement":1,"seen":{"f:4:24:4:40":0,"s:5:4:95:Infinity":0}}}
,"C:\\Users\\kevin\\Downloads\\falconforge\\src\\pages\\legal\\TermsAndConditions.tsx": {"path":"C:\\Users\\kevin\\Downloads\\falconforge\\src\\pages\\legal\\TermsAndConditions.tsx","statementMap":{"0":{"start":{"line":5,"column":4},"end":{"line":112,"column":null}}},"fnMap":{"0":{"name":"TermsAndConditions","decl":{"start":{"line":4,"column":24},"end":{"line":4,"column":45}},"loc":{"start":{"line":4,"column":45},"end":{"line":114,"column":null}},"line":4}},"branchMap":{},"s":{"0":0},"f":{"0":0},"b":{},"meta":{"lastBranch":0,"lastFunction":1,"lastStatement":1,"seen":{"f:4:24:4:45":0,"s:5:4:112:Infinity":0}}}
,"C:\\Users\\kevin\\Downloads\\falconforge\\src\\services\\geminiService.ts": {"path":"C:\\Users\\kevin\\Downloads\\falconforge\\src\\services\\geminiService.ts","statementMap":{"0":{"start":{"line":5,"column":14},"end":{"line":10,"column":null}},"1":{"start":{"line":7,"column":14},"end":{"line":7,"column":null}},"2":{"start":{"line":8,"column":2},"end":{"line":8,"column":null}},"3":{"start":{"line":8,"column":12},"end":{"line":8,"column":null}},"4":{"start":{"line":9,"column":2},"end":{"line":9,"column":null}},"5":{"start":{"line":12,"column":40},"end":{"line":75,"column":null}},"6":{"start":{"line":15,"column":2},"end":{"line":40,"column":null}},"7":{"start":{"line":16,"column":4},"end":{"line":39,"column":null}},"8":{"start":{"line":17,"column":26},"end":{"line":17,"column":null}},"9":{"start":{"line":19,"column":23},"end":{"line":27,"column":null}},"10":{"start":{"line":29,"column":6},"end":{"line":33,"column":null}},"11":{"start":{"line":30,"column":24},"end":{"line":30,"column":null}},"12":{"start":{"line":30,"column":59},"end":{"line":30,"column":62}},"13":{"start":{"line":31,"column":8},"end":{"line":31,"column":null}},"14":{"start":{"line":32,"column":8},"end":{"line":32,"column":null}},"15":{"start":{"line":35,"column":19},"end":{"line":35,"column":null}},"16":{"start":{"line":36,"column":6},"end":{"line":36,"column":null}},"17":{"start":{"line":38,"column":6},"end":{"line":38,"column":null}},"18":{"start":{"line":42,"column":13},"end":{"line":42,"column":null}},"19":{"start":{"line":43,"column":2},"end":{"line":43,"column":null}},"20":{"start":{"line":43,"column":11},"end":{"line":43,"column":null}},"21":{"start":{"line":45,"column":25},"end":{"line":45,"column":null}},"22":{"start":{"line":45,"column":43},"end":{"line":45,"column":62}},"23":{"start":{"line":46,"column":22},"end":{"line":48,"column":null}},"24":{"start":{"line":47,"column":4},"end":{"line":47,"column":null}},"25":{"start":{"line":50,"column":17},"end":{"line":63,"column":null}},"26":{"start":{"line":66,"column":2},"end":{"line":74,"column":null}},"27":{"start":{"line":67,"column":21},"end":{"line":70,"column":null}},"28":{"start":{"line":71,"column":4},"end":{"line":71,"column":null}},"29":{"start":{"line":73,"column":4},"end":{"line":73,"column":null}},"30":{"start":{"line":77,"column":42},"end":{"line":138,"column":null}},"31":{"start":{"line":78,"column":2},"end":{"line":112,"column":null}},"32":{"start":{"line":79,"column":4},"end":{"line":111,"column":null}},"33":{"start":{"line":80,"column":26},"end":{"line":80,"column":null}},"34":{"start":{"line":82,"column":23},"end":{"line":90,"column":null}},"35":{"start":{"line":92,"column":6},"end":{"line":94,"column":null}},"36":{"start":{"line":93,"column":8},"end":{"line":93,"column":null}},"37":{"start":{"line":96,"column":19},"end":{"line":96,"column":null}},"38":{"start":{"line":100,"column":20},"end":{"line":100,"column":null}},"39":{"start":{"line":101,"column":24},"end":{"line":101,"column":null}},"40":{"start":{"line":102,"column":22},"end":{"line":102,"column":null}},"41":{"start":{"line":103,"column":6},"end":{"line":105,"column":null}},"42":{"start":{"line":104,"column":8},"end":{"line":104,"column":null}},"43":{"start":{"line":107,"column":19},"end":{"line":107,"column":null}},"44":{"start":{"line":108,"column":6},"end":{"line":108,"column":null}},"45":{"start":{"line":110,"column":6},"end":{"line":110,"column":null}},"46":{"start":{"line":114,"column":13},"end":{"line":114,"column":null}},"47":{"start":{"line":115,"column":2},"end":{"line":115,"column":null}},"48":{"start":{"line":115,"column":11},"end":{"line":115,"column":null}},"49":{"start":{"line":117,"column":21},"end":{"line":123,"column":null}},"50":{"start":{"line":126,"column":19},"end":{"line":129,"column":null}},"51":{"start":{"line":130,"column":2},"end":{"line":137,"column":null}},"52":{"start":{"line":131,"column":10},"end":{"line":131,"column":null}},"53":{"start":{"line":132,"column":17},"end":{"line":132,"column":null}},"54":{"start":{"line":133,"column":4},"end":{"line":133,"column":null}},"55":{"start":{"line":135,"column":4},"end":{"line":135,"column":null}},"56":{"start":{"line":136,"column":4},"end":{"line":136,"column":null}},"57":{"start":{"line":142,"column":32},"end":{"line":176,"column":null}},"58":{"start":{"line":143,"column":2},"end":{"line":166,"column":null}},"59":{"start":{"line":144,"column":4},"end":{"line":165,"column":null}},"60":{"start":{"line":145,"column":26},"end":{"line":145,"column":null}},"61":{"start":{"line":147,"column":23},"end":{"line":155,"column":null}},"62":{"start":{"line":157,"column":6},"end":{"line":159,"column":null}},"63":{"start":{"line":158,"column":8},"end":{"line":158,"column":null}},"64":{"start":{"line":161,"column":19},"end":{"line":161,"column":null}},"65":{"start":{"line":162,"column":6},"end":{"line":162,"column":null}},"66":{"start":{"line":164,"column":6},"end":{"line":164,"column":null}},"67":{"start":{"line":168,"column":13},"end":{"line":168,"column":null}},"68":{"start":{"line":169,"column":2},"end":{"line":169,"column":null}},"69":{"start":{"line":169,"column":11},"end":{"line":169,"column":null}},"70":{"start":{"line":171,"column":19},"end":{"line":174,"column":null}},"71":{"start":{"line":175,"column":2},"end":{"line":175,"column":null}}},"fnMap":{"0":{"name":"(anonymous_0)","decl":{"start":{"line":5,"column":14},"end":{"line":5,"column":15}},"loc":{"start":{"line":5,"column":40},"end":{"line":10,"column":null}},"line":5},"1":{"name":"(anonymous_1)","decl":{"start":{"line":12,"column":40},"end":{"line":12,"column":47}},"loc":{"start":{"line":12,"column":99},"end":{"line":75,"column":null}},"line":12},"2":{"name":"(anonymous_2)","decl":{"start":{"line":30,"column":52},"end":{"line":30,"column":59}},"loc":{"start":{"line":30,"column":59},"end":{"line":30,"column":62}},"line":30},"3":{"name":"(anonymous_3)","decl":{"start":{"line":45,"column":38},"end":{"line":45,"column":43}},"loc":{"start":{"line":45,"column":43},"end":{"line":45,"column":62}},"line":45},"4":{"name":"(anonymous_4)","decl":{"start":{"line":46,"column":41},"end":{"line":46,"column":null}},"loc":{"start":{"line":47,"column":4},"end":{"line":47,"column":null}},"line":47},"5":{"name":"(anonymous_5)","decl":{"start":{"line":77,"column":42},"end":{"line":77,"column":49}},"loc":{"start":{"line":77,"column":133},"end":{"line":138,"column":null}},"line":77},"6":{"name":"(anonymous_6)","decl":{"start":{"line":142,"column":32},"end":{"line":142,"column":39}},"loc":{"start":{"line":142,"column":91},"end":{"line":176,"column":null}},"line":142}},"branchMap":{"0":{"loc":{"start":{"line":7,"column":14},"end":{"line":7,"column":null}},"type":"binary-expr","locations":[{"start":{"line":7,"column":14},"end":{"line":7,"column":30}},{"start":{"line":7,"column":30},"end":{"line":7,"column":null}}],"line":7},"1":{"loc":{"start":{"line":7,"column":30},"end":{"line":7,"column":null}},"type":"cond-expr","locations":[{"start":{"line":7,"column":63},"end":{"line":7,"column":85}},{"start":{"line":7,"column":85},"end":{"line":7,"column":null}}],"line":7},"2":{"loc":{"start":{"line":8,"column":2},"end":{"line":8,"column":null}},"type":"if","locations":[{"start":{"line":8,"column":2},"end":{"line":8,"column":null}},{"start":{},"end":{}}],"line":8},"3":{"loc":{"start":{"line":15,"column":2},"end":{"line":40,"column":null}},"type":"if","locations":[{"start":{"line":15,"column":2},"end":{"line":40,"column":null}},{"start":{},"end":{}}],"line":15},"4":{"loc":{"start":{"line":15,"column":6},"end":{"line":15,"column":27}},"type":"binary-expr","locations":[{"start":{"line":15,"column":6},"end":{"line":15,"column":18}},{"start":{"line":15,"column":18},"end":{"line":15,"column":27}}],"line":15},"5":{"loc":{"start":{"line":29,"column":6},"end":{"line":33,"column":null}},"type":"if","locations":[{"start":{"line":29,"column":6},"end":{"line":33,"column":null}},{"start":{},"end":{}}],"line":29},"6":{"loc":{"start":{"line":32,"column":24},"end":{"line":32,"column":73}},"type":"binary-expr","locations":[{"start":{"line":32,"column":24},"end":{"line":32,"column":41}},{"start":{"line":32,"column":41},"end":{"line":32,"column":73}}],"line":32},"7":{"loc":{"start":{"line":38,"column":62},"end":{"line":38,"column":76}},"type":"binary-expr","locations":[{"start":{"line":38,"column":62},"end":{"line":38,"column":75}},{"start":{"line":38,"column":75},"end":{"line":38,"column":76}}],"line":38},"8":{"loc":{"start":{"line":43,"column":2},"end":{"line":43,"column":null}},"type":"if","locations":[{"start":{"line":43,"column":2},"end":{"line":43,"column":null}},{"start":{},"end":{}}],"line":43},"9":{"loc":{"start":{"line":47,"column":57},"end":{"line":47,"column":81}},"type":"binary-expr","locations":[{"start":{"line":47,"column":57},"end":{"line":47,"column":79}},{"start":{"line":47,"column":79},"end":{"line":47,"column":81}}],"line":47},"10":{"loc":{"start":{"line":63,"column":6},"end":{"line":63,"column":57}},"type":"binary-expr","locations":[{"start":{"line":63,"column":6},"end":{"line":63,"column":21}},{"start":{"line":63,"column":21},"end":{"line":63,"column":57}}],"line":63},"11":{"loc":{"start":{"line":71,"column":11},"end":{"line":71,"column":null}},"type":"binary-expr","locations":[{"start":{"line":71,"column":11},"end":{"line":71,"column":28}},{"start":{"line":71,"column":28},"end":{"line":71,"column":null}}],"line":71},"12":{"loc":{"start":{"line":78,"column":2},"end":{"line":112,"column":null}},"type":"if","locations":[{"start":{"line":78,"column":2},"end":{"line":112,"column":null}},{"start":{},"end":{}}],"line":78},"13":{"loc":{"start":{"line":78,"column":6},"end":{"line":78,"column":27}},"type":"binary-expr","locations":[{"start":{"line":78,"column":6},"end":{"line":78,"column":18}},{"start":{"line":78,"column":18},"end":{"line":78,"column":27}}],"line":78},"14":{"loc":{"start":{"line":92,"column":6},"end":{"line":94,"column":null}},"type":"if","locations":[{"start":{"line":92,"column":6},"end":{"line":94,"column":null}},{"start":{},"end":{}}],"line":92},"15":{"loc":{"start":{"line":103,"column":6},"end":{"line":105,"column":null}},"type":"if","locations":[{"start":{"line":103,"column":6},"end":{"line":105,"column":null}},{"start":{},"end":{}}],"line":103},"16":{"loc":{"start":{"line":103,"column":10},"end":{"line":103,"column":46}},"type":"binary-expr","locations":[{"start":{"line":103,"column":10},"end":{"line":103,"column":30}},{"start":{"line":103,"column":30},"end":{"line":103,"column":46}}],"line":103},"17":{"loc":{"start":{"line":108,"column":13},"end":{"line":108,"column":null}},"type":"binary-expr","locations":[{"start":{"line":108,"column":13},"end":{"line":108,"column":31}},{"start":{"line":108,"column":31},"end":{"line":108,"column":null}}],"line":108},"18":{"loc":{"start":{"line":110,"column":62},"end":{"line":110,"column":76}},"type":"binary-expr","locations":[{"start":{"line":110,"column":62},"end":{"line":110,"column":75}},{"start":{"line":110,"column":75},"end":{"line":110,"column":76}}],"line":110},"19":{"loc":{"start":{"line":115,"column":2},"end":{"line":115,"column":null}},"type":"if","locations":[{"start":{"line":115,"column":2},"end":{"line":115,"column":null}},{"start":{},"end":{}}],"line":115},"20":{"loc":{"start":{"line":123,"column":19},"end":{"line":123,"column":39}},"type":"binary-expr","locations":[{"start":{"line":123,"column":19},"end":{"line":123,"column":33}},{"start":{"line":123,"column":33},"end":{"line":123,"column":39}}],"line":123},"21":{"loc":{"start":{"line":131,"column":21},"end":{"line":131,"column":42}},"type":"binary-expr","locations":[{"start":{"line":131,"column":21},"end":{"line":131,"column":38}},{"start":{"line":131,"column":38},"end":{"line":131,"column":42}}],"line":131},"22":{"loc":{"start":{"line":133,"column":11},"end":{"line":133,"column":null}},"type":"binary-expr","locations":[{"start":{"line":133,"column":11},"end":{"line":133,"column":29}},{"start":{"line":133,"column":29},"end":{"line":133,"column":null}}],"line":133},"23":{"loc":{"start":{"line":143,"column":2},"end":{"line":166,"column":null}},"type":"if","locations":[{"start":{"line":143,"column":2},"end":{"line":166,"column":null}},{"start":{},"end":{}}],"line":143},"24":{"loc":{"start":{"line":143,"column":6},"end":{"line":143,"column":27}},"type":"binary-expr","locations":[{"start":{"line":143,"column":6},"end":{"line":143,"column":18}},{"start":{"line":143,"column":18},"end":{"line":143,"column":27}}],"line":143},"25":{"loc":{"start":{"line":157,"column":6},"end":{"line":159,"column":null}},"type":"if","locations":[{"start":{"line":157,"column":6},"end":{"line":159,"column":null}},{"start":{},"end":{}}],"line":157},"26":{"loc":{"start":{"line":164,"column":62},"end":{"line":164,"column":76}},"type":"binary-expr","locations":[{"start":{"line":164,"column":62},"end":{"line":164,"column":75}},{"start":{"line":164,"column":75},"end":{"line":164,"column":76}}],"line":164},"27":{"loc":{"start":{"line":169,"column":2},"end":{"line":169,"column":null}},"type":"if","locations":[{"start":{"line":169,"column":2},"end":{"line":169,"column":null}},{"start":{},"end":{}}],"line":169},"28":{"loc":{"start":{"line":175,"column":9},"end":{"line":175,"column":null}},"type":"binary-expr","locations":[{"start":{"line":175,"column":9},"end":{"line":175,"column":26}},{"start":{"line":175,"column":26},"end":{"line":175,"column":null}}],"line":175}},"s":{"0":2,"1":6,"2":6,"3":1,"4":5,"5":2,"6":4,"7":3,"8":3,"9":3,"10":1,"11":0,"12":0,"13":0,"14":0,"15":1,"16":1,"17":2,"18":3,"19":3,"20":1,"21":2,"22":1,"23":2,"24":1,"25":2,"26":4,"27":4,"28":2,"29":0,"30":2,"31":3,"32":1,"33":1,"34":1,"35":1,"36":0,"37":1,"38":1,"39":1,"40":1,"41":1,"42":1,"43":1,"44":1,"45":0,"46":2,"47":2,"48":2,"49":2,"50":3,"51":2,"52":2,"53":3,"54":3,"55":1,"56":1,"57":2,"58":2,"59":1,"60":1,"61":1,"62":1,"63":0,"64":1,"65":1,"66":0,"67":1,"68":1,"69":0,"70":1,"71":1},"f":{"0":6,"1":4,"2":0,"3":1,"4":1,"5":3,"6":2},"b":{"0":[6,2],"1":[2,0],"2":[1,5],"3":[3,1],"4":[4,4],"5":[0,1],"6":[0,0],"7":[2,0],"8":[1,2],"9":[1,1],"10":[2,1],"11":[2,0],"12":[1,2],"13":[3,3],"14":[0,1],"15":[1,0],"16":[1,1],"17":[1,0],"18":[0,0],"19":[0,2],"20":[2,0],"21":[2,0],"22":[3,0],"23":[1,1],"24":[2,2],"25":[0,1],"26":[0,0],"27":[0,1],"28":[1,0]},"meta":{"lastBranch":29,"lastFunction":7,"lastStatement":72,"seen":{"s:5:14:10:Infinity":0,"f:5:14:5:15":0,"s:7:14:7:Infinity":1,"b:7:14:7:30:7:30:7:Infinity":0,"b:7:63:7:85:7:85:7:Infinity":1,"b:8:2:8:Infinity:undefined:undefined:undefined:undefined":2,"s:8:2:8:Infinity":2,"s:8:12:8:Infinity":3,"s:9:2:9:Infinity":4,"s:12:40:75:Infinity":5,"f:12:40:12:47":1,"b:15:2:40:Infinity:undefined:undefined:undefined:undefined":3,"s:15:2:40:Infinity":6,"b:15:6:15:18:15:18:15:27":4,"s:16:4:39:Infinity":7,"s:17:26:17:Infinity":8,"s:19:23:27:Infinity":9,"b:29:6:33:Infinity:undefined:undefined:undefined:undefined":5,"s:29:6:33:Infinity":10,"s:30:24:30:Infinity":11,"f:30:52:30:59":2,"s:30:59:30:62":12,"s:31:8:31:Infinity":13,"s:32:8:32:Infinity":14,"b:32:24:32:41:32:41:32:73":6,"s:35:19:35:Infinity":15,"s:36:6:36:Infinity":16,"s:38:6:38:Infinity":17,"b:38:62:38:75:38:75:38:76":7,"s:42:13:42:Infinity":18,"b:43:2:43:Infinity:undefined:undefined:undefined:undefined":8,"s:43:2:43:Infinity":19,"s:43:11:43:Infinity":20,"s:45:25:45:Infinity":21,"f:45:38:45:43":3,"s:45:43:45:62":22,"s:46:22:48:Infinity":23,"f:46:41:46:Infinity":4,"s:47:4:47:Infinity":24,"b:47:57:47:79:47:79:47:81":9,"s:50:17:63:Infinity":25,"b:63:6:63:21:63:21:63:57":10,"s:66:2:74:Infinity":26,"s:67:21:70:Infinity":27,"s:71:4:71:Infinity":28,"b:71:11:71:28:71:28:71:Infinity":11,"s:73:4:73:Infinity":29,"s:77:42:138:Infinity":30,"f:77:42:77:49":5,"b:78:2:112:Infinity:undefined:undefined:undefined:undefined":12,"s:78:2:112:Infinity":31,"b:78:6:78:18:78:18:78:27":13,"s:79:4:111:Infinity":32,"s:80:26:80:Infinity":33,"s:82:23:90:Infinity":34,"b:92:6:94:Infinity:undefined:undefined:undefined:undefined":14,"s:92:6:94:Infinity":35,"s:93:8:93:Infinity":36,"s:96:19:96:Infinity":37,"s:100:20:100:Infinity":38,"s:101:24:101:Infinity":39,"s:102:22:102:Infinity":40,"b:103:6:105:Infinity:undefined:undefined:undefined:undefined":15,"s:103:6:105:Infinity":41,"b:103:10:103:30:103:30:103:46":16,"s:104:8:104:Infinity":42,"s:107:19:107:Infinity":43,"s:108:6:108:Infinity":44,"b:108:13:108:31:108:31:108:Infinity":17,"s:110:6:110:Infinity":45,"b:110:62:110:75:110:75:110:76":18,"s:114:13:114:Infinity":46,"b:115:2:115:Infinity:undefined:undefined:undefined:undefined":19,"s:115:2:115:Infinity":47,"s:115:11:115:Infinity":48,"s:117:21:123:Infinity":49,"b:123:19:123:33:123:33:123:39":20,"s:126:19:129:Infinity":50,"s:130:2:137:Infinity":51,"s:131:10:131:Infinity":52,"b:131:21:131:38:131:38:131:42":21,"s:132:17:132:Infinity":53,"s:133:4:133:Infinity":54,"b:133:11:133:29:133:29:133:Infinity":22,"s:135:4:135:Infinity":55,"s:136:4:136:Infinity":56,"s:142:32:176:Infinity":57,"f:142:32:142:39":6,"b:143:2:166:Infinity:undefined:undefined:undefined:undefined":23,"s:143:2:166:Infinity":58,"b:143:6:143:18:143:18:143:27":24,"s:144:4:165:Infinity":59,"s:145:26:145:Infinity":60,"s:147:23:155:Infinity":61,"b:157:6:159:Infinity:undefined:undefined:undefined:undefined":25,"s:157:6:159:Infinity":62,"s:158:8:158:Infinity":63,"s:161:19:161:Infinity":64,"s:162:6:162:Infinity":65,"s:164:6:164:Infinity":66,"b:164:62:164:75:164:75:164:76":26,"s:168:13:168:Infinity":67,"b:169:2:169:Infinity:undefined:undefined:undefined:undefined":27,"s:169:2:169:Infinity":68,"s:169:11:169:Infinity":69,"s:171:19:174:Infinity":70,"s:175:2:175:Infinity":71,"b:175:9:175:26:175:26:175:Infinity":28}}}
}
